#
# There is insufficient memory for the Java Runtime Environment to continue.
# Native memory allocation (malloc) failed to allocate 842896 bytes for Chunk::new
# Possible reasons:
#   The system is out of physical RAM or swap space
#   The process is running with CompressedOops enabled, and the Java Heap may be blocking the growth of the native heap
# Possible solutions:
#   Reduce memory load on the system
#   Increase physical memory or swap space
#   Check if swap backing store is full
#   Decrease Java heap size (-Xmx/-Xms)
#   Decrease number of Java threads
#   Decrease Java thread stack sizes (-Xss)
#   Set larger code cache with -XX:ReservedCodeCacheSize=
#   JVM is running with Unscaled Compressed Oops mode in which the Java heap is
#     placed in the first 4GB address space. The Java Heap base address is the
#     maximum limit for the native heap growth. Please use -XX:HeapBaseMinAddress
#     to set the Java Heap base and to place the Java Heap above 4GB virtual address.
# This output file may be truncated or incomplete.
#
#  Out of Memory Error (./src/hotspot/share/memory/arena.cpp:197), pid=18572, tid=6056
#
# JRE version: OpenJDK Runtime Environment (11.0.11+9) (build 11.0.11+9-b60-7590822)
# Java VM: OpenJDK 64-Bit Server VM (11.0.11+9-b60-7590822, mixed mode, tiered, compressed oops, g1 gc, windows-amd64)
# No core dump will be written. Minidumps are not enabled by default on client versions of Windows
#

---------------  S U M M A R Y ------------

Command Line: --add-opens=java.base/java.util=ALL-UNNAMED --add-opens=java.base/java.lang=ALL-UNNAMED --add-opens=java.base/java.lang.invoke=ALL-UNNAMED --add-opens=java.base/java.util=ALL-UNNAMED --add-opens=java.prefs/java.util.prefs=ALL-UNNAMED --add-opens=java.prefs/java.util.prefs=ALL-UNNAMED --add-opens=java.base/java.nio.charset=ALL-UNNAMED --add-opens=java.base/java.net=ALL-UNNAMED --add-opens=java.base/java.util.concurrent.atomic=ALL-UNNAMED -Xmx2048m -Dfile.encoding=UTF-8 -Duser.country=US -Duser.language=en -Duser.variant org.gradle.launcher.daemon.bootstrap.GradleDaemon 7.2

Host: Intel(R) Core(TM) i5-8250U CPU @ 1.60GHz, 8 cores, 7G,  Windows 10 , 64 bit Build 22000 (10.0.22000.708)
Time: Fri Aug  5 14:53:29 2022 Bangladesh Standard Time elapsed time: 33.010691 seconds (0d 0h 0m 33s)

---------------  T H R E A D  ---------------

Current thread (0x000001b89e2ce000):  JavaThread "C2 CompilerThread0" daemon [_thread_in_native, id=6056, stack(0x0000003f0c700000,0x0000003f0c800000)]


Current CompileTask:
C2:  33010 14409       4       org.gradle.internal.snapshot.impl.DefaultValueSnapshotter::processValue (675 bytes)

Stack: [0x0000003f0c700000,0x0000003f0c800000]
Native frames: (J=compiled Java code, j=interpreted, Vv=VM code, C=native code)
V  [jvm.dll+0x5f214a]
V  [jvm.dll+0x726fb5]
V  [jvm.dll+0x7285cd]
V  [jvm.dll+0x728c83]
V  [jvm.dll+0x243278]
V  [jvm.dll+0xbc53c]
V  [jvm.dll+0xbca3c]
V  [jvm.dll+0x2b5c34]
V  [jvm.dll+0x508488]
V  [jvm.dll+0x203d53]
V  [jvm.dll+0x1fdbac]
V  [jvm.dll+0x1fb35f]
V  [jvm.dll+0x183d6c]
V  [jvm.dll+0x209a57]
V  [jvm.dll+0x2082a1]
V  [jvm.dll+0x6ef58f]
V  [jvm.dll+0x6e80b5]
V  [jvm.dll+0x5f1036]
C  [ucrtbase.dll+0x26c0c]
C  [KERNEL32.DLL+0x154e0]
C  [ntdll.dll+0x485b]


---------------  P R O C E S S  ---------------

Threads class SMR info:
_java_thread_list=0x000001b8a4353650, length=153, elements={
0x000001b8834d5000, 0x000001b89d947000, 0x000001b89d952000, 0x000001b89e2c4800,
0x000001b89e2c6000, 0x000001b89e2c7000, 0x000001b89e2ce000, 0x000001b89e2d2800,
0x000001b89d969000, 0x000001b89e420800, 0x000001b8a0c7e800, 0x000001b8a0c7b000,
0x000001b8a0c7c000, 0x000001b8a0c7a000, 0x000001b8a0c7d800, 0x000001b8a0c78800,
0x000001b8a0c7c800, 0x000001b8a0c79800, 0x000001b8a0c7f000, 0x000001b8a0df2000,
0x000001b8a0df6800, 0x000001b8a0df5800, 0x000001b8a0df0800, 0x000001b8a0df4800,
0x000001b8a0df3000, 0x000001b8a0df7000, 0x000001b8a0df1800, 0x000001b8a0df8000,
0x000001b8a0df9000, 0x000001b8a0df9800, 0x000001b8a0dfd800, 0x000001b8a0dfe800,
0x000001b8a0dfa800, 0x000001b8a0dfb000, 0x000001b8a0dfc000, 0x000001b8a0dfd000,
0x000001b8a1b4d800, 0x000001b8a1b50000, 0x000001b8a1b4c000, 0x000001b8a1b4f800,
0x000001b8a1b4d000, 0x000001b8a1b51000, 0x000001b8a1b4e800, 0x000001b8a1b4b800,
0x000001b8a1b52000, 0x000001b8a1d6e000, 0x000001b8a1d72000, 0x000001b8a1d6e800,
0x000001b8a1d6f800, 0x000001b8a1d71000, 0x000001b8a1d70800, 0x000001b8a1d73000,
0x000001b8a1d6d000, 0x000001b8a1d78800, 0x000001b8a1d75000, 0x000001b8a1d77800,
0x000001b8a1d74800, 0x000001b8a1d76000, 0x000001b8a1d77000, 0x000001b8a1d79800,
0x000001b8a1d73800, 0x000001b8a1d7a000, 0x000001b8a1d7b000, 0x000001b8a1d7c000,
0x000001b8a57f4000, 0x000001b8a57f2800, 0x000001b8a57f3000, 0x000001b8a57f1800,
0x000001b8a57f5000, 0x000001b8a57f5800, 0x000001b8a57f0000, 0x000001b8a57f6800,
0x000001b8a57f0800, 0x000001b8a57f9000, 0x000001b8a57f8000, 0x000001b8a57fb800,
0x000001b8a57f7800, 0x000001b8a57fc000, 0x000001b8a57fe800, 0x000001b8a57f9800,
0x000001b8a57fa800, 0x000001b8a57fd000, 0x000001b8a57fe000, 0x000001b8a426f000,
0x000001b8a4273800, 0x000001b8a4275800, 0x000001b8a4270000, 0x000001b8a4271000,
0x000001b8a4274000, 0x000001b8a4271800, 0x000001b8a4275000, 0x000001b8a4276800,
0x000001b8a4277800, 0x000001b8a4278000, 0x000001b8a4272800, 0x000001b8a427d000,
0x000001b8a427a000, 0x000001b8a427b800, 0x000001b8a427e000, 0x000001b8a4279000,
0x000001b8a427a800, 0x000001b8a427c000, 0x000001b8a5614000, 0x000001b8a5614800,
0x000001b8a5612800, 0x000001b8a5611800, 0x000001b8a5615800, 0x000001b8a5616800,
0x000001b8a5618000, 0x000001b8a5617000, 0x000001b8a5619000, 0x000001b8a5613000,
0x000001b8a561a800, 0x000001b8a561f800, 0x000001b8a561d000, 0x000001b8a561b800,
0x000001b8a561d800, 0x000001b8a561e800, 0x000001b8a561c000, 0x000001b8a5619800,
0x000001b8a5620000, 0x000001b8a41a0800, 0x000001b8a41a5800, 0x000001b8a41a3000,
0x000001b8a41a4800, 0x000001b8a41a2000, 0x000001b8a41a4000, 0x000001b8a41a6000,
0x000001b8a41a1800, 0x000001b8a042d800, 0x000001b8a0429800, 0x000001b8a042e000,
0x000001b8a0430800, 0x000001b8a0430000, 0x000001b8a042b000, 0x000001b8a0431800,
0x000001b8a3ce5800, 0x000001b8a042f000, 0x000001b8a042c800, 0x000001b8a042a000,
0x000001b8a042b800, 0x000001b8a0433000, 0x000001b8a0435800, 0x000001b8a0434800,
0x000001b8a0436800, 0x000001b8a0437000, 0x000001b8a0438000, 0x000001b8a0432000,
0x000001b8a0434000, 0x000001b8a5f25000, 0x000001b8a5f23000, 0x000001b8a5f21000,
0x000001b8a5f20000
}

Java Threads: ( => current thread )
  0x000001b8834d5000 JavaThread "main" [_thread_blocked, id=16836, stack(0x0000003f0bb00000,0x0000003f0bc00000)]
  0x000001b89d947000 JavaThread "Reference Handler" daemon [_thread_blocked, id=2368, stack(0x0000003f0c200000,0x0000003f0c300000)]
  0x000001b89d952000 JavaThread "Finalizer" daemon [_thread_blocked, id=16800, stack(0x0000003f0c300000,0x0000003f0c400000)]
  0x000001b89e2c4800 JavaThread "Signal Dispatcher" daemon [_thread_blocked, id=16524, stack(0x0000003f0c400000,0x0000003f0c500000)]
  0x000001b89e2c6000 JavaThread "Attach Listener" daemon [_thread_blocked, id=21348, stack(0x0000003f0c500000,0x0000003f0c600000)]
  0x000001b89e2c7000 JavaThread "Service Thread" daemon [_thread_blocked, id=17484, stack(0x0000003f0c600000,0x0000003f0c700000)]
=>0x000001b89e2ce000 JavaThread "C2 CompilerThread0" daemon [_thread_in_native, id=6056, stack(0x0000003f0c700000,0x0000003f0c800000)]
  0x000001b89e2d2800 JavaThread "C1 CompilerThread0" daemon [_thread_blocked, id=20068, stack(0x0000003f0c800000,0x0000003f0c900000)]
  0x000001b89d969000 JavaThread "Sweeper thread" daemon [_thread_blocked, id=16980, stack(0x0000003f0c900000,0x0000003f0ca00000)]
  0x000001b89e420800 JavaThread "Common-Cleaner" daemon [_thread_blocked, id=10604, stack(0x0000003f0ca00000,0x0000003f0cb00000)]
  0x000001b8a0c7e800 JavaThread "Daemon health stats" [_thread_blocked, id=21692, stack(0x0000003f0cf00000,0x0000003f0d000000)]
  0x000001b8a0c7b000 JavaThread "Incoming local TCP Connector on port 57403" [_thread_in_native, id=22176, stack(0x0000003f0cc00000,0x0000003f0cd00000)]
  0x000001b8a0c7c000 JavaThread "Daemon periodic checks" [_thread_blocked, id=9256, stack(0x0000003f0d000000,0x0000003f0d100000)]
  0x000001b8a0c7a000 JavaThread "Daemon" [_thread_blocked, id=6856, stack(0x0000003f0d100000,0x0000003f0d200000)]
  0x000001b8a0c7d800 JavaThread "Handler for socket connection from /127.0.0.1:57403 to /127.0.0.1:57404" [_thread_in_native, id=748, stack(0x0000003f0d200000,0x0000003f0d300000)]
  0x000001b8a0c78800 JavaThread "Cancel handler" [_thread_blocked, id=17400, stack(0x0000003f0d300000,0x0000003f0d400000)]
  0x000001b8a0c7c800 JavaThread "Daemon worker" [_thread_blocked, id=17312, stack(0x0000003f0d400000,0x0000003f0d500000)]
  0x000001b8a0c79800 JavaThread "Asynchronous log dispatcher for DefaultDaemonConnection: socket connection from /127.0.0.1:57403 to /127.0.0.1:57404" [_thread_blocked, id=3472, stack(0x0000003f0d500000,0x0000003f0d600000)]
  0x000001b8a0c7f000 JavaThread "Stdin handler" [_thread_blocked, id=4872, stack(0x0000003f0d600000,0x0000003f0d700000)]
  0x000001b8a0df2000 JavaThread "Daemon client event forwarder" [_thread_blocked, id=1548, stack(0x0000003f0d700000,0x0000003f0d800000)]
  0x000001b8a0df6800 JavaThread "Cache worker for journal cache (C:\Users\ASUS\.gradle\caches\journal-1)" [_thread_blocked, id=3952, stack(0x0000003f0dd00000,0x0000003f0de00000)]
  0x000001b8a0df5800 JavaThread "File lock request listener" [_thread_in_native, id=21676, stack(0x0000003f0de00000,0x0000003f0df00000)]
  0x000001b8a0df0800 JavaThread "Cache worker for file hash cache (C:\Users\ASUS\.gradle\caches\7.2\fileHashes)" [_thread_blocked, id=10664, stack(0x0000003f0df00000,0x0000003f0e000000)]
  0x000001b8a0df4800 JavaThread "Cache worker for file hash cache (C:\Users\ASUS\Applications\BMI_Calculator\.gradle\7.2\fileHashes)" [_thread_blocked, id=21032, stack(0x0000003f0e200000,0x0000003f0e300000)]
  0x000001b8a0df3000 JavaThread "File watcher server" daemon [_thread_in_native, id=17932, stack(0x0000003f0e300000,0x0000003f0e400000)]
  0x000001b8a0df7000 JavaThread "File watcher consumer" daemon [_thread_blocked, id=8784, stack(0x0000003f0e400000,0x0000003f0e500000)]
  0x000001b8a0df1800 JavaThread "Cache worker for checksums cache (C:\Users\ASUS\Applications\BMI_Calculator\.gradle\checksums)" [_thread_blocked, id=15060, stack(0x0000003f0e500000,0x0000003f0e600000)]
  0x000001b8a0df8000 JavaThread "Cache worker for cache directory md-supplier (C:\Users\ASUS\.gradle\caches\7.2\md-supplier)" [_thread_blocked, id=18304, stack(0x0000003f0e600000,0x0000003f0e700000)]
  0x000001b8a0df9000 JavaThread "Cache worker for cache directory md-rule (C:\Users\ASUS\.gradle\caches\7.2\md-rule)" [_thread_blocked, id=12540, stack(0x0000003f0e700000,0x0000003f0e800000)]
  0x000001b8a0df9800 JavaThread "Cache worker for execution history cache (C:\Users\ASUS\.gradle\caches\7.2\executionHistory)" [_thread_blocked, id=16548, stack(0x0000003f0e800000,0x0000003f0e900000)]
  0x000001b8a0dfd800 JavaThread "jar transforms" [_thread_blocked, id=19844, stack(0x0000003f0e900000,0x0000003f0ea00000)]
  0x000001b8a0dfe800 JavaThread "Cache worker for file content cache (C:\Users\ASUS\.gradle\caches\7.2\fileContent)" [_thread_blocked, id=15452, stack(0x0000003f0ea00000,0x0000003f0eb00000)]
  0x000001b8a0dfa800 JavaThread "jar transforms Thread 2" [_thread_blocked, id=896, stack(0x0000003f0eb00000,0x0000003f0ec00000)]
  0x000001b8a0dfb000 JavaThread "Cache worker for dependencies-accessors (C:\Users\ASUS\Applications\BMI_Calculator\.gradle\7.2\dependencies-accessors)" [_thread_blocked, id=18892, stack(0x0000003f0ec00000,0x0000003f0ed00000)]
  0x000001b8a0dfc000 JavaThread "jar transforms Thread 3" [_thread_blocked, id=10508, stack(0x0000003f0ed00000,0x0000003f0ee00000)]
  0x000001b8a0dfd000 JavaThread "Cache worker for Build Output Cleanup Cache (C:\Users\ASUS\Applications\BMI_Calculator\.gradle\buildOutputCleanup)" [_thread_blocked, id=16716, stack(0x0000003f0ee00000,0x0000003f0ef00000)]
  0x000001b8a1b4d800 JavaThread "Unconstrained build operations" [_thread_blocked, id=9412, stack(0x0000003f0ef00000,0x0000003f0f000000)]
  0x000001b8a1b50000 JavaThread "Unconstrained build operations Thread 2" [_thread_blocked, id=3056, stack(0x0000003f0f000000,0x0000003f0f100000)]
  0x000001b8a1b4c000 JavaThread "Unconstrained build operations Thread 3" [_thread_blocked, id=19064, stack(0x0000003f0f100000,0x0000003f0f200000)]
  0x000001b8a1b4f800 JavaThread "Unconstrained build operations Thread 4" [_thread_blocked, id=15164, stack(0x0000003f0f200000,0x0000003f0f300000)]
  0x000001b8a1b4d000 JavaThread "Unconstrained build operations Thread 5" [_thread_blocked, id=18124, stack(0x0000003f0f300000,0x0000003f0f400000)]
  0x000001b8a1b51000 JavaThread "Unconstrained build operations Thread 6" [_thread_blocked, id=12744, stack(0x0000003f0f400000,0x0000003f0f500000)]
  0x000001b8a1b4e800 JavaThread "Unconstrained build operations Thread 7" [_thread_blocked, id=19528, stack(0x0000003f0f500000,0x0000003f0f600000)]
  0x000001b8a1b4b800 JavaThread "Unconstrained build operations Thread 8" [_thread_blocked, id=14804, stack(0x0000003f0f600000,0x0000003f0f700000)]
  0x000001b8a1b52000 JavaThread "Unconstrained build operations Thread 9" [_thread_blocked, id=18776, stack(0x0000003f0f700000,0x0000003f0f800000)]
  0x000001b8a1d6e000 JavaThread "Unconstrained build operations Thread 10" [_thread_blocked, id=5204, stack(0x0000003f0f800000,0x0000003f0f900000)]
  0x000001b8a1d72000 JavaThread "Unconstrained build operations Thread 11" [_thread_blocked, id=18364, stack(0x0000003f0f900000,0x0000003f0fa00000)]
  0x000001b8a1d6e800 JavaThread "Unconstrained build operations Thread 12" [_thread_blocked, id=18412, stack(0x0000003f0fa00000,0x0000003f0fb00000)]
  0x000001b8a1d6f800 JavaThread "Unconstrained build operations Thread 13" [_thread_blocked, id=948, stack(0x0000003f0fb00000,0x0000003f0fc00000)]
  0x000001b8a1d71000 JavaThread "Unconstrained build operations Thread 14" [_thread_blocked, id=19460, stack(0x0000003f0fc00000,0x0000003f0fd00000)]
  0x000001b8a1d70800 JavaThread "Unconstrained build operations Thread 15" [_thread_blocked, id=3080, stack(0x0000003f0fd00000,0x0000003f0fe00000)]
  0x000001b8a1d73000 JavaThread "Unconstrained build operations Thread 16" [_thread_blocked, id=2216, stack(0x0000003f0fe00000,0x0000003f0ff00000)]
  0x000001b8a1d6d000 JavaThread "Unconstrained build operations Thread 17" [_thread_blocked, id=6452, stack(0x0000003f0ff00000,0x0000003f10000000)]
  0x000001b8a1d78800 JavaThread "Unconstrained build operations Thread 18" [_thread_blocked, id=17084, stack(0x0000003f10000000,0x0000003f10100000)]
  0x000001b8a1d75000 JavaThread "Unconstrained build operations Thread 19" [_thread_blocked, id=2364, stack(0x0000003f10100000,0x0000003f10200000)]
  0x000001b8a1d77800 JavaThread "Unconstrained build operations Thread 20" [_thread_blocked, id=16880, stack(0x0000003f10200000,0x0000003f10300000)]
  0x000001b8a1d74800 JavaThread "Unconstrained build operations Thread 21" [_thread_blocked, id=12120, stack(0x0000003f10300000,0x0000003f10400000)]
  0x000001b8a1d76000 JavaThread "Unconstrained build operations Thread 22" [_thread_blocked, id=11324, stack(0x0000003f10400000,0x0000003f10500000)]
  0x000001b8a1d77000 JavaThread "Unconstrained build operations Thread 23" [_thread_blocked, id=20844, stack(0x0000003f10500000,0x0000003f10600000)]
  0x000001b8a1d79800 JavaThread "Unconstrained build operations Thread 24" [_thread_blocked, id=3224, stack(0x0000003f10600000,0x0000003f10700000)]
  0x000001b8a1d73800 JavaThread "Unconstrained build operations Thread 25" [_thread_blocked, id=1408, stack(0x0000003f10700000,0x0000003f10800000)]
  0x000001b8a1d7a000 JavaThread "Unconstrained build operations Thread 26" [_thread_blocked, id=17476, stack(0x0000003f10800000,0x0000003f10900000)]
  0x000001b8a1d7b000 JavaThread "Unconstrained build operations Thread 27" [_thread_blocked, id=21544, stack(0x0000003f10900000,0x0000003f10a00000)]
  0x000001b8a1d7c000 JavaThread "Unconstrained build operations Thread 28" [_thread_blocked, id=19876, stack(0x0000003f10a00000,0x0000003f10b00000)]
  0x000001b8a57f4000 JavaThread "Unconstrained build operations Thread 29" [_thread_blocked, id=14808, stack(0x0000003f10b00000,0x0000003f10c00000)]
  0x000001b8a57f2800 JavaThread "Unconstrained build operations Thread 30" [_thread_blocked, id=16448, stack(0x0000003f10c00000,0x0000003f10d00000)]
  0x000001b8a57f3000 JavaThread "Unconstrained build operations Thread 31" [_thread_blocked, id=632, stack(0x0000003f10d00000,0x0000003f10e00000)]
  0x000001b8a57f1800 JavaThread "Unconstrained build operations Thread 32" [_thread_blocked, id=12616, stack(0x0000003f10e00000,0x0000003f10f00000)]
  0x000001b8a57f5000 JavaThread "Unconstrained build operations Thread 33" [_thread_blocked, id=17000, stack(0x0000003f10f00000,0x0000003f11000000)]
  0x000001b8a57f5800 JavaThread "Unconstrained build operations Thread 34" [_thread_blocked, id=16420, stack(0x0000003f11000000,0x0000003f11100000)]
  0x000001b8a57f0000 JavaThread "Unconstrained build operations Thread 35" [_thread_blocked, id=16932, stack(0x0000003f11100000,0x0000003f11200000)]
  0x000001b8a57f6800 JavaThread "Unconstrained build operations Thread 36" [_thread_blocked, id=20456, stack(0x0000003f11200000,0x0000003f11300000)]
  0x000001b8a57f0800 JavaThread "Unconstrained build operations Thread 37" [_thread_blocked, id=18840, stack(0x0000003f11300000,0x0000003f11400000)]
  0x000001b8a57f9000 JavaThread "Unconstrained build operations Thread 38" [_thread_blocked, id=14896, stack(0x0000003f11400000,0x0000003f11500000)]
  0x000001b8a57f8000 JavaThread "Unconstrained build operations Thread 39" [_thread_blocked, id=19288, stack(0x0000003f11500000,0x0000003f11600000)]
  0x000001b8a57fb800 JavaThread "Unconstrained build operations Thread 40" [_thread_blocked, id=19572, stack(0x0000003f11600000,0x0000003f11700000)]
  0x000001b8a57f7800 JavaThread "Unconstrained build operations Thread 41" [_thread_blocked, id=22496, stack(0x0000003f11700000,0x0000003f11800000)]
  0x000001b8a57fc000 JavaThread "Unconstrained build operations Thread 42" [_thread_blocked, id=14732, stack(0x0000003f11800000,0x0000003f11900000)]
  0x000001b8a57fe800 JavaThread "Unconstrained build operations Thread 43" [_thread_blocked, id=15684, stack(0x0000003f11900000,0x0000003f11a00000)]
  0x000001b8a57f9800 JavaThread "Unconstrained build operations Thread 44" [_thread_blocked, id=7976, stack(0x0000003f11a00000,0x0000003f11b00000)]
  0x000001b8a57fa800 JavaThread "Unconstrained build operations Thread 45" [_thread_blocked, id=20704, stack(0x0000003f11b00000,0x0000003f11c00000)]
  0x000001b8a57fd000 JavaThread "Unconstrained build operations Thread 46" [_thread_blocked, id=14468, stack(0x0000003f11c00000,0x0000003f11d00000)]
  0x000001b8a57fe000 JavaThread "Unconstrained build operations Thread 47" [_thread_blocked, id=22472, stack(0x0000003f11d00000,0x0000003f11e00000)]
  0x000001b8a426f000 JavaThread "Unconstrained build operations Thread 48" [_thread_blocked, id=8636, stack(0x0000003f11e00000,0x0000003f11f00000)]
  0x000001b8a4273800 JavaThread "Unconstrained build operations Thread 49" [_thread_blocked, id=16008, stack(0x0000003f11f00000,0x0000003f12000000)]
  0x000001b8a4275800 JavaThread "Unconstrained build operations Thread 50" [_thread_blocked, id=1736, stack(0x0000003f12000000,0x0000003f12100000)]
  0x000001b8a4270000 JavaThread "Unconstrained build operations Thread 51" [_thread_blocked, id=10656, stack(0x0000003f12100000,0x0000003f12200000)]
  0x000001b8a4271000 JavaThread "Unconstrained build operations Thread 52" [_thread_blocked, id=17816, stack(0x0000003f12200000,0x0000003f12300000)]
  0x000001b8a4274000 JavaThread "Unconstrained build operations Thread 53" [_thread_blocked, id=19140, stack(0x0000003f12300000,0x0000003f12400000)]
  0x000001b8a4271800 JavaThread "Unconstrained build operations Thread 54" [_thread_blocked, id=17256, stack(0x0000003f12400000,0x0000003f12500000)]
  0x000001b8a4275000 JavaThread "Unconstrained build operations Thread 55" [_thread_blocked, id=20912, stack(0x0000003f12500000,0x0000003f12600000)]
  0x000001b8a4276800 JavaThread "Unconstrained build operations Thread 56" [_thread_blocked, id=17516, stack(0x0000003f12600000,0x0000003f12700000)]
  0x000001b8a4277800 JavaThread "Unconstrained build operations Thread 57" [_thread_blocked, id=15304, stack(0x0000003f12700000,0x0000003f12800000)]
  0x000001b8a4278000 JavaThread "Unconstrained build operations Thread 58" [_thread_blocked, id=12772, stack(0x0000003f12800000,0x0000003f12900000)]
  0x000001b8a4272800 JavaThread "Unconstrained build operations Thread 59" [_thread_blocked, id=20376, stack(0x0000003f12900000,0x0000003f12a00000)]
  0x000001b8a427d000 JavaThread "Unconstrained build operations Thread 60" [_thread_blocked, id=13832, stack(0x0000003f12a00000,0x0000003f12b00000)]
  0x000001b8a427a000 JavaThread "Unconstrained build operations Thread 61" [_thread_blocked, id=20180, stack(0x0000003f12b00000,0x0000003f12c00000)]
  0x000001b8a427b800 JavaThread "Unconstrained build operations Thread 62" [_thread_blocked, id=6500, stack(0x0000003f12c00000,0x0000003f12d00000)]
  0x000001b8a427e000 JavaThread "Unconstrained build operations Thread 63" [_thread_blocked, id=21736, stack(0x0000003f12d00000,0x0000003f12e00000)]
  0x000001b8a4279000 JavaThread "Unconstrained build operations Thread 64" [_thread_blocked, id=14708, stack(0x0000003f12e00000,0x0000003f12f00000)]
  0x000001b8a427a800 JavaThread "Unconstrained build operations Thread 65" [_thread_blocked, id=8148, stack(0x0000003f12f00000,0x0000003f13000000)]
  0x000001b8a427c000 JavaThread "Unconstrained build operations Thread 66" [_thread_blocked, id=20840, stack(0x0000003f13000000,0x0000003f13100000)]
  0x000001b8a5614000 JavaThread "Unconstrained build operations Thread 67" [_thread_blocked, id=7208, stack(0x0000003f13100000,0x0000003f13200000)]
  0x000001b8a5614800 JavaThread "Unconstrained build operations Thread 68" [_thread_blocked, id=7188, stack(0x0000003f13200000,0x0000003f13300000)]
  0x000001b8a5612800 JavaThread "Unconstrained build operations Thread 69" [_thread_blocked, id=1720, stack(0x0000003f13300000,0x0000003f13400000)]
  0x000001b8a5611800 JavaThread "Unconstrained build operations Thread 70" [_thread_blocked, id=4288, stack(0x0000003f13400000,0x0000003f13500000)]
  0x000001b8a5615800 JavaThread "Unconstrained build operations Thread 71" [_thread_blocked, id=14516, stack(0x0000003f13500000,0x0000003f13600000)]
  0x000001b8a5616800 JavaThread "Unconstrained build operations Thread 72" [_thread_blocked, id=14628, stack(0x0000003f13600000,0x0000003f13700000)]
  0x000001b8a5618000 JavaThread "Unconstrained build operations Thread 73" [_thread_blocked, id=11796, stack(0x0000003f13700000,0x0000003f13800000)]
  0x000001b8a5617000 JavaThread "Unconstrained build operations Thread 74" [_thread_blocked, id=14396, stack(0x0000003f13800000,0x0000003f13900000)]
  0x000001b8a5619000 JavaThread "Unconstrained build operations Thread 75" [_thread_blocked, id=17028, stack(0x0000003f13900000,0x0000003f13a00000)]
  0x000001b8a5613000 JavaThread "Unconstrained build operations Thread 76" [_thread_blocked, id=18244, stack(0x0000003f13a00000,0x0000003f13b00000)]
  0x000001b8a561a800 JavaThread "Unconstrained build operations Thread 77" [_thread_blocked, id=6440, stack(0x0000003f13b00000,0x0000003f13c00000)]
  0x000001b8a561f800 JavaThread "Unconstrained build operations Thread 78" [_thread_blocked, id=5960, stack(0x0000003f13c00000,0x0000003f13d00000)]
  0x000001b8a561d000 JavaThread "Unconstrained build operations Thread 79" [_thread_blocked, id=19128, stack(0x0000003f13d00000,0x0000003f13e00000)]
  0x000001b8a561b800 JavaThread "Unconstrained build operations Thread 80" [_thread_blocked, id=8416, stack(0x0000003f13e00000,0x0000003f13f00000)]
  0x000001b8a561d800 JavaThread "jar transforms Thread 4" [_thread_blocked, id=2836, stack(0x0000003f0e100000,0x0000003f0e200000)]
  0x000001b8a561e800 JavaThread "jar transforms Thread 5" [_thread_blocked, id=5360, stack(0x0000003f13f00000,0x0000003f14000000)]
  0x000001b8a561c000 JavaThread "jar transforms Thread 6" [_thread_blocked, id=19680, stack(0x0000003f14000000,0x0000003f14100000)]
  0x000001b8a5619800 JavaThread "jar transforms Thread 7" [_thread_blocked, id=2976, stack(0x0000003f14100000,0x0000003f14200000)]
  0x000001b8a5620000 JavaThread "jar transforms Thread 8" [_thread_blocked, id=1480, stack(0x0000003f14200000,0x0000003f14300000)]
  0x000001b8a41a0800 JavaThread "Memory manager" [_thread_blocked, id=5460, stack(0x0000003f14400000,0x0000003f14500000)]
  0x000001b8a41a5800 JavaThread "build event listener" [_thread_blocked, id=6036, stack(0x0000003f14500000,0x0000003f14600000)]
  0x000001b8a41a3000 JavaThread "Execution worker for ':'" [_thread_blocked, id=3328, stack(0x0000003f14600000,0x0000003f14700000)]
  0x000001b8a41a4800 JavaThread "Execution worker for ':' Thread 2" [_thread_blocked, id=20016, stack(0x0000003f14700000,0x0000003f14800000)]
  0x000001b8a41a2000 JavaThread "Execution worker for ':' Thread 3" [_thread_blocked, id=5884, stack(0x0000003f14800000,0x0000003f14900000)]
  0x000001b8a41a4000 JavaThread "Execution worker for ':' Thread 4" [_thread_blocked, id=15052, stack(0x0000003f14900000,0x0000003f14a00000)]
  0x000001b8a41a6000 JavaThread "Execution worker for ':' Thread 5" [_thread_blocked, id=14120, stack(0x0000003f14a00000,0x0000003f14b00000)]
  0x000001b8a41a1800 JavaThread "Execution worker for ':' Thread 6" [_thread_blocked, id=8916, stack(0x0000003f14b00000,0x0000003f14c00000)]
  0x000001b8a042d800 JavaThread "Execution worker for ':' Thread 7" [_thread_blocked, id=11244, stack(0x0000003f14c00000,0x0000003f14d00000)]
  0x000001b8a0429800 JavaThread "Cache worker for execution history cache (C:\Users\ASUS\Applications\BMI_Calculator\.gradle\7.2\executionHistory)" [_thread_blocked, id=8652, stack(0x0000003f14d00000,0x0000003f14e00000)]
  0x000001b8a042e000 JavaThread "WorkerExecutor Queue Thread 2" [_thread_in_Java, id=13476, stack(0x0000003f15000000,0x0000003f15100000)]
  0x000001b8a0430800 JavaThread "WorkerExecutor Queue Thread 4" [_thread_blocked, id=16820, stack(0x0000003f15200000,0x0000003f15300000)]
  0x000001b8a0430000 JavaThread "pool-3-thread-1" [_thread_blocked, id=21204, stack(0x0000003f15300000,0x0000003f15400000)]
  0x000001b8a042b000 JavaThread "stderr" [_thread_in_native, id=9640, stack(0x0000003f15400000,0x0000003f15500000)]
  0x000001b8a0431800 JavaThread "stdout" [_thread_in_native, id=18456, stack(0x0000003f15500000,0x0000003f15600000)]
  0x000001b8a3ce5800 JavaThread "C2 CompilerThread1" daemon [_thread_in_native, id=8520, stack(0x0000003f14300000,0x0000003f14400000)]
  0x000001b8a042f000 JavaThread "Cache worker for Java compile cache (C:\Users\ASUS\.gradle\caches\7.2\javaCompile)" [_thread_blocked, id=14584, stack(0x0000003f14f00000,0x0000003f15000000)]
  0x000001b8a042c800 JavaThread "Build operations" [_thread_blocked, id=21396, stack(0x0000003f15100000,0x0000003f15200000)]
  0x000001b8a042a000 JavaThread "Build operations Thread 2" [_thread_blocked, id=15348, stack(0x0000003f15600000,0x0000003f15700000)]
  0x000001b8a042b800 JavaThread "Build operations Thread 3" [_thread_blocked, id=13184, stack(0x0000003f15700000,0x0000003f15800000)]
  0x000001b8a0433000 JavaThread "Build operations Thread 4" [_thread_blocked, id=22300, stack(0x0000003f15800000,0x0000003f15900000)]
  0x000001b8a0435800 JavaThread "Build operations Thread 5" [_thread_blocked, id=12852, stack(0x0000003f15900000,0x0000003f15a00000)]
  0x000001b8a0434800 JavaThread "Build operations Thread 6" [_thread_blocked, id=7304, stack(0x0000003f15a00000,0x0000003f15b00000)]
  0x000001b8a0436800 JavaThread "Build operations Thread 7" [_thread_blocked, id=8944, stack(0x0000003f15b00000,0x0000003f15c00000)]
  0x000001b8a0437000 JavaThread "Build operations Thread 8" [_thread_blocked, id=18024, stack(0x0000003f15c00000,0x0000003f15d00000)]
  0x000001b8a0438000 JavaThread "WorkerExecutor Queue Thread 5" [_thread_blocked, id=10460, stack(0x0000003f15d00000,0x0000003f15e00000)]
  0x000001b8a0432000 JavaThread "WorkerExecutor Queue Thread 6" [_thread_blocked, id=16204, stack(0x0000003f15e00000,0x0000003f15f00000)]
  0x000001b8a0434000 JavaThread "WorkerExecutor Queue Thread 7" [_thread_blocked, id=5772, stack(0x0000003f15f00000,0x0000003f16000000)]
  0x000001b8a5f25000 JavaThread "WorkerExecutor Queue Thread 8" [_thread_blocked, id=16872, stack(0x0000003f16000000,0x0000003f16100000)]
  0x000001b8a5f23000 JavaThread "WorkerExecutor Queue Thread 9" [_thread_blocked, id=17996, stack(0x0000003f16100000,0x0000003f16200000)]
  0x000001b8a5f21000 JavaThread "WorkerExecutor Queue Thread 10" [_thread_blocked, id=7652, stack(0x0000003f16200000,0x0000003f16300000)]
  0x000001b8a5f20000 JavaThread "WorkerExecutor Queue Thread 12" [_thread_blocked, id=19332, stack(0x0000003f16300000,0x0000003f16400000)]

Other Threads:
  0x000001b89d943000 VMThread "VM Thread" [stack: 0x0000003f0c100000,0x0000003f0c200000] [id=17576]
  0x000001b89e48d800 WatcherThread [stack: 0x0000003f0cb00000,0x0000003f0cc00000] [id=1808]
  0x000001b8834eb800 GCTaskThread "GC Thread#0" [stack: 0x0000003f0bc00000,0x0000003f0bd00000] [id=9952]
  0x000001b89eaca000 GCTaskThread "GC Thread#1" [stack: 0x0000003f0cd00000,0x0000003f0ce00000] [id=2288]
  0x000001b89ef27000 GCTaskThread "GC Thread#2" [stack: 0x0000003f0ce00000,0x0000003f0cf00000] [id=3216]
  0x000001b8a0720000 GCTaskThread "GC Thread#3" [stack: 0x0000003f0d800000,0x0000003f0d900000] [id=8812]
  0x000001b89fbc6800 GCTaskThread "GC Thread#4" [stack: 0x0000003f0d900000,0x0000003f0da00000] [id=19072]
  0x000001b8a0662000 GCTaskThread "GC Thread#5" [stack: 0x0000003f0da00000,0x0000003f0db00000] [id=4356]
  0x000001b8a0662800 GCTaskThread "GC Thread#6" [stack: 0x0000003f0db00000,0x0000003f0dc00000] [id=17364]
  0x000001b8a0cec800 GCTaskThread "GC Thread#7" [stack: 0x0000003f0dc00000,0x0000003f0dd00000] [id=15832]
  0x000001b88351b000 ConcurrentGCThread "G1 Main Marker" [stack: 0x0000003f0bd00000,0x0000003f0be00000] [id=18960]
  0x000001b88351c800 ConcurrentGCThread "G1 Conc#0" [stack: 0x0000003f0be00000,0x0000003f0bf00000] [id=15196]
  0x000001b89fa49000 ConcurrentGCThread "G1 Conc#1" [stack: 0x0000003f0e000000,0x0000003f0e100000] [id=14972]
  0x000001b89d792800 ConcurrentGCThread "G1 Refine#0" [stack: 0x0000003f0bf00000,0x0000003f0c000000] [id=20340]
  0x000001b8a58d2000 ConcurrentGCThread "G1 Refine#1" [stack: 0x0000003f14e00000,0x0000003f14f00000] [id=21044]
  0x000001b89d793000 ConcurrentGCThread "G1 Young RemSet Sampling" [stack: 0x0000003f0c000000,0x0000003f0c100000] [id=17092]

Threads with active compile tasks:
C2 CompilerThread0  33112 14409       4       org.gradle.internal.snapshot.impl.DefaultValueSnapshotter::processValue (675 bytes)
C1 CompilerThread0  33112 14656       2       com.android.tools.r8.dex.S::b (29 bytes)
C2 CompilerThread1  33112 14386 %     4       org.gradle.internal.instantiation.generator.AbstractClassGenerator::inspectType @ 250 (560 bytes)

VM state:not at safepoint (normal execution)

VM Mutex/Monitor currently owned by a thread: None

Heap address: 0x0000000080000000, size: 2048 MB, Compressed Oops mode: 32-bit
Narrow klass base: 0x0000000000000000, Narrow klass shift: 3
Compressed class space size: 1073741824 Address: 0x0000000100000000

Heap:
 garbage-first heap   total 189440K, used 116429K [0x0000000080000000, 0x0000000100000000)
  region size 1024K, 24 young (24576K), 3 survivors (3072K)
 Metaspace       used 107774K, capacity 110574K, committed 111692K, reserved 1144832K
  class space    used 13896K, capacity 14968K, committed 15436K, reserved 1048576K
Heap Regions: E=young(eden), S=young(survivor), O=old, HS=humongous(starts), HC=humongous(continues), CS=collection set, F=free, A=archive, TAMS=top-at-mark-start (previous, next)
|   0|0x0000000080000000, 0x0000000080100000, 0x0000000080100000|100%| O|  |TAMS 0x0000000080100000, 0x0000000080000000| Complete 
|   1|0x0000000080100000, 0x0000000080200000, 0x0000000080200000|100%| O|  |TAMS 0x0000000080200000, 0x0000000080100000| Untracked 
|   2|0x0000000080200000, 0x0000000080300000, 0x0000000080300000|100%| O|  |TAMS 0x0000000080300000, 0x0000000080200000| Untracked 
|   3|0x0000000080300000, 0x0000000080400000, 0x0000000080400000|100%|HS|  |TAMS 0x0000000080400000, 0x0000000080300000| Complete 
|   4|0x0000000080400000, 0x0000000080500000, 0x0000000080500000|100%|HC|  |TAMS 0x0000000080500000, 0x0000000080400000| Complete 
|   5|0x0000000080500000, 0x0000000080600000, 0x0000000080600000|100%|HC|  |TAMS 0x0000000080600000, 0x0000000080500000| Complete 
|   6|0x0000000080600000, 0x0000000080700000, 0x0000000080700000|100%| O|  |TAMS 0x0000000080700000, 0x0000000080600000| Untracked 
|   7|0x0000000080700000, 0x0000000080800000, 0x0000000080800000|100%| O|  |TAMS 0x0000000080800000, 0x0000000080700000| Untracked 
|   8|0x0000000080800000, 0x0000000080900000, 0x0000000080900000|100%| O|  |TAMS 0x0000000080900000, 0x0000000080800000| Untracked 
|   9|0x0000000080900000, 0x0000000080a00000, 0x0000000080a00000|100%| O|  |TAMS 0x0000000080a00000, 0x0000000080900000| Untracked 
|  10|0x0000000080a00000, 0x0000000080b00000, 0x0000000080b00000|100%| O|  |TAMS 0x0000000080b00000, 0x0000000080a00000| Untracked 
|  11|0x0000000080b00000, 0x0000000080c00000, 0x0000000080c00000|100%| O|  |TAMS 0x0000000080c00000, 0x0000000080b00000| Untracked 
|  12|0x0000000080c00000, 0x0000000080d00000, 0x0000000080d00000|100%| O|  |TAMS 0x0000000080d00000, 0x0000000080c00000| Complete 
|  13|0x0000000080d00000, 0x0000000080e00000, 0x0000000080e00000|100%| O|  |TAMS 0x0000000080e00000, 0x0000000080d00000| Untracked 
|  14|0x0000000080e00000, 0x0000000080f00000, 0x0000000080f00000|100%| O|  |TAMS 0x0000000080f00000, 0x0000000080e00000| Untracked 
|  15|0x0000000080f00000, 0x0000000081000000, 0x0000000081000000|100%| O|  |TAMS 0x0000000081000000, 0x0000000080f00000| Untracked 
|  16|0x0000000081000000, 0x0000000081100000, 0x0000000081100000|100%| O|  |TAMS 0x0000000081100000, 0x0000000081000000| Untracked 
|  17|0x0000000081100000, 0x0000000081200000, 0x0000000081200000|100%| O|  |TAMS 0x0000000081200000, 0x0000000081100000| Complete 
|  18|0x0000000081200000, 0x0000000081300000, 0x0000000081300000|100%| O|  |TAMS 0x0000000081300000, 0x0000000081200000| Complete 
|  19|0x0000000081300000, 0x0000000081400000, 0x0000000081400000|100%|HS|  |TAMS 0x0000000081400000, 0x0000000081300000| Complete 
|  20|0x0000000081400000, 0x0000000081500000, 0x0000000081500000|100%| O|  |TAMS 0x0000000081500000, 0x0000000081400000| Untracked 
|  21|0x0000000081500000, 0x0000000081600000, 0x0000000081600000|100%| O|  |TAMS 0x0000000081600000, 0x0000000081500000| Untracked 
|  22|0x0000000081600000, 0x0000000081700000, 0x0000000081700000|100%| O|  |TAMS 0x0000000081700000, 0x0000000081600000| Complete 
|  23|0x0000000081700000, 0x0000000081800000, 0x0000000081800000|100%| O|  |TAMS 0x0000000081800000, 0x0000000081700000| Untracked 
|  24|0x0000000081800000, 0x0000000081900000, 0x0000000081900000|100%|HS|  |TAMS 0x0000000081900000, 0x0000000081800000| Complete 
|  25|0x0000000081900000, 0x0000000081a00000, 0x0000000081a00000|100%|HS|  |TAMS 0x0000000081a00000, 0x0000000081900000| Complete 
|  26|0x0000000081a00000, 0x0000000081b00000, 0x0000000081b00000|100%|HS|  |TAMS 0x0000000081b00000, 0x0000000081a00000| Complete 
|  27|0x0000000081b00000, 0x0000000081c00000, 0x0000000081c00000|100%|HC|  |TAMS 0x0000000081c00000, 0x0000000081b00000| Complete 
|  28|0x0000000081c00000, 0x0000000081d00000, 0x0000000081d00000|100%| O|  |TAMS 0x0000000081d00000, 0x0000000081c00000| Untracked 
|  29|0x0000000081d00000, 0x0000000081e00000, 0x0000000081e00000|100%| O|  |TAMS 0x0000000081e00000, 0x0000000081d00000| Untracked 
|  30|0x0000000081e00000, 0x0000000081f00000, 0x0000000081f00000|100%| O|  |TAMS 0x0000000081f00000, 0x0000000081e00000| Untracked 
|  31|0x0000000081f00000, 0x0000000082000000, 0x0000000082000000|100%| O|  |TAMS 0x0000000082000000, 0x0000000081f00000| Untracked 
|  32|0x0000000082000000, 0x0000000082100000, 0x0000000082100000|100%| O|  |TAMS 0x0000000082100000, 0x0000000082000000| Untracked 
|  33|0x0000000082100000, 0x0000000082200000, 0x0000000082200000|100%| O|  |TAMS 0x0000000082200000, 0x0000000082100000| Untracked 
|  34|0x0000000082200000, 0x0000000082300000, 0x0000000082300000|100%| O|  |TAMS 0x0000000082300000, 0x0000000082200000| Untracked 
|  35|0x0000000082300000, 0x0000000082400000, 0x0000000082400000|100%| O|  |TAMS 0x0000000082400000, 0x0000000082300000| Untracked 
|  36|0x0000000082400000, 0x0000000082500000, 0x0000000082500000|100%| O|  |TAMS 0x0000000082500000, 0x0000000082400000| Untracked 
|  37|0x0000000082500000, 0x0000000082600000, 0x0000000082600000|100%| O|  |TAMS 0x0000000082600000, 0x0000000082500000| Untracked 
|  38|0x0000000082600000, 0x0000000082700000, 0x0000000082700000|100%| O|  |TAMS 0x0000000082700000, 0x0000000082600000| Untracked 
|  39|0x0000000082700000, 0x0000000082800000, 0x0000000082800000|100%| O|  |TAMS 0x0000000082800000, 0x0000000082700000| Untracked 
|  40|0x0000000082800000, 0x0000000082900000, 0x0000000082900000|100%| O|  |TAMS 0x0000000082900000, 0x0000000082800000| Untracked 
|  41|0x0000000082900000, 0x0000000082a00000, 0x0000000082a00000|100%| O|  |TAMS 0x0000000082a00000, 0x0000000082900000| Untracked 
|  42|0x0000000082a00000, 0x0000000082b00000, 0x0000000082b00000|100%| O|  |TAMS 0x0000000082b00000, 0x0000000082a00000| Complete 
|  43|0x0000000082b00000, 0x0000000082c00000, 0x0000000082c00000|100%| O|  |TAMS 0x0000000082c00000, 0x0000000082b00000| Untracked 
|  44|0x0000000082c00000, 0x0000000082d00000, 0x0000000082d00000|100%| O|  |TAMS 0x0000000082d00000, 0x0000000082c00000| Untracked 
|  45|0x0000000082d00000, 0x0000000082e00000, 0x0000000082e00000|100%| O|  |TAMS 0x0000000082e00000, 0x0000000082d00000| Untracked 
|  46|0x0000000082e00000, 0x0000000082f00000, 0x0000000082f00000|100%| O|  |TAMS 0x0000000082f00000, 0x0000000082e00000| Untracked 
|  47|0x0000000082f00000, 0x0000000083000000, 0x0000000083000000|100%| O|  |TAMS 0x0000000083000000, 0x0000000082f00000| Untracked 
|  48|0x0000000083000000, 0x0000000083100000, 0x0000000083100000|100%| O|  |TAMS 0x0000000083100000, 0x0000000083000000| Untracked 
|  49|0x0000000083100000, 0x0000000083200000, 0x0000000083200000|100%| O|  |TAMS 0x0000000083200000, 0x0000000083100000| Untracked 
|  50|0x0000000083200000, 0x0000000083300000, 0x0000000083300000|100%| O|  |TAMS 0x0000000083300000, 0x0000000083200000| Complete 
|  51|0x0000000083300000, 0x0000000083400000, 0x0000000083400000|100%| O|  |TAMS 0x0000000083400000, 0x0000000083300000| Untracked 
|  52|0x0000000083400000, 0x0000000083500000, 0x0000000083500000|100%| O|  |TAMS 0x0000000083500000, 0x0000000083400000| Untracked 
|  53|0x0000000083500000, 0x0000000083600000, 0x0000000083600000|100%| O|  |TAMS 0x0000000083600000, 0x0000000083500000| Untracked 
|  54|0x0000000083600000, 0x0000000083700000, 0x0000000083700000|100%| O|  |TAMS 0x0000000083700000, 0x0000000083600000| Untracked 
|  55|0x0000000083700000, 0x0000000083800000, 0x0000000083800000|100%| O|  |TAMS 0x0000000083800000, 0x0000000083700000| Complete 
|  56|0x0000000083800000, 0x0000000083900000, 0x0000000083900000|100%| O|  |TAMS 0x0000000083900000, 0x0000000083800000| Complete 
|  57|0x0000000083900000, 0x0000000083a00000, 0x0000000083a00000|100%| O|  |TAMS 0x0000000083a00000, 0x0000000083900000| Complete 
|  58|0x0000000083a00000, 0x0000000083b00000, 0x0000000083b00000|100%| O|  |TAMS 0x0000000083b00000, 0x0000000083a00000| Untracked 
|  59|0x0000000083b00000, 0x0000000083c00000, 0x0000000083c00000|100%| O|  |TAMS 0x0000000083c00000, 0x0000000083b00000| Untracked 
|  60|0x0000000083c00000, 0x0000000083d00000, 0x0000000083d00000|100%| O|  |TAMS 0x0000000083d00000, 0x0000000083c00000| Complete 
|  61|0x0000000083d00000, 0x0000000083e00000, 0x0000000083e00000|100%| O|  |TAMS 0x0000000083e00000, 0x0000000083d00000| Untracked 
|  62|0x0000000083e00000, 0x0000000083f00000, 0x0000000083f00000|100%| O|  |TAMS 0x0000000083f00000, 0x0000000083e00000| Untracked 
|  63|0x0000000083f00000, 0x0000000084000000, 0x0000000084000000|100%| O|  |TAMS 0x0000000084000000, 0x0000000083f00000| Complete 
|  64|0x0000000084000000, 0x0000000084100000, 0x0000000084100000|100%| O|  |TAMS 0x0000000084100000, 0x0000000084000000| Complete 
|  65|0x0000000084100000, 0x0000000084200000, 0x0000000084200000|100%| O|  |TAMS 0x0000000084200000, 0x0000000084100000| Untracked 
|  66|0x0000000084200000, 0x0000000084300000, 0x0000000084300000|100%| O|  |TAMS 0x0000000084300000, 0x0000000084200000| Untracked 
|  67|0x0000000084300000, 0x0000000084400000, 0x0000000084400000|100%| O|  |TAMS 0x0000000084400000, 0x0000000084300000| Untracked 
|  68|0x0000000084400000, 0x0000000084500000, 0x0000000084500000|100%| O|  |TAMS 0x0000000084500000, 0x0000000084400000| Untracked 
|  69|0x0000000084500000, 0x0000000084600000, 0x0000000084600000|100%|HS|  |TAMS 0x0000000084500000, 0x0000000084500000| Complete 
|  70|0x0000000084600000, 0x0000000084700000, 0x0000000084700000|100%| O|  |TAMS 0x0000000084700000, 0x0000000084600000| Complete 
|  71|0x0000000084700000, 0x0000000084800000, 0x0000000084800000|100%| O|  |TAMS 0x0000000084800000, 0x0000000084700000| Untracked 
|  72|0x0000000084800000, 0x0000000084900000, 0x0000000084900000|100%| O|  |TAMS 0x0000000084900000, 0x0000000084800000| Complete 
|  73|0x0000000084900000, 0x0000000084a00000, 0x0000000084a00000|100%| O|  |TAMS 0x0000000084a00000, 0x0000000084900000| Untracked 
|  74|0x0000000084a00000, 0x0000000084b00000, 0x0000000084b00000|100%| O|  |TAMS 0x0000000084b00000, 0x0000000084a00000| Untracked 
|  75|0x0000000084b00000, 0x0000000084c00000, 0x0000000084c00000|100%| O|  |TAMS 0x0000000084c00000, 0x0000000084b00000| Complete 
|  76|0x0000000084c00000, 0x0000000084d00000, 0x0000000084d00000|100%| O|  |TAMS 0x0000000084d00000, 0x0000000084c00000| Untracked 
|  77|0x0000000084d00000, 0x0000000084e00000, 0x0000000084e00000|100%| O|  |TAMS 0x0000000084e00000, 0x0000000084d00000| Untracked 
|  78|0x0000000084e00000, 0x0000000084f00000, 0x0000000084f00000|100%| O|  |TAMS 0x0000000084f00000, 0x0000000084e00000| Untracked 
|  79|0x0000000084f00000, 0x0000000085000000, 0x0000000085000000|100%| O|  |TAMS 0x0000000085000000, 0x0000000084f00000| Untracked 
|  80|0x0000000085000000, 0x0000000085100000, 0x0000000085100000|100%| O|  |TAMS 0x0000000085100000, 0x0000000085000000| Complete 
|  81|0x0000000085100000, 0x0000000085200000, 0x0000000085200000|100%| O|  |TAMS 0x0000000085200000, 0x0000000085100000| Complete 
|  82|0x0000000085200000, 0x0000000085300000, 0x0000000085300000|100%| O|  |TAMS 0x0000000085300000, 0x0000000085200000| Complete 
|  83|0x0000000085300000, 0x0000000085400000, 0x0000000085400000|100%| O|  |TAMS 0x0000000085400000, 0x0000000085300000| Complete 
|  84|0x0000000085400000, 0x0000000085500000, 0x0000000085500000|100%| O|  |TAMS 0x0000000085500000, 0x0000000085400000| Complete 
|  85|0x0000000085500000, 0x0000000085600000, 0x0000000085600000|100%| O|  |TAMS 0x0000000085600000, 0x0000000085500000| Complete 
|  86|0x0000000085600000, 0x0000000085600000, 0x0000000085700000|  0%| F|  |TAMS 0x0000000085600000, 0x0000000085600000| Untracked 
|  87|0x0000000085700000, 0x0000000085733200, 0x0000000085800000| 19%| O|  |TAMS 0x0000000085733200, 0x0000000085700000| Untracked 
|  88|0x0000000085800000, 0x0000000085800000, 0x0000000085900000|  0%| F|  |TAMS 0x0000000085800000, 0x0000000085800000| Untracked 
|  89|0x0000000085900000, 0x0000000085900000, 0x0000000085a00000|  0%| F|  |TAMS 0x0000000085900000, 0x0000000085900000| Untracked 
|  90|0x0000000085a00000, 0x0000000085a00000, 0x0000000085b00000|  0%| F|  |TAMS 0x0000000085a00000, 0x0000000085a00000| Untracked 
|  91|0x0000000085b00000, 0x0000000085b00000, 0x0000000085c00000|  0%| F|  |TAMS 0x0000000085b00000, 0x0000000085b00000| Untracked 
|  92|0x0000000085c00000, 0x0000000085c00000, 0x0000000085d00000|  0%| F|  |TAMS 0x0000000085c00000, 0x0000000085c00000| Untracked 
|  93|0x0000000085d00000, 0x0000000085d00000, 0x0000000085e00000|  0%| F|  |TAMS 0x0000000085d00000, 0x0000000085d00000| Untracked 
|  94|0x0000000085e00000, 0x0000000085e00000, 0x0000000085f00000|  0%| F|  |TAMS 0x0000000085e00000, 0x0000000085e00000| Untracked 
|  95|0x0000000085f00000, 0x0000000085f00000, 0x0000000086000000|  0%| F|  |TAMS 0x0000000085f00000, 0x0000000085f00000| Untracked 
|  96|0x0000000086000000, 0x0000000086000000, 0x0000000086100000|  0%| F|  |TAMS 0x0000000086000000, 0x0000000086000000| Untracked 
|  97|0x0000000086100000, 0x0000000086100000, 0x0000000086200000|  0%| F|  |TAMS 0x0000000086100000, 0x0000000086100000| Untracked 
|  98|0x0000000086200000, 0x0000000086200000, 0x0000000086300000|  0%| F|  |TAMS 0x0000000086200000, 0x0000000086200000| Untracked 
|  99|0x0000000086300000, 0x0000000086400000, 0x0000000086400000|100%| O|  |TAMS 0x0000000086400000, 0x0000000086300000| Complete 
| 100|0x0000000086400000, 0x0000000086500000, 0x0000000086500000|100%| O|  |TAMS 0x0000000086500000, 0x0000000086400000| Complete 
| 101|0x0000000086500000, 0x0000000086600000, 0x0000000086600000|100%| O|  |TAMS 0x0000000086600000, 0x0000000086500000| Complete 
| 102|0x0000000086600000, 0x0000000086700000, 0x0000000086700000|100%| O|  |TAMS 0x0000000086700000, 0x0000000086600000| Complete 
| 103|0x0000000086700000, 0x0000000086800000, 0x0000000086800000|100%| O|  |TAMS 0x0000000086800000, 0x0000000086700000| Complete 
| 104|0x0000000086800000, 0x0000000086900000, 0x0000000086900000|100%| O|  |TAMS 0x0000000086900000, 0x0000000086800000| Complete 
| 105|0x0000000086900000, 0x0000000086900000, 0x0000000086a00000|  0%| F|  |TAMS 0x0000000086900000, 0x0000000086900000| Untracked 
| 106|0x0000000086a00000, 0x0000000086a00000, 0x0000000086b00000|  0%| F|  |TAMS 0x0000000086a00000, 0x0000000086a00000| Untracked 
| 107|0x0000000086b00000, 0x0000000086b00000, 0x0000000086c00000|  0%| F|  |TAMS 0x0000000086b00000, 0x0000000086b00000| Untracked 
| 108|0x0000000086c00000, 0x0000000086c00000, 0x0000000086d00000|  0%| F|  |TAMS 0x0000000086c00000, 0x0000000086c00000| Untracked 
| 109|0x0000000086d00000, 0x0000000086d00000, 0x0000000086e00000|  0%| F|  |TAMS 0x0000000086d00000, 0x0000000086d00000| Untracked 
| 110|0x0000000086e00000, 0x0000000086e00000, 0x0000000086f00000|  0%| F|  |TAMS 0x0000000086e00000, 0x0000000086e00000| Untracked 
| 111|0x0000000086f00000, 0x0000000086f00000, 0x0000000087000000|  0%| F|  |TAMS 0x0000000086f00000, 0x0000000086f00000| Untracked 
| 112|0x0000000087000000, 0x0000000087000000, 0x0000000087100000|  0%| F|  |TAMS 0x0000000087000000, 0x0000000087000000| Untracked 
| 113|0x0000000087100000, 0x0000000087100000, 0x0000000087200000|  0%| F|  |TAMS 0x0000000087100000, 0x0000000087100000| Untracked 
| 114|0x0000000087200000, 0x0000000087200000, 0x0000000087300000|  0%| F|  |TAMS 0x0000000087200000, 0x0000000087200000| Untracked 
| 115|0x0000000087300000, 0x0000000087300000, 0x0000000087400000|  0%| F|  |TAMS 0x0000000087300000, 0x0000000087300000| Untracked 
| 116|0x0000000087400000, 0x0000000087400000, 0x0000000087500000|  0%| F|  |TAMS 0x0000000087400000, 0x0000000087400000| Untracked 
| 117|0x0000000087500000, 0x0000000087500000, 0x0000000087600000|  0%| F|  |TAMS 0x0000000087500000, 0x0000000087500000| Untracked 
| 118|0x0000000087600000, 0x0000000087600000, 0x0000000087700000|  0%| F|  |TAMS 0x0000000087600000, 0x0000000087600000| Untracked 
| 119|0x0000000087700000, 0x0000000087700000, 0x0000000087800000|  0%| F|  |TAMS 0x0000000087700000, 0x0000000087700000| Untracked 
| 120|0x0000000087800000, 0x0000000087800000, 0x0000000087900000|  0%| F|  |TAMS 0x0000000087800000, 0x0000000087800000| Untracked 
| 121|0x0000000087900000, 0x0000000087900000, 0x0000000087a00000|  0%| F|  |TAMS 0x0000000087900000, 0x0000000087900000| Untracked 
| 122|0x0000000087a00000, 0x0000000087a00000, 0x0000000087b00000|  0%| F|  |TAMS 0x0000000087a00000, 0x0000000087a00000| Untracked 
| 123|0x0000000087b00000, 0x0000000087b00000, 0x0000000087c00000|  0%| F|  |TAMS 0x0000000087b00000, 0x0000000087b00000| Untracked 
| 124|0x0000000087c00000, 0x0000000087c00000, 0x0000000087d00000|  0%| F|  |TAMS 0x0000000087c00000, 0x0000000087c00000| Untracked 
| 125|0x0000000087d00000, 0x0000000087d00000, 0x0000000087e00000|  0%| F|  |TAMS 0x0000000087d00000, 0x0000000087d00000| Untracked 
| 126|0x0000000087e00000, 0x0000000087e00000, 0x0000000087f00000|  0%| F|  |TAMS 0x0000000087e00000, 0x0000000087e00000| Untracked 
| 127|0x0000000087f00000, 0x0000000087f00000, 0x0000000088000000|  0%| F|  |TAMS 0x0000000087f00000, 0x0000000087f00000| Untracked 
| 128|0x0000000088000000, 0x0000000088000000, 0x0000000088100000|  0%| F|  |TAMS 0x0000000088000000, 0x0000000088000000| Untracked 
| 129|0x0000000088100000, 0x0000000088100000, 0x0000000088200000|  0%| F|  |TAMS 0x0000000088100000, 0x0000000088100000| Untracked 
| 130|0x0000000088200000, 0x0000000088200000, 0x0000000088300000|  0%| F|  |TAMS 0x0000000088200000, 0x0000000088200000| Untracked 
| 131|0x0000000088300000, 0x0000000088300000, 0x0000000088400000|  0%| F|  |TAMS 0x0000000088300000, 0x0000000088300000| Untracked 
| 132|0x0000000088400000, 0x0000000088400000, 0x0000000088500000|  0%| F|  |TAMS 0x0000000088400000, 0x0000000088400000| Untracked 
| 133|0x0000000088500000, 0x0000000088500000, 0x0000000088600000|  0%| F|  |TAMS 0x0000000088500000, 0x0000000088500000| Untracked 
| 134|0x0000000088600000, 0x0000000088600000, 0x0000000088700000|  0%| F|  |TAMS 0x0000000088600000, 0x0000000088600000| Untracked 
| 135|0x0000000088700000, 0x0000000088700000, 0x0000000088800000|  0%| F|  |TAMS 0x0000000088700000, 0x0000000088700000| Untracked 
| 136|0x0000000088800000, 0x0000000088800000, 0x0000000088900000|  0%| F|  |TAMS 0x0000000088800000, 0x0000000088800000| Untracked 
| 137|0x0000000088900000, 0x0000000088900000, 0x0000000088a00000|  0%| F|  |TAMS 0x0000000088900000, 0x0000000088900000| Untracked 
| 138|0x0000000088a00000, 0x0000000088a00000, 0x0000000088b00000|  0%| F|  |TAMS 0x0000000088a00000, 0x0000000088a00000| Untracked 
| 139|0x0000000088b00000, 0x0000000088b00000, 0x0000000088c00000|  0%| F|  |TAMS 0x0000000088b00000, 0x0000000088b00000| Untracked 
| 140|0x0000000088c00000, 0x0000000088c00000, 0x0000000088d00000|  0%| F|  |TAMS 0x0000000088c00000, 0x0000000088c00000| Untracked 
| 141|0x0000000088d00000, 0x0000000088d00000, 0x0000000088e00000|  0%| F|  |TAMS 0x0000000088d00000, 0x0000000088d00000| Untracked 
| 142|0x0000000088e00000, 0x0000000088e00000, 0x0000000088f00000|  0%| F|  |TAMS 0x0000000088e00000, 0x0000000088e00000| Untracked 
| 143|0x0000000088f00000, 0x0000000088f80208, 0x0000000089000000| 50%| S|CS|TAMS 0x0000000088f00000, 0x0000000088f00000| Complete 
| 144|0x0000000089000000, 0x0000000089100000, 0x0000000089100000|100%| S|CS|TAMS 0x0000000089000000, 0x0000000089000000| Complete 
| 145|0x0000000089100000, 0x0000000089200000, 0x0000000089200000|100%| S|CS|TAMS 0x0000000089100000, 0x0000000089100000| Complete 
| 146|0x0000000089200000, 0x0000000089200000, 0x0000000089300000|  0%| F|  |TAMS 0x0000000089200000, 0x0000000089200000| Untracked 
| 147|0x0000000089300000, 0x0000000089300000, 0x0000000089400000|  0%| F|  |TAMS 0x0000000089300000, 0x0000000089300000| Untracked 
| 148|0x0000000089400000, 0x0000000089400000, 0x0000000089500000|  0%| F|  |TAMS 0x0000000089400000, 0x0000000089400000| Untracked 
| 149|0x0000000089500000, 0x0000000089500000, 0x0000000089600000|  0%| F|  |TAMS 0x0000000089500000, 0x0000000089500000| Untracked 
| 150|0x0000000089600000, 0x0000000089600000, 0x0000000089700000|  0%| F|  |TAMS 0x0000000089600000, 0x0000000089600000| Untracked 
| 151|0x0000000089700000, 0x0000000089700000, 0x0000000089800000|  0%| F|  |TAMS 0x0000000089700000, 0x0000000089700000| Untracked 
| 152|0x0000000089800000, 0x0000000089800000, 0x0000000089900000|  0%| F|  |TAMS 0x0000000089800000, 0x0000000089800000| Untracked 
| 153|0x0000000089900000, 0x0000000089900000, 0x0000000089a00000|  0%| F|  |TAMS 0x0000000089900000, 0x0000000089900000| Untracked 
| 154|0x0000000089a00000, 0x0000000089a00000, 0x0000000089b00000|  0%| F|  |TAMS 0x0000000089a00000, 0x0000000089a00000| Untracked 
| 155|0x0000000089b00000, 0x0000000089b00000, 0x0000000089c00000|  0%| F|  |TAMS 0x0000000089b00000, 0x0000000089b00000| Untracked 
| 156|0x0000000089c00000, 0x0000000089c00000, 0x0000000089d00000|  0%| F|  |TAMS 0x0000000089c00000, 0x0000000089c00000| Untracked 
| 157|0x0000000089d00000, 0x0000000089d00000, 0x0000000089e00000|  0%| F|  |TAMS 0x0000000089d00000, 0x0000000089d00000| Untracked 
| 158|0x0000000089e00000, 0x0000000089e00000, 0x0000000089f00000|  0%| F|  |TAMS 0x0000000089e00000, 0x0000000089e00000| Untracked 
| 159|0x0000000089f00000, 0x0000000089f00000, 0x000000008a000000|  0%| F|  |TAMS 0x0000000089f00000, 0x0000000089f00000| Untracked 
| 160|0x000000008a000000, 0x000000008a000000, 0x000000008a100000|  0%| F|  |TAMS 0x000000008a000000, 0x000000008a000000| Untracked 
| 161|0x000000008a100000, 0x000000008a100000, 0x000000008a200000|  0%| F|  |TAMS 0x000000008a100000, 0x000000008a100000| Untracked 
| 162|0x000000008a200000, 0x000000008a200000, 0x000000008a300000|  0%| F|  |TAMS 0x000000008a200000, 0x000000008a200000| Untracked 
| 163|0x000000008a300000, 0x000000008a34fe28, 0x000000008a400000| 31%| E|  |TAMS 0x000000008a300000, 0x000000008a300000| Complete 
| 164|0x000000008a400000, 0x000000008a500000, 0x000000008a500000|100%| E|CS|TAMS 0x000000008a400000, 0x000000008a400000| Complete 
| 165|0x000000008a500000, 0x000000008a600000, 0x000000008a600000|100%| E|CS|TAMS 0x000000008a500000, 0x000000008a500000| Complete 
| 166|0x000000008a600000, 0x000000008a700000, 0x000000008a700000|100%| E|CS|TAMS 0x000000008a600000, 0x000000008a600000| Complete 
| 167|0x000000008a700000, 0x000000008a800000, 0x000000008a800000|100%| E|CS|TAMS 0x000000008a700000, 0x000000008a700000| Complete 
| 168|0x000000008a800000, 0x000000008a900000, 0x000000008a900000|100%| E|CS|TAMS 0x000000008a800000, 0x000000008a800000| Complete 
| 169|0x000000008a900000, 0x000000008aa00000, 0x000000008aa00000|100%| E|CS|TAMS 0x000000008a900000, 0x000000008a900000| Complete 
| 170|0x000000008aa00000, 0x000000008ab00000, 0x000000008ab00000|100%| E|CS|TAMS 0x000000008aa00000, 0x000000008aa00000| Complete 
| 171|0x000000008ab00000, 0x000000008ac00000, 0x000000008ac00000|100%| E|CS|TAMS 0x000000008ab00000, 0x000000008ab00000| Complete 
| 172|0x000000008ac00000, 0x000000008ad00000, 0x000000008ad00000|100%| E|CS|TAMS 0x000000008ac00000, 0x000000008ac00000| Complete 
| 173|0x000000008ad00000, 0x000000008ae00000, 0x000000008ae00000|100%| E|CS|TAMS 0x000000008ad00000, 0x000000008ad00000| Complete 
| 174|0x000000008ae00000, 0x000000008af00000, 0x000000008af00000|100%| E|CS|TAMS 0x000000008ae00000, 0x000000008ae00000| Complete 
| 175|0x000000008af00000, 0x000000008b000000, 0x000000008b000000|100%| E|CS|TAMS 0x000000008af00000, 0x000000008af00000| Complete 
| 176|0x000000008b000000, 0x000000008b100000, 0x000000008b100000|100%| E|CS|TAMS 0x000000008b000000, 0x000000008b000000| Complete 
| 177|0x000000008b100000, 0x000000008b200000, 0x000000008b200000|100%| E|  |TAMS 0x000000008b100000, 0x000000008b100000| Complete 
| 178|0x000000008b200000, 0x000000008b300000, 0x000000008b300000|100%| E|CS|TAMS 0x000000008b200000, 0x000000008b200000| Complete 
| 179|0x000000008b300000, 0x000000008b400000, 0x000000008b400000|100%| E|CS|TAMS 0x000000008b300000, 0x000000008b300000| Complete 
| 180|0x000000008b400000, 0x000000008b500000, 0x000000008b500000|100%| E|CS|TAMS 0x000000008b400000, 0x000000008b400000| Complete 
| 181|0x000000008b500000, 0x000000008b600000, 0x000000008b600000|100%| E|CS|TAMS 0x000000008b500000, 0x000000008b500000| Complete 
| 182|0x000000008b600000, 0x000000008b700000, 0x000000008b700000|100%| E|CS|TAMS 0x000000008b600000, 0x000000008b600000| Complete 
| 183|0x000000008b700000, 0x000000008b800000, 0x000000008b800000|100%| E|CS|TAMS 0x000000008b700000, 0x000000008b700000| Complete 
| 184|0x000000008b800000, 0x000000008b900000, 0x000000008b900000|100%| E|CS|TAMS 0x000000008b800000, 0x000000008b800000| Complete 

Card table byte_map: [0x000001b896700000,0x000001b896b00000] _byte_map_base: 0x000001b896300000

Marking Bits (Prev, Next): (CMBitMap*) 0x000001b883512630, (CMBitMap*) 0x000001b8835125f8
 Prev Bits: [0x000001b898f00000, 0x000001b89af00000)
 Next Bits: [0x000001b896f00000, 0x000001b898f00000)

Polling page: 0x000001b882cb0000

Metaspace:

Usage:
  Non-class:     93.37 MB capacity,    91.68 MB ( 98%) used,     1.35 MB (  1%) free+waste,   339.25 KB ( <1%) overhead. 
      Class:     14.62 MB capacity,    13.57 MB ( 93%) used,   916.60 KB (  6%) free+waste,   154.81 KB (  1%) overhead. 
       Both:    107.98 MB capacity,   105.25 MB ( 97%) used,     2.25 MB (  2%) free+waste,   494.06 KB ( <1%) overhead. 

Virtual space:
  Non-class space:       94.00 MB reserved,      94.00 MB (100%) committed 
      Class space:        1.00 GB reserved,      15.07 MB (  1%) committed 
             Both:        1.09 GB reserved,     109.07 MB ( 10%) committed 

Chunk freelists:
   Non-Class:  520.00 KB
       Class:  392.00 KB
        Both:  912.00 KB

MaxMetaspaceSize: 17179869184.00 GB
CompressedClassSpaceSize: 1.00 GB

CodeHeap 'non-profiled nmethods': size=120000Kb used=7285Kb max_used=7285Kb free=112714Kb
 bounds [0x000001b88eaa0000, 0x000001b88f1c0000, 0x000001b895fd0000]
CodeHeap 'profiled nmethods': size=120000Kb used=29638Kb max_used=29638Kb free=90361Kb
 bounds [0x000001b887570000, 0x000001b889270000, 0x000001b88eaa0000]
CodeHeap 'non-nmethods': size=5760Kb used=2340Kb max_used=2380Kb free=3420Kb
 bounds [0x000001b886fd0000, 0x000001b887240000, 0x000001b887570000]
 total_blobs=15136 nmethods=14182 adapters=864
 compilation: enabled
              stopped_count=0, restarted_count=0
 full_count=0

Compilation events (20 events):
Event: 32.917 Thread 0x000001b89e2d2800 nmethod 14476 0x000001b889206890 code [0x000001b889206ec0, 0x000001b889209c18]
Event: 32.917 Thread 0x000001b89e2d2800 14484       3       com.android.tools.r8.dex.r::m (2110 bytes)
Event: 32.935 Thread 0x000001b89e2d2800 nmethod 14484 0x000001b88920ad10 code [0x000001b88920ba40, 0x000001b8892154e8]
Event: 32.935 Thread 0x000001b89e2d2800 14479       3       com.android.tools.r8.internal.d51::a (286 bytes)
Event: 32.938 Thread 0x000001b89e2d2800 nmethod 14479 0x000001b889219690 code [0x000001b8892199e0, 0x000001b88921ae78]
Event: 32.938 Thread 0x000001b89e2d2800 14488       2       com.android.tools.r8.internal.d51::a (368 bytes)
Event: 32.940 Thread 0x000001b89e2d2800 nmethod 14488 0x000001b88921b510 code [0x000001b88921b720, 0x000001b88921bb18]
Event: 32.940 Thread 0x000001b89e2d2800 14489       2       com.android.tools.r8.internal.ZY0::a (120 bytes)
Event: 32.941 Thread 0x000001b89e2d2800 nmethod 14489 0x000001b88921bd90 code [0x000001b88921bfa0, 0x000001b88921c4c8]
Event: 32.941 Thread 0x000001b89e2d2800 14477       3       com.android.tools.r8.internal.aZ0::a (434 bytes)
Event: 32.946 Thread 0x000001b89e2d2800 nmethod 14477 0x000001b88921c710 code [0x000001b88921cc80, 0x000001b88921f2d8]
Event: 32.946 Thread 0x000001b89e2d2800 14487       2       com.android.tools.r8.internal.TY0::<init> (5 bytes)
Event: 32.946 Thread 0x000001b89e2d2800 nmethod 14487 0x000001b889220210 code [0x000001b8892203c0, 0x000001b8892204b8]
Event: 32.946 Thread 0x000001b89e2d2800 14485       2       com.android.tools.r8.internal.b51::hasNext (20 bytes)
Event: 32.946 Thread 0x000001b89e2d2800 nmethod 14485 0x000001b889220590 code [0x000001b889220740, 0x000001b889220858]
Event: 32.946 Thread 0x000001b89e2d2800 14478       3       com.android.tools.r8.internal.d51::put (31 bytes)
Event: 32.947 Thread 0x000001b89e2d2800 nmethod 14478 0x000001b889220910 code [0x000001b889220ae0, 0x000001b889220d78]
Event: 32.947 Thread 0x000001b89e2d2800 14480       3       com.android.tools.r8.internal.c51::<init> (40 bytes)
Event: 32.947 Thread 0x000001b89e2d2800 nmethod 14480 0x000001b889220e90 code [0x000001b889221060, 0x000001b8892213f8]
Event: 33.003 Thread 0x000001b89e2d2800 14493   !   2       java.lang.invoke.DirectMethodHandle::makePreparedLambdaForm (787 bytes)

GC Heap History (20 events):
Event: 21.349 GC heap before
{Heap before GC invocations=17 (full 0):
 garbage-first heap   total 189440K, used 139366K [0x0000000080000000, 0x0000000100000000)
  region size 1024K, 87 young (89088K), 9 survivors (9216K)
 Metaspace       used 80236K, capacity 82374K, committed 82636K, reserved 1120256K
  class space    used 10554K, capacity 11370K, committed 11468K, reserved 1048576K
}
Event: 21.371 GC heap after
{Heap after GC invocations=18 (full 0):
 garbage-first heap   total 189440K, used 66502K [0x0000000080000000, 0x0000000100000000)
  region size 1024K, 10 young (10240K), 10 survivors (10240K)
 Metaspace       used 80236K, capacity 82374K, committed 82636K, reserved 1120256K
  class space    used 10554K, capacity 11370K, committed 11468K, reserved 1048576K
}
Event: 22.936 GC heap before
{Heap before GC invocations=18 (full 0):
 garbage-first heap   total 189440K, used 149446K [0x0000000080000000, 0x0000000100000000)
  region size 1024K, 87 young (89088K), 10 survivors (10240K)
 Metaspace       used 82646K, capacity 84723K, committed 84940K, reserved 1122304K
  class space    used 10789K, capacity 11598K, committed 11724K, reserved 1048576K
}
Event: 22.962 GC heap after
{Heap after GC invocations=19 (full 0):
 garbage-first heap   total 189440K, used 80580K [0x0000000080000000, 0x0000000100000000)
  region size 1024K, 11 young (11264K), 11 survivors (11264K)
 Metaspace       used 82646K, capacity 84723K, committed 84940K, reserved 1122304K
  class space    used 10789K, capacity 11598K, committed 11724K, reserved 1048576K
}
Event: 24.275 GC heap before
{Heap before GC invocations=19 (full 0):
 garbage-first heap   total 189440K, used 160452K [0x0000000080000000, 0x0000000100000000)
  region size 1024K, 75 young (76800K), 11 survivors (11264K)
 Metaspace       used 87130K, capacity 89308K, committed 89420K, reserved 1126400K
  class space    used 11213K, capacity 12030K, committed 12108K, reserved 1048576K
}
Event: 24.298 GC heap after
{Heap after GC invocations=20 (full 0):
 garbage-first heap   total 189440K, used 87064K [0x0000000080000000, 0x0000000100000000)
  region size 1024K, 6 young (6144K), 6 survivors (6144K)
 Metaspace       used 87130K, capacity 89308K, committed 89420K, reserved 1126400K
  class space    used 11213K, capacity 12030K, committed 12108K, reserved 1048576K
}
Event: 25.347 GC heap before
{Heap before GC invocations=20 (full 0):
 garbage-first heap   total 189440K, used 148504K [0x0000000080000000, 0x0000000100000000)
  region size 1024K, 67 young (68608K), 6 survivors (6144K)
 Metaspace       used 89768K, capacity 92000K, committed 92236K, reserved 1128448K
  class space    used 11399K, capacity 12240K, committed 12364K, reserved 1048576K
}
Event: 25.359 GC heap after
{Heap after GC invocations=21 (full 0):
 garbage-first heap   total 189440K, used 87169K [0x0000000080000000, 0x0000000100000000)
  region size 1024K, 6 young (6144K), 6 survivors (6144K)
 Metaspace       used 89768K, capacity 92000K, committed 92236K, reserved 1128448K
  class space    used 11399K, capacity 12240K, committed 12364K, reserved 1048576K
}
Event: 26.398 GC heap before
{Heap before GC invocations=21 (full 0):
 garbage-first heap   total 189440K, used 150657K [0x0000000080000000, 0x0000000100000000)
  region size 1024K, 69 young (70656K), 6 survivors (6144K)
 Metaspace       used 93388K, capacity 95580K, committed 95692K, reserved 1132544K
  class space    used 11835K, capacity 12666K, committed 12748K, reserved 1048576K
}
Event: 26.412 GC heap after
{Heap after GC invocations=22 (full 0):
 garbage-first heap   total 189440K, used 90161K [0x0000000080000000, 0x0000000100000000)
  region size 1024K, 7 young (7168K), 7 survivors (7168K)
 Metaspace       used 93388K, capacity 95580K, committed 95692K, reserved 1132544K
  class space    used 11835K, capacity 12666K, committed 12748K, reserved 1048576K
}
Event: 30.074 GC heap before
{Heap before GC invocations=22 (full 0):
 garbage-first heap   total 189440K, used 153649K [0x0000000080000000, 0x0000000100000000)
  region size 1024K, 69 young (70656K), 7 survivors (7168K)
 Metaspace       used 95103K, capacity 97397K, committed 97612K, reserved 1134592K
  class space    used 12020K, capacity 12848K, committed 12876K, reserved 1048576K
}
Event: 30.086 GC heap after
{Heap after GC invocations=23 (full 0):
 garbage-first heap   total 189440K, used 94007K [0x0000000080000000, 0x0000000100000000)
  region size 1024K, 7 young (7168K), 7 survivors (7168K)
 Metaspace       used 95103K, capacity 97397K, committed 97612K, reserved 1134592K
  class space    used 12020K, capacity 12848K, committed 12876K, reserved 1048576K
}
Event: 30.413 GC heap before
{Heap before GC invocations=23 (full 0):
 garbage-first heap   total 189440K, used 112439K [0x0000000080000000, 0x0000000100000000)
  region size 1024K, 27 young (27648K), 7 survivors (7168K)
 Metaspace       used 95841K, capacity 98117K, committed 98252K, reserved 1134592K
  class space    used 12094K, capacity 12957K, committed 13004K, reserved 1048576K
}
Event: 30.425 GC heap after
{Heap after GC invocations=24 (full 0):
 garbage-first heap   total 189440K, used 95691K [0x0000000080000000, 0x0000000100000000)
  region size 1024K, 6 young (6144K), 6 survivors (6144K)
 Metaspace       used 95841K, capacity 98117K, committed 98252K, reserved 1134592K
  class space    used 12094K, capacity 12957K, committed 13004K, reserved 1048576K
}
Event: 31.684 GC heap before
{Heap before GC invocations=25 (full 0):
 garbage-first heap   total 189440K, used 148939K [0x0000000080000000, 0x0000000100000000)
  region size 1024K, 63 young (64512K), 6 survivors (6144K)
 Metaspace       used 104069K, capacity 106900K, committed 106956K, reserved 1142784K
  class space    used 13434K, capacity 14538K, committed 14540K, reserved 1048576K
}
Event: 31.708 GC heap after
{Heap after GC invocations=26 (full 0):
 garbage-first heap   total 189440K, used 97014K [0x0000000080000000, 0x0000000100000000)
  region size 1024K, 8 young (8192K), 8 survivors (8192K)
 Metaspace       used 104069K, capacity 106900K, committed 106956K, reserved 1142784K
  class space    used 13434K, capacity 14538K, committed 14540K, reserved 1048576K
}
Event: 31.736 GC heap before
{Heap before GC invocations=26 (full 0):
 garbage-first heap   total 189440K, used 98038K [0x0000000080000000, 0x0000000100000000)
  region size 1024K, 9 young (9216K), 8 survivors (8192K)
 Metaspace       used 104257K, capacity 107045K, committed 107340K, reserved 1142784K
  class space    used 13451K, capacity 14544K, committed 14668K, reserved 1048576K
}
Event: 31.754 GC heap after
{Heap after GC invocations=27 (full 0):
 garbage-first heap   total 189440K, used 94957K [0x0000000080000000, 0x0000000100000000)
  region size 1024K, 2 young (2048K), 2 survivors (2048K)
 Metaspace       used 104257K, capacity 107045K, committed 107340K, reserved 1142784K
  class space    used 13451K, capacity 14544K, committed 14668K, reserved 1048576K
}
Event: 32.454 GC heap before
{Heap before GC invocations=27 (full 0):
 garbage-first heap   total 189440K, used 130797K [0x0000000080000000, 0x0000000100000000)
  region size 1024K, 39 young (39936K), 2 survivors (2048K)
 Metaspace       used 106834K, capacity 109999K, committed 110028K, reserved 1144832K
  class space    used 13774K, capacity 15038K, committed 15052K, reserved 1048576K
}
Event: 32.464 GC heap after
{Heap after GC invocations=28 (full 0):
 garbage-first heap   total 189440K, used 95949K [0x0000000080000000, 0x0000000100000000)
  region size 1024K, 3 young (3072K), 3 survivors (3072K)
 Metaspace       used 106834K, capacity 109999K, committed 110028K, reserved 1144832K
  class space    used 13774K, capacity 15038K, committed 15052K, reserved 1048576K
}

Deoptimization events (20 events):
Event: 32.707 Thread 0x000001b8a0432000 DEOPT PACKING pc=0x000001b88eb80cdc sp=0x0000003f15efd820
Event: 32.707 Thread 0x000001b8a0432000 DEOPT UNPACKING pc=0x000001b886ff662f sp=0x0000003f15efd880 mode 2
Event: 32.737 Thread 0x000001b8a0432000 Uncommon trap: trap_request=0xffffff6e fr.pc=0x000001b88eb80cdc relative=0x000000000000113c
Event: 32.737 Thread 0x000001b8a0432000 Uncommon trap: reason=speculate_class_check action=maybe_recompile pc=0x000001b88eb80cdc method=java.util.zip.InflaterInputStream.read([BII)I @ 100 c2
Event: 32.737 Thread 0x000001b8a0432000 DEOPT PACKING pc=0x000001b88eb80cdc sp=0x0000003f15efd820
Event: 32.737 Thread 0x000001b8a0432000 DEOPT UNPACKING pc=0x000001b886ff662f sp=0x0000003f15efd880 mode 2
Event: 32.823 Thread 0x000001b8a5f25000 DEOPT PACKING pc=0x000001b888b0a45c sp=0x0000003f160ff190
Event: 32.823 Thread 0x000001b8a5f25000 DEOPT UNPACKING pc=0x000001b886ff6dde sp=0x0000003f160fe760 mode 0
Event: 32.823 Thread 0x000001b8a5f21000 DEOPT PACKING pc=0x000001b888b0a45c sp=0x0000003f162ff1b0
Event: 32.823 Thread 0x000001b8a5f21000 DEOPT UNPACKING pc=0x000001b886ff6dde sp=0x0000003f162fe780 mode 0
Event: 32.823 Thread 0x000001b8a0434000 DEOPT PACKING pc=0x000001b888b0a45c sp=0x0000003f15ffef20
Event: 32.823 Thread 0x000001b8a0434000 DEOPT UNPACKING pc=0x000001b886ff6dde sp=0x0000003f15ffe4f0 mode 0
Event: 32.823 Thread 0x000001b8a0430800 DEOPT PACKING pc=0x000001b888b0a45c sp=0x0000003f152fea80
Event: 32.823 Thread 0x000001b8a5f23000 DEOPT PACKING pc=0x000001b888b0a45c sp=0x0000003f161febe0
Event: 32.823 Thread 0x000001b8a0430800 DEOPT UNPACKING pc=0x000001b886ff6dde sp=0x0000003f152fe050 mode 0
Event: 32.823 Thread 0x000001b8a5f23000 DEOPT UNPACKING pc=0x000001b886ff6dde sp=0x0000003f161fe1b0 mode 0
Event: 32.870 Thread 0x000001b8a0438000 Uncommon trap: trap_request=0xffffff4d fr.pc=0x000001b88edd9cdc relative=0x00000000000000bc
Event: 32.870 Thread 0x000001b8a0438000 Uncommon trap: reason=unstable_if action=reinterpret pc=0x000001b88edd9cdc method=jdk.internal.misc.Unsafe.convEndian(ZS)S @ 4 c2
Event: 32.870 Thread 0x000001b8a0438000 DEOPT PACKING pc=0x000001b88edd9cdc sp=0x0000003f15dfd720
Event: 32.870 Thread 0x000001b8a0438000 DEOPT UNPACKING pc=0x000001b886ff662f sp=0x0000003f15dfd5e0 mode 2

Classes redefined (0 events):
No events

Internal exceptions (20 events):
Event: 31.786 Thread 0x000001b8a0434000 Exception <a 'java/lang/IncompatibleClassChangeError'{0x000000008b5bb750}: Found class java.lang.Object, but interface was expected> (0x000000008b5bb750) thrown at [./src/hotspot/share/interpreter/linkResolver.cpp, line 839]
Event: 31.788 Thread 0x000001b8a5f23000 Exception <a 'java/lang/IncompatibleClassChangeError'{0x000000008b44f0c0}: Found class java.lang.Object, but interface was expected> (0x000000008b44f0c0) thrown at [./src/hotspot/share/interpreter/linkResolver.cpp, line 839]
Event: 31.788 Thread 0x000001b8a5f25000 Exception <a 'java/lang/IncompatibleClassChangeError'{0x000000008b8d2fa0}: Found class java.lang.Object, but interface was expected> (0x000000008b8d2fa0) thrown at [./src/hotspot/share/interpreter/linkResolver.cpp, line 839]
Event: 31.788 Thread 0x000001b8a0434000 Exception <a 'java/lang/IncompatibleClassChangeError'{0x000000008b5be840}: Found class java.lang.Object, but interface was expected> (0x000000008b5be840) thrown at [./src/hotspot/share/interpreter/linkResolver.cpp, line 839]
Event: 32.118 Thread 0x000001b8a0434000 Exception <a 'java/lang/NoSuchMethodError'{0x000000008a1cb708}: 'java.lang.Object java.lang.invoke.Invokers$Holder.linkToTargetMethod(java.lang.Object, int, java.lang.Object, java.lang.Object, java.lang.Object, java.lang.Object)'> (0x000000008a1cb708) thrown at [./src/hotspot/share/interpreter/linkResolver.cpp, line 773]
Event: 32.118 Thread 0x000001b8a5f23000 Exception <a 'java/lang/NoSuchMethodError'{0x000000008a183270}: 'java.lang.Object java.lang.invoke.Invokers$Holder.linkToTargetMethod(java.lang.Object, int, java.lang.Object, java.lang.Object, java.lang.Object, java.lang.Object)'> (0x000000008a183270) thrown at [./src/hotspot/share/interpreter/linkResolver.cpp, line 773]
Event: 32.118 Thread 0x000001b8a5f25000 Exception <a 'java/lang/NoSuchMethodError'{0x000000008a07b620}: 'java.lang.Object java.lang.invoke.Invokers$Holder.linkToTargetMethod(java.lang.Object, int, java.lang.Object, java.lang.Object, java.lang.Object, java.lang.Object)'> (0x000000008a07b620) thrown at [./src/hotspot/share/interpreter/linkResolver.cpp, line 773]
Event: 32.120 Thread 0x000001b8a5f25000 Exception <a 'java/lang/NoSuchMethodError'{0x000000008a07eab8}: 'void java.lang.invoke.DirectMethodHandle$Holder.invokeSpecial(java.lang.Object, java.lang.Object, java.lang.Object, java.lang.Object, int, java.lang.Object, java.lang.Object, java.lang.Object, java.lang.Object)'> (0x000000008a07eab8) thrown at [./src/hotspot/share/interpreter/linkResolver.cpp, line 773]
Event: 32.121 Thread 0x000001b8a5f25000 Exception <a 'java/lang/NoSuchMethodError'{0x0000000089f06440}: 'java.lang.Object java.lang.invoke.DirectMethodHandle$Holder.invokeStatic(java.lang.Object, java.lang.Object, java.lang.Object, java.lang.Object, int, java.lang.Object, java.lang.Object)'> (0x0000000089f06440) thrown at [./src/hotspot/share/interpreter/linkResolver.cpp, line 773]
Event: 32.123 Thread 0x000001b8a5f25000 Exception <a 'java/lang/NoSuchMethodError'{0x0000000089f09ba0}: 'java.lang.Object java.lang.invoke.Invokers$Holder.linkToTargetMethod(java.lang.Object, java.lang.Object, java.lang.Object, int, java.lang.Object, java.lang.Object, java.lang.Object)'> (0x0000000089f09ba0) thrown at [./src/hotspot/share/interpreter/linkResolver.cpp, line 773]
Event: 32.123 Thread 0x000001b8a5f23000 Exception <a 'java/lang/NoSuchMethodError'{0x000000008a0b53a8}: 'java.lang.Object java.lang.invoke.Invokers$Holder.linkToTargetMethod(java.lang.Object, java.lang.Object, java.lang.Object, int, java.lang.Object, java.lang.Object, java.lang.Object)'> (0x000000008a0b53a8) thrown at [./src/hotspot/share/interpreter/linkResolver.cpp, line 773]
Event: 32.125 Thread 0x000001b8a0434000 Exception <a 'java/lang/NoSuchMethodError'{0x000000008a091670}: 'java.lang.Object java.lang.invoke.Invokers$Holder.linkToTargetMethod(java.lang.Object, java.lang.Object, java.lang.Object, int, java.lang.Object, java.lang.Object, java.lang.Object)'> (0x000000008a091670) thrown at [./src/hotspot/share/interpreter/linkResolver.cpp, line 773]
Event: 32.127 Thread 0x000001b8a0434000 Exception <a 'java/lang/NoSuchMethodError'{0x000000008a095508}: 'void java.lang.invoke.DirectMethodHandle$Holder.invokeStatic(java.lang.Object, java.lang.Object, java.lang.Object, java.lang.Object, java.lang.Object, java.lang.Object, java.lang.Object, java.lang.Object)'> (0x000000008a095508) thrown at [./src/hotspot/share/interpreter/linkResolver.cpp, line 773]
Event: 32.127 Thread 0x000001b8a5f25000 Exception <a 'java/lang/NoSuchMethodError'{0x0000000089f1ebb0}: 'void java.lang.invoke.DirectMethodHandle$Holder.invokeStatic(java.lang.Object, java.lang.Object, java.lang.Object, java.lang.Object, java.lang.Object, java.lang.Object, java.lang.Object, java.lang.Object)'> (0x0000000089f1ebb0) thrown at [./src/hotspot/share/interpreter/linkResolver.cpp, line 773]
Event: 32.127 Thread 0x000001b8a5f23000 Exception <a 'java/lang/NoSuchMethodError'{0x000000008a0c26b0}: 'void java.lang.invoke.DirectMethodHandle$Holder.invokeStatic(java.lang.Object, java.lang.Object, java.lang.Object, java.lang.Object, java.lang.Object, java.lang.Object, java.lang.Object, java.lang.Object)'> (0x000000008a0c26b0) thrown at [./src/hotspot/share/interpreter/linkResolver.cpp, line 773]
Event: 32.227 Thread 0x000001b8a5f25000 Exception <a 'java/lang/IncompatibleClassChangeError'{0x000000008990acb8}: Found class java.lang.Object, but interface was expected> (0x000000008990acb8) thrown at [./src/hotspot/share/interpreter/linkResolver.cpp, line 839]
Event: 32.305 Thread 0x000001b8a5f25000 Exception <a 'java/lang/NoSuchMethodError'{0x0000000089570ef0}: 'void java.lang.invoke.DirectMethodHandle$Holder.invokeVirtual(java.lang.Object, java.lang.Object, int)'> (0x0000000089570ef0) thrown at [./src/hotspot/share/interpreter/linkResolver.cpp, line 773]
Event: 32.815 Thread 0x000001b8a042e000 Exception <a 'sun/nio/fs/WindowsException'{0x000000008b35b3c0}> (0x000000008b35b3c0) thrown at [./src/hotspot/share/prims/jni.cpp, line 615]
Event: 32.815 Thread 0x000001b8a0438000 Exception <a 'sun/nio/fs/WindowsException'{0x000000008b3a17e8}> (0x000000008b3a17e8) thrown at [./src/hotspot/share/prims/jni.cpp, line 615]
Event: 32.886 Thread 0x000001b8a0438000 Exception <a 'java/lang/NoSuchMethodError'{0x000000008af0e888}: 'java.lang.Object java.lang.invoke.DirectMethodHandle$Holder.newInvokeSpecial(java.lang.Object, int)'> (0x000000008af0e888) thrown at [./src/hotspot/share/interpreter/linkResolver.cpp, line 773]

Events (20 events):
Event: 33.000 loading class java/nio/HeapShortBuffer
Event: 33.001 loading class java/nio/HeapShortBuffer done
Event: 33.001 loading class com/android/tools/r8/code/w1
Event: 33.001 loading class com/android/tools/r8/code/w1 done
Event: 33.002 loading class com/android/tools/r8/dex/p
Event: 33.002 loading class com/android/tools/r8/dex/p done
Event: 33.003 loading class com/android/tools/r8/graph/S0
Event: 33.003 loading class com/android/tools/r8/graph/S0 done
Event: 33.003 loading class java/util/AbstractList$RandomAccessSubList
Event: 33.003 loading class com/android/tools/r8/graph/S0
Event: 33.003 loading class com/android/tools/r8/graph/S0 done
Event: 33.003 loading class java/util/AbstractList$SubList
Event: 33.003 loading class com/android/tools/r8/graph/S0$a
Event: 33.003 loading class com/android/tools/r8/graph/S0$a done
Event: 33.003 loading class java/util/AbstractList$SubList done
Event: 33.003 loading class java/util/AbstractList$RandomAccessSubList done
Event: 33.004 loading class java/util/AbstractList$SubList$1
Event: 33.004 loading class java/util/AbstractList$SubList$1 done
Event: 33.004 loading class com/android/tools/r8/internal/ce1
Event: 33.004 loading class com/android/tools/r8/internal/ce1 done


Dynamic libraries:
0x00007ff6c8390000 - 0x00007ff6c839a000 	C:\Program Files\Android\Android Studio\jre\bin\java.exe
0x00007ffd03700000 - 0x00007ffd03909000 	C:\WINDOWS\SYSTEM32\ntdll.dll
0x00007ffd02eb0000 - 0x00007ffd02f6d000 	C:\WINDOWS\System32\KERNEL32.DLL
0x00007ffd011e0000 - 0x00007ffd01559000 	C:\WINDOWS\System32\KERNELBASE.dll
0x00007ffd00da0000 - 0x00007ffd00eb1000 	C:\WINDOWS\System32\ucrtbase.dll
0x00007ffced6a0000 - 0x00007ffced6b7000 	C:\Program Files\Android\Android Studio\jre\bin\VCRUNTIME140.dll
0x00007ffcef360000 - 0x00007ffcef379000 	C:\Program Files\Android\Android Studio\jre\bin\jli.dll
0x00007ffd027b0000 - 0x00007ffd0295c000 	C:\WINDOWS\System32\USER32.dll
0x00007ffcffdd0000 - 0x00007ffd00075000 	C:\WINDOWS\WinSxS\amd64_microsoft.windows.common-controls_6595b64144ccf1df_6.0.22000.120_none_9d947278b86cc467\COMCTL32.dll
0x00007ffd01140000 - 0x00007ffd01166000 	C:\WINDOWS\System32\win32u.dll
0x00007ffd02f70000 - 0x00007ffd03013000 	C:\WINDOWS\System32\msvcrt.dll
0x00007ffd01fc0000 - 0x00007ffd01fe9000 	C:\WINDOWS\System32\GDI32.dll
0x00007ffd01020000 - 0x00007ffd01132000 	C:\WINDOWS\System32\gdi32full.dll
0x00007ffd00ec0000 - 0x00007ffd00f5d000 	C:\WINDOWS\System32\msvcp_win.dll
0x00007ffd03650000 - 0x00007ffd03681000 	C:\WINDOWS\System32\IMM32.DLL
0x00007ffceab60000 - 0x00007ffceabfd000 	C:\Program Files\Android\Android Studio\jre\bin\msvcp140.dll
0x00007ffcc4310000 - 0x00007ffcc4de5000 	C:\Program Files\Android\Android Studio\jre\bin\server\jvm.dll
0x00007ffd02230000 - 0x00007ffd022de000 	C:\WINDOWS\System32\ADVAPI32.dll
0x00007ffd035b0000 - 0x00007ffd0364e000 	C:\WINDOWS\System32\sechost.dll
0x00007ffd03170000 - 0x00007ffd03290000 	C:\WINDOWS\System32\RPCRT4.dll
0x00007ffd03160000 - 0x00007ffd03168000 	C:\WINDOWS\System32\PSAPI.DLL
0x00007ffcebdb0000 - 0x00007ffcebdb9000 	C:\WINDOWS\SYSTEM32\WSOCK32.dll
0x00007ffcfb5d0000 - 0x00007ffcfb603000 	C:\WINDOWS\SYSTEM32\WINMM.dll
0x00007ffcf9370000 - 0x00007ffcf937a000 	C:\WINDOWS\SYSTEM32\VERSION.dll
0x00007ffd033a0000 - 0x00007ffd0340f000 	C:\WINDOWS\System32\WS2_32.dll
0x00007ffcff5f0000 - 0x00007ffcff608000 	C:\WINDOWS\SYSTEM32\kernel.appcore.dll
0x00007ffcfc060000 - 0x00007ffcfc071000 	C:\Program Files\Android\Android Studio\jre\bin\verify.dll
0x00007ffd00500000 - 0x00007ffd00721000 	C:\WINDOWS\SYSTEM32\DBGHELP.DLL
0x00007ffd00240000 - 0x00007ffd00271000 	C:\WINDOWS\SYSTEM32\dbgcore.DLL
0x00007ffd00bb0000 - 0x00007ffd00c2f000 	C:\WINDOWS\System32\bcryptPrimitives.dll
0x00007ffceaab0000 - 0x00007ffceaad9000 	C:\Program Files\Android\Android Studio\jre\bin\java.dll
0x00007ffcfb3f0000 - 0x00007ffcfb3fb000 	C:\Program Files\Android\Android Studio\jre\bin\jimage.dll
0x00007ffcf9430000 - 0x00007ffcf9448000 	C:\Program Files\Android\Android Studio\jre\bin\zip.dll
0x00007ffd01560000 - 0x00007ffd01d18000 	C:\WINDOWS\System32\SHELL32.dll
0x00007ffcfe660000 - 0x00007ffcfeec7000 	C:\WINDOWS\SYSTEM32\windows.storage.dll
0x00007ffd02960000 - 0x00007ffd02cd9000 	C:\WINDOWS\System32\combase.dll
0x00007ffcfe4f0000 - 0x00007ffcfe656000 	C:\WINDOWS\SYSTEM32\wintypes.dll
0x00007ffd01e40000 - 0x00007ffd01f2a000 	C:\WINDOWS\System32\SHCORE.dll
0x00007ffd01f50000 - 0x00007ffd01fad000 	C:\WINDOWS\System32\shlwapi.dll
0x00007ffd00ae0000 - 0x00007ffd00b01000 	C:\WINDOWS\SYSTEM32\profapi.dll
0x00007ffceee60000 - 0x00007ffceee7a000 	C:\Program Files\Android\Android Studio\jre\bin\net.dll
0x00007ffcfb860000 - 0x00007ffcfb96c000 	C:\WINDOWS\SYSTEM32\WINHTTP.dll
0x00007ffcffbe0000 - 0x00007ffcffc47000 	C:\WINDOWS\system32\mswsock.dll
0x00007ffceedd0000 - 0x00007ffceede4000 	C:\Program Files\Android\Android Studio\jre\bin\nio.dll
0x00007ffceee10000 - 0x00007ffceee37000 	C:\Users\ASUS\.gradle\native\e1d6ef7f7dcc3fd88c89a11ec53ec762bb8ba0a96d01ffa2cd45eb1d1d8dd5c5\windows-amd64\native-platform.dll
0x00007ffce66f0000 - 0x00007ffce6834000 	C:\Users\ASUS\.gradle\native\5664cfc778a61ccfe75a443a1ab52a65af34e5dc3c78e0209fed803814484fcb\windows-amd64\native-platform-file-events.dll
0x00007ffced800000 - 0x00007ffced80a000 	C:\Program Files\Android\Android Studio\jre\bin\management.dll
0x00007ffced7f0000 - 0x00007ffced7fd000 	C:\Program Files\Android\Android Studio\jre\bin\management_ext.dll
0x00007ffd00860000 - 0x00007ffd00878000 	C:\WINDOWS\SYSTEM32\CRYPTSP.dll
0x00007ffcff550000 - 0x00007ffcff585000 	C:\WINDOWS\system32\rsaenh.dll
0x00007ffcffd10000 - 0x00007ffcffd39000 	C:\WINDOWS\SYSTEM32\USERENV.dll
0x00007ffd00300000 - 0x00007ffd00327000 	C:\WINDOWS\SYSTEM32\bcrypt.dll
0x00007ffcffb90000 - 0x00007ffcffb9c000 	C:\WINDOWS\SYSTEM32\CRYPTBASE.dll
0x00007ffcff160000 - 0x00007ffcff18d000 	C:\WINDOWS\SYSTEM32\IPHLPAPI.DLL
0x00007ffd03020000 - 0x00007ffd03029000 	C:\WINDOWS\System32\NSI.dll
0x00007ffcfaff0000 - 0x00007ffcfb009000 	C:\WINDOWS\SYSTEM32\dhcpcsvc6.DLL
0x00007ffcfb280000 - 0x00007ffcfb29e000 	C:\WINDOWS\SYSTEM32\dhcpcsvc.DLL
0x00007ffcff190000 - 0x00007ffcff278000 	C:\WINDOWS\SYSTEM32\DNSAPI.dll
0x00007ffd004c0000 - 0x00007ffd004f4000 	C:\WINDOWS\SYSTEM32\ntmarta.dll

dbghelp: loaded successfully - version: 4.0.5 - missing functions: none
symbol engine: initialized successfully - sym options: 0x614 - pdb path: .;C:\Program Files\Android\Android Studio\jre\bin;C:\WINDOWS\SYSTEM32;C:\WINDOWS\WinSxS\amd64_microsoft.windows.common-controls_6595b64144ccf1df_6.0.22000.120_none_9d947278b86cc467;C:\Program Files\Android\Android Studio\jre\bin\server;C:\Users\ASUS\.gradle\native\e1d6ef7f7dcc3fd88c89a11ec53ec762bb8ba0a96d01ffa2cd45eb1d1d8dd5c5\windows-amd64;C:\Users\ASUS\.gradle\native\5664cfc778a61ccfe75a443a1ab52a65af34e5dc3c78e0209fed803814484fcb\windows-amd64

VM Arguments:
jvm_args: --add-opens=java.base/java.util=ALL-UNNAMED --add-opens=java.base/java.lang=ALL-UNNAMED --add-opens=java.base/java.lang.invoke=ALL-UNNAMED --add-opens=java.base/java.util=ALL-UNNAMED --add-opens=java.prefs/java.util.prefs=ALL-UNNAMED --add-opens=java.prefs/java.util.prefs=ALL-UNNAMED --add-opens=java.base/java.nio.charset=ALL-UNNAMED --add-opens=java.base/java.net=ALL-UNNAMED --add-opens=java.base/java.util.concurrent.atomic=ALL-UNNAMED -Xmx2048m -Dfile.encoding=UTF-8 -Duser.country=US -Duser.language=en -Duser.variant 
java_command: org.gradle.launcher.daemon.bootstrap.GradleDaemon 7.2
java_class_path (initial): C:\Users\ASUS\.gradle\wrapper\dists\gradle-7.2-bin\2dnblmf4td7x66yl1d74lt32g\gradle-7.2\lib\gradle-launcher-7.2.jar
Launcher Type: SUN_STANDARD

[Global flags]
     intx CICompilerCount                          = 4                                         {product} {ergonomic}
     uint ConcGCThreads                            = 2                                         {product} {ergonomic}
     uint G1ConcRefinementThreads                  = 8                                         {product} {ergonomic}
   size_t G1HeapRegionSize                         = 1048576                                   {product} {ergonomic}
    uintx GCDrainStackTargetSize                   = 64                                        {product} {ergonomic}
   size_t InitialHeapSize                          = 134217728                                 {product} {ergonomic}
   size_t MarkStackSize                            = 4194304                                   {product} {ergonomic}
   size_t MaxHeapSize                              = 2147483648                                {product} {command line}
   size_t MaxNewSize                               = 1287651328                                {product} {ergonomic}
   size_t MinHeapDeltaBytes                        = 1048576                                   {product} {ergonomic}
    uintx NonNMethodCodeHeapSize                   = 5836300                                {pd product} {ergonomic}
    uintx NonProfiledCodeHeapSize                  = 122910970                              {pd product} {ergonomic}
    uintx ProfiledCodeHeapSize                     = 122910970                              {pd product} {ergonomic}
    uintx ReservedCodeCacheSize                    = 251658240                              {pd product} {ergonomic}
     bool SegmentedCodeCache                       = true                                      {product} {ergonomic}
     bool UseCompressedClassPointers               = true                                 {lp64_product} {ergonomic}
     bool UseCompressedOops                        = true                                 {lp64_product} {ergonomic}
     bool UseG1GC                                  = true                                      {product} {ergonomic}
     bool UseLargePagesIndividualAllocation        = false                                  {pd product} {ergonomic}

Logging:
Log output configuration:
 #0: stdout all=warning uptime,level,tags
 #1: stderr all=off uptime,level,tags

Environment Variables:
PATH=C:\Program Files\Common Files\Oracle\Java\javapath;C:\ProgramData\Oracle\Java\javapath;C:\Program Files (x86)\Intel\iCLS Client\;C:\Program Files\Intel\iCLS Client\;C:\Windows\system32;C:\Windows;C:\Windows\System32\Wbem;C:\Windows\System32\WindowsPowerShell\v1.0\;C:\Windows\System32\OpenSSH\;C:\Program Files (x86)\Intel\Intel(R) Management Engine Components\DAL;C:\Program Files\Intel\Intel(R) Management Engine Components\DAL;C:\Program Files (x86)\Intel\Intel(R) Management Engine Components\IPT;C:\Program Files\Intel\Intel(R) Management Engine Components\IPT;C:\Program Files (x86)\NVIDIA Corporation\PhysX\Common;C:\Program Files\Intel\WiFi\bin\;C:\Program Files\Common Files\Intel\WirelessCommon\;C:\Program Files\Java\jdk-12.0.1\bin;C:\Program Files\dotnet\;C:\WINDOWS\system32;C:\WINDOWS;C:\WINDOWS\System32\Wbem;C:\WINDOWS\System32\WindowsPowerShell\v1.0\;C:\WINDOWS\System32\OpenSSH\;C:\Program Files (x86)\GtkSharp\2.12\bin;C:\Program Files\nodejs\;C:\Program Files\Dart\dart-sdk\bin;C:\Program Files\Java\jdk-17\bin;C:\MinGW\bin;C:\Program Files\Git\cmd;C:\Program Files\PowerShell\7\;C:\xampp\php;C:\ProgramData\ComposerSetup\bin;C:\Program Files (x86)\dotnet\;C:\Program Files\Common Files\Oracle\Java\javapath;C:\ProgramData\Oracle\Java\javapath;C:\Program Files (x86)\Intel\iCLS Client\;C:\Program Files\Intel\iCLS Client\;C:\Windows\system32;C:\Windows;C:\Windows\System32\Wbem;C:\Windows\System32\WindowsPowerShell\v1.0\;C:\Windows\System32\OpenSSH\;C:\Program Files (x86)\Intel\Intel(R) Management Engine Components\DAL;C:\Program Files\Intel\Intel(R) Management Engine Components\DAL;C:\Program Files (x86)\Intel\Intel(R) Management Engine Components\IPT;C:\Program Files\Intel\Intel(R) Management Engine Components\IPT;C:\Program Files (x86)\NVIDIA Corporation\PhysX\Common;C:\Program Files\Intel\WiFi\bin\;C:\Program Files\Common Files\Intel\WirelessCommon\;C:\Program Files\Java\jdk-12.0.1\bin;C:\Program Files\dotnet\;C:\WINDOWS\system32;C:\WINDOWS;C:\WINDOWS\System32\Wb
USERNAME=ASUS
OS=Windows_NT
PROCESSOR_IDENTIFIER=Intel64 Family 6 Model 142 Stepping 10, GenuineIntel



---------------  S Y S T E M  ---------------

OS: Windows 10 , 64 bit Build 22000 (10.0.22000.708)
OS uptime: 0 days 17:48 hours

CPU:total 8 (initial active 8) (4 cores per cpu, 2 threads per core) family 6 model 142 stepping 10 microcode 0xe0, cmov, cx8, fxsr, mmx, sse, sse2, sse3, ssse3, sse4.1, sse4.2, popcnt, avx, avx2, aes, clmul, erms, 3dnowpref, lzcnt, ht, tsc, tscinvbit, bmi1, bmi2, adx, fma

Memory: 4k page, system-wide physical 8074M (350M free)
TotalPageFile size 12170M (AvailPageFile size 0M)
current process WorkingSet (physical memory assigned to process): 484M, peak: 484M
current process commit charge ("private bytes"): 521M, peak: 522M

vm_info: OpenJDK 64-Bit Server VM (11.0.11+9-b60-7590822) for windows-amd64 JRE (11.0.11+9-b60-7590822), built on Jul 29 2021 21:43:44 by "builder" with MS VC++ 14.0 (VS2015)

END.
