#
# There is insufficient memory for the Java Runtime Environment to continue.
# Native memory allocation (mmap) failed to map 201326592 bytes for Failed to commit area from 0x000000008de00000 to 0x0000000099e00000 of length 201326592.
# Possible reasons:
#   The system is out of physical RAM or swap space
#   The process is running with CompressedOops enabled, and the Java Heap may be blocking the growth of the native heap
# Possible solutions:
#   Reduce memory load on the system
#   Increase physical memory or swap space
#   Check if swap backing store is full
#   Decrease Java heap size (-Xmx/-Xms)
#   Decrease number of Java threads
#   Decrease Java thread stack sizes (-Xss)
#   Set larger code cache with -XX:ReservedCodeCacheSize=
#   JVM is running with Unscaled Compressed Oops mode in which the Java heap is
#     placed in the first 4GB address space. The Java Heap base address is the
#     maximum limit for the native heap growth. Please use -XX:HeapBaseMinAddress
#     to set the Java Heap base and to place the Java Heap above 4GB virtual address.
# This output file may be truncated or incomplete.
#
#  Out of Memory Error (./src/hotspot/os/windows/os_windows.cpp:3301), pid=14788, tid=2988
#
# JRE version: OpenJDK Runtime Environment (11.0.11+9) (build 11.0.11+9-b60-7590822)
# Java VM: OpenJDK 64-Bit Server VM (11.0.11+9-b60-7590822, mixed mode, tiered, compressed oops, g1 gc, windows-amd64)
# No core dump will be written. Minidumps are not enabled by default on client versions of Windows
#

---------------  S U M M A R Y ------------

Command Line: --add-opens=java.base/java.util=ALL-UNNAMED --add-opens=java.base/java.lang=ALL-UNNAMED --add-opens=java.base/java.lang.invoke=ALL-UNNAMED --add-opens=java.base/java.util=ALL-UNNAMED --add-opens=java.prefs/java.util.prefs=ALL-UNNAMED --add-opens=java.prefs/java.util.prefs=ALL-UNNAMED --add-opens=java.base/java.nio.charset=ALL-UNNAMED --add-opens=java.base/java.net=ALL-UNNAMED --add-opens=java.base/java.util.concurrent.atomic=ALL-UNNAMED -Xmx2048m -Dfile.encoding=UTF-8 -Duser.country=US -Duser.language=en -Duser.variant org.gradle.launcher.daemon.bootstrap.GradleDaemon 7.2

Host: Intel(R) Core(TM) i5-8250U CPU @ 1.60GHz, 8 cores, 7G,  Windows 10 , 64 bit Build 22000 (10.0.22000.708)
Time: Fri Aug  5 16:32:46 2022 Bangladesh Standard Time elapsed time: 3330.767143 seconds (0d 0h 55m 30s)

---------------  T H R E A D  ---------------

Current thread (0x0000020a6bcf6000):  VMThread "VM Thread" [stack: 0x000000be8b200000,0x000000be8b300000] [id=2988]

Stack: [0x000000be8b200000,0x000000be8b300000]
[error occurred during error reporting (printing stack bounds), id 0xc0000005, EXCEPTION_ACCESS_VIOLATION (0xc0000005) at pc=0x0000020a54bb0f2d]

Native frames: (J=compiled Java code, j=interpreted, Vv=VM code, C=native code)
V  [jvm.dll+0x5f214a]
V  [jvm.dll+0x726fb5]
V  [jvm.dll+0x7285cd]
V  [jvm.dll+0x728be5]
V  [jvm.dll+0x728b9b]
V  [jvm.dll+0x5f14e8]
V  [jvm.dll+0x5f1c78]
C  [ntdll.dll+0xa8eaf]
C  [ntdll.dll+0x35e9a]
C  [ntdll.dll+0xa7ebe]
C  0x0000020a54bb0f2d

VM_Operation (0x000000be914f9190): G1CollectForAllocation, mode: safepoint, requested by thread 0x0000020a7712b000


---------------  P R O C E S S  ---------------

Threads class SMR info:
_java_thread_list=0x0000020a74a93cc0, length=136, elements={
0x0000020a4f8e2800, 0x0000020a6bcf8000, 0x0000020a6bd03000, 0x0000020a6c684800,
0x0000020a6c686000, 0x0000020a6c687000, 0x0000020a6c68a000, 0x0000020a6c68b800,
0x0000020a6c690000, 0x0000020a6c7d6800, 0x0000020a6f371000, 0x0000020a6ca46800,
0x0000020a6ed43000, 0x0000020a6e6eb000, 0x0000020a6e6eb800, 0x0000020a6e6ec800,
0x0000020a6e6e7800, 0x0000020a6e6ee000, 0x0000020a6fc82000, 0x0000020a6fc88800,
0x0000020a6fc89800, 0x0000020a6fc8a800, 0x0000020a6fc8b000, 0x0000020a72556000,
0x0000020a72558000, 0x0000020a72555800, 0x0000020a72552000, 0x0000020a72558800,
0x0000020a722c4000, 0x0000020a722ca000, 0x0000020a6ca4a800, 0x0000020a6ca4c000,
0x0000020a6ca4d800, 0x0000020a6ca4b000, 0x0000020a6ca4d000, 0x0000020a6ca48000,
0x0000020a6ca4e800, 0x0000020a6ca49000, 0x0000020a6ca4f800, 0x0000020a6ca49800,
0x0000020a6ca56000, 0x0000020a6ca55000, 0x0000020a6ca50000, 0x0000020a6ca56800,
0x0000020a6ca53800, 0x0000020a6ca54000, 0x0000020a6ca51000, 0x0000020a6ca52000,
0x0000020a6ca52800, 0x0000020a722c1000, 0x0000020a722c3800, 0x0000020a722bf800,
0x0000020a722c6000, 0x0000020a722c2800, 0x0000020a722c5000, 0x0000020a722c0000,
0x0000020a722cc800, 0x0000020a722c8000, 0x0000020a722c7800, 0x0000020a722ca800,
0x0000020a722c9000, 0x0000020a722c6800, 0x0000020a722cb800, 0x0000020a722ce000,
0x0000020a722cd000, 0x0000020a7254c800, 0x0000020a7254b800, 0x0000020a7254a000,
0x0000020a7254f800, 0x0000020a7254d000, 0x0000020a7254f000, 0x0000020a7254e000,
0x0000020a72550800, 0x0000020a7254a800, 0x0000020a72557000, 0x0000020a72553000,
0x0000020a72551000, 0x0000020a72553800, 0x0000020a72554800, 0x0000020a6fc85800,
0x0000020a6fc84800, 0x0000020a6fc8c000, 0x0000020a6fc86000, 0x0000020a6fc8c800,
0x0000020a6fc87000, 0x0000020a6fc8d800, 0x0000020a6fc88000, 0x0000020a6fc90000,
0x0000020a6fc91000, 0x0000020a6fc8e800, 0x0000020a6fc8f000, 0x0000020a6e6ea000,
0x0000020a6e6ed800, 0x0000020a6e6e8800, 0x0000020a6e6e9000, 0x0000020a77130000,
0x0000020a7712e000, 0x0000020a77130800, 0x0000020a7712d800, 0x0000020a7712f000,
0x0000020a7712b000, 0x0000020a7712c800, 0x0000020a77131800, 0x0000020a7712b800,
0x0000020a77137000, 0x0000020a77134800, 0x0000020a77138000, 0x0000020a77134000,
0x0000020a77135800, 0x0000020a77136800, 0x0000020a77132800, 0x0000020a77139000,
0x0000020a77133000, 0x0000020a77139800, 0x0000020a6df6e800, 0x0000020a6df6f800,
0x0000020a6df73800, 0x0000020a6df70800, 0x0000020a6df71000, 0x0000020a6df77800,
0x0000020a6df72000, 0x0000020a6df75800, 0x0000020a6df74800, 0x0000020a6df76000,
0x0000020a6df77000, 0x0000020a6df73000, 0x0000020a6df7d800, 0x0000020a6df79800,
0x0000020a6df7b000, 0x0000020a6df7c000, 0x0000020a6df7a000, 0x0000020a6df7c800,
0x0000020a73bca800, 0x0000020a73bcb000, 0x0000020a73bc9800, 0x0000020a73bc9000
}

Java Threads: ( => current thread )
  0x0000020a4f8e2800 JavaThread "main" [_thread_blocked, id=8148, stack(0x000000be8ac00000,0x000000be8ad00000)]
  0x0000020a6bcf8000 JavaThread "Reference Handler" daemon [_thread_blocked, id=10756, stack(0x000000be8b300000,0x000000be8b400000)]
  0x0000020a6bd03000 JavaThread "Finalizer" daemon [_thread_blocked, id=6544, stack(0x000000be8b400000,0x000000be8b500000)]
  0x0000020a6c684800 JavaThread "Signal Dispatcher" daemon [_thread_blocked, id=10784, stack(0x000000be8b500000,0x000000be8b600000)]
  0x0000020a6c686000 JavaThread "Attach Listener" daemon [_thread_blocked, id=14968, stack(0x000000be8b600000,0x000000be8b700000)]
  0x0000020a6c687000 JavaThread "Service Thread" daemon [_thread_blocked, id=14888, stack(0x000000be8b700000,0x000000be8b800000)]
  0x0000020a6c68a000 JavaThread "C2 CompilerThread0" daemon [_thread_blocked, id=15536, stack(0x000000be8b800000,0x000000be8b900000)]
  0x0000020a6c68b800 JavaThread "C1 CompilerThread0" daemon [_thread_blocked, id=15424, stack(0x000000be8b900000,0x000000be8ba00000)]
  0x0000020a6c690000 JavaThread "Sweeper thread" daemon [_thread_blocked, id=15296, stack(0x000000be8ba00000,0x000000be8bb00000)]
  0x0000020a6c7d6800 JavaThread "Common-Cleaner" daemon [_thread_blocked, id=11172, stack(0x000000be8bb00000,0x000000be8bc00000)]
  0x0000020a6f371000 JavaThread "Daemon health stats" [_thread_blocked, id=3940, stack(0x000000be8c100000,0x000000be8c200000)]
  0x0000020a6ca46800 JavaThread "Incoming local TCP Connector on port 58182" [_thread_in_native, id=21204, stack(0x000000be8bd00000,0x000000be8be00000)]
  0x0000020a6ed43000 JavaThread "Daemon periodic checks" [_thread_blocked, id=9640, stack(0x000000be8be00000,0x000000be8bf00000)]
  0x0000020a6e6eb000 JavaThread "Cache worker for journal cache (C:\Users\ASUS\.gradle\caches\journal-1)" [_thread_blocked, id=16552, stack(0x000000be8ce00000,0x000000be8cf00000)]
  0x0000020a6e6eb800 JavaThread "File lock request listener" [_thread_in_native, id=7708, stack(0x000000be8cf00000,0x000000be8d000000)]
  0x0000020a6e6ec800 JavaThread "Cache worker for file hash cache (C:\Users\ASUS\.gradle\caches\7.2\fileHashes)" [_thread_blocked, id=17988, stack(0x000000be8d000000,0x000000be8d100000)]
  0x0000020a6e6e7800 JavaThread "File watcher server" daemon [_thread_blocked, id=14104, stack(0x000000be8d400000,0x000000be8d500000)]
  0x0000020a6e6ee000 JavaThread "File watcher consumer" daemon [_thread_blocked, id=13104, stack(0x000000be8d500000,0x000000be8d600000)]
  0x0000020a6fc82000 JavaThread "Cache worker for execution history cache (C:\Users\ASUS\.gradle\caches\7.2\executionHistory)" [_thread_blocked, id=15396, stack(0x000000be8da00000,0x000000be8db00000)]
  0x0000020a6fc88800 JavaThread "jar transforms" [_thread_blocked, id=1996, stack(0x000000be8db00000,0x000000be8dc00000)]
  0x0000020a6fc89800 JavaThread "Cache worker for file content cache (C:\Users\ASUS\.gradle\caches\7.2\fileContent)" [_thread_blocked, id=15604, stack(0x000000be8dc00000,0x000000be8dd00000)]
  0x0000020a6fc8a800 JavaThread "jar transforms Thread 2" [_thread_blocked, id=10464, stack(0x000000be8dd00000,0x000000be8de00000)]
  0x0000020a6fc8b000 JavaThread "jar transforms Thread 3" [_thread_blocked, id=12860, stack(0x000000be8df00000,0x000000be8e000000)]
  0x0000020a72556000 JavaThread "jar transforms Thread 4" [_thread_blocked, id=14520, stack(0x000000be93100000,0x000000be93200000)]
  0x0000020a72558000 JavaThread "jar transforms Thread 5" [_thread_blocked, id=8852, stack(0x000000be93200000,0x000000be93300000)]
  0x0000020a72555800 JavaThread "jar transforms Thread 6" [_thread_blocked, id=11696, stack(0x000000be93300000,0x000000be93400000)]
  0x0000020a72552000 JavaThread "jar transforms Thread 7" [_thread_blocked, id=3644, stack(0x000000be93400000,0x000000be93500000)]
  0x0000020a72558800 JavaThread "jar transforms Thread 8" [_thread_blocked, id=16980, stack(0x000000be93500000,0x000000be93600000)]
  0x0000020a722c4000 JavaThread "Memory manager" [_thread_blocked, id=15332, stack(0x000000be93600000,0x000000be93700000)]
  0x0000020a722ca000 JavaThread "Cache worker for Java compile cache (C:\Users\ASUS\.gradle\caches\7.2\javaCompile)" [_thread_blocked, id=15812, stack(0x000000be94800000,0x000000be94900000)]
  0x0000020a6ca4a800 JavaThread "ForkJoinPool.commonPool-worker-1" daemon [_thread_blocked, id=15404, stack(0x000000be95900000,0x000000be95a00000)]
  0x0000020a6ca4c000 JavaThread "Daemon Thread 8" [_thread_blocked, id=18020, stack(0x000000be8a900000,0x000000be8aa00000)]
  0x0000020a6ca4d800 JavaThread "Handler for socket connection from /127.0.0.1:58182 to /127.0.0.1:62224" [_thread_in_native, id=3492, stack(0x000000be8aa00000,0x000000be8ab00000)]
  0x0000020a6ca4b000 JavaThread "Cancel handler" [_thread_blocked, id=3580, stack(0x000000be8ab00000,0x000000be8ac00000)]
  0x0000020a6ca4d000 JavaThread "Daemon worker Thread 8" [_thread_blocked, id=3208, stack(0x000000be8c200000,0x000000be8c300000)]
  0x0000020a6ca48000 JavaThread "Asynchronous log dispatcher for DefaultDaemonConnection: socket connection from /127.0.0.1:58182 to /127.0.0.1:62224" [_thread_blocked, id=15744, stack(0x000000be8c300000,0x000000be8c400000)]
  0x0000020a6ca4e800 JavaThread "Stdin handler" [_thread_blocked, id=21352, stack(0x000000be8c400000,0x000000be8c500000)]
  0x0000020a6ca49000 JavaThread "Daemon client event forwarder" [_thread_blocked, id=10184, stack(0x000000be8c500000,0x000000be8c600000)]
  0x0000020a6ca4f800 JavaThread "Cache worker for file hash cache (C:\Users\ASUS\Applications\BMI_Calculator\.gradle\7.2\fileHashes)" [_thread_blocked, id=21428, stack(0x000000be8c600000,0x000000be8c700000)]
  0x0000020a6ca49800 JavaThread "Cache worker for checksums cache (C:\Users\ASUS\Applications\BMI_Calculator\.gradle\checksums)" [_thread_blocked, id=15320, stack(0x000000be8c700000,0x000000be8c800000)]
  0x0000020a6ca56000 JavaThread "Cache worker for cache directory md-supplier (C:\Users\ASUS\.gradle\caches\7.2\md-supplier)" [_thread_blocked, id=12992, stack(0x000000be8c800000,0x000000be8c900000)]
  0x0000020a6ca55000 JavaThread "Cache worker for cache directory md-rule (C:\Users\ASUS\.gradle\caches\7.2\md-rule)" [_thread_blocked, id=19452, stack(0x000000be8d200000,0x000000be8d300000)]
  0x0000020a6ca50000 JavaThread "Cache worker for dependencies-accessors (C:\Users\ASUS\Applications\BMI_Calculator\.gradle\7.2\dependencies-accessors)" [_thread_blocked, id=2248, stack(0x000000be8d300000,0x000000be8d400000)]
  0x0000020a6ca56800 JavaThread "Cache worker for Build Output Cleanup Cache (C:\Users\ASUS\Applications\BMI_Calculator\.gradle\buildOutputCleanup)" [_thread_blocked, id=8672, stack(0x000000be8d600000,0x000000be8d700000)]
  0x0000020a6ca53800 JavaThread "C2 CompilerThread1" daemon [_thread_in_native, id=15852, stack(0x000000be8d700000,0x000000be8d800000)]
  0x0000020a6ca54000 JavaThread "Unconstrained build operations" [_thread_blocked, id=21768, stack(0x000000be8d800000,0x000000be8d900000)]
  0x0000020a6ca51000 JavaThread "Unconstrained build operations Thread 2" [_thread_blocked, id=13112, stack(0x000000be8d900000,0x000000be8da00000)]
  0x0000020a6ca52000 JavaThread "Unconstrained build operations Thread 3" [_thread_blocked, id=16344, stack(0x000000be8de00000,0x000000be8df00000)]
  0x0000020a6ca52800 JavaThread "Unconstrained build operations Thread 4" [_thread_blocked, id=16728, stack(0x000000be8e000000,0x000000be8e100000)]
  0x0000020a722c1000 JavaThread "Unconstrained build operations Thread 5" [_thread_blocked, id=10196, stack(0x000000be8e100000,0x000000be8e200000)]
  0x0000020a722c3800 JavaThread "Unconstrained build operations Thread 6" [_thread_blocked, id=7192, stack(0x000000be8e200000,0x000000be8e300000)]
  0x0000020a722bf800 JavaThread "Unconstrained build operations Thread 7" [_thread_blocked, id=10420, stack(0x000000be8e300000,0x000000be8e400000)]
  0x0000020a722c6000 JavaThread "Unconstrained build operations Thread 8" [_thread_blocked, id=15864, stack(0x000000be8e400000,0x000000be8e500000)]
  0x0000020a722c2800 JavaThread "Unconstrained build operations Thread 9" [_thread_blocked, id=13852, stack(0x000000be8e500000,0x000000be8e600000)]
  0x0000020a722c5000 JavaThread "Unconstrained build operations Thread 10" [_thread_blocked, id=21800, stack(0x000000be8e600000,0x000000be8e700000)]
  0x0000020a722c0000 JavaThread "Unconstrained build operations Thread 11" [_thread_blocked, id=13384, stack(0x000000be8e700000,0x000000be8e800000)]
  0x0000020a722cc800 JavaThread "Unconstrained build operations Thread 12" [_thread_blocked, id=4908, stack(0x000000be8e800000,0x000000be8e900000)]
  0x0000020a722c8000 JavaThread "Unconstrained build operations Thread 13" [_thread_blocked, id=14600, stack(0x000000be8e900000,0x000000be8ea00000)]
  0x0000020a722c7800 JavaThread "Unconstrained build operations Thread 14" [_thread_blocked, id=20780, stack(0x000000be8ea00000,0x000000be8eb00000)]
  0x0000020a722ca800 JavaThread "Unconstrained build operations Thread 15" [_thread_blocked, id=12228, stack(0x000000be8eb00000,0x000000be8ec00000)]
  0x0000020a722c9000 JavaThread "Unconstrained build operations Thread 16" [_thread_blocked, id=19468, stack(0x000000be8ec00000,0x000000be8ed00000)]
  0x0000020a722c6800 JavaThread "Unconstrained build operations Thread 17" [_thread_blocked, id=21140, stack(0x000000be8ed00000,0x000000be8ee00000)]
  0x0000020a722cb800 JavaThread "Unconstrained build operations Thread 18" [_thread_blocked, id=3560, stack(0x000000be8ee00000,0x000000be8ef00000)]
  0x0000020a722ce000 JavaThread "Unconstrained build operations Thread 19" [_thread_blocked, id=7012, stack(0x000000be8ef00000,0x000000be8f000000)]
  0x0000020a722cd000 JavaThread "Unconstrained build operations Thread 20" [_thread_blocked, id=16988, stack(0x000000be8f000000,0x000000be8f100000)]
  0x0000020a7254c800 JavaThread "Unconstrained build operations Thread 21" [_thread_blocked, id=17104, stack(0x000000be8f100000,0x000000be8f200000)]
  0x0000020a7254b800 JavaThread "Unconstrained build operations Thread 22" [_thread_blocked, id=904, stack(0x000000be8f200000,0x000000be8f300000)]
  0x0000020a7254a000 JavaThread "Unconstrained build operations Thread 23" [_thread_blocked, id=20932, stack(0x000000be8f300000,0x000000be8f400000)]
  0x0000020a7254f800 JavaThread "Unconstrained build operations Thread 24" [_thread_blocked, id=21612, stack(0x000000be8f400000,0x000000be8f500000)]
  0x0000020a7254d000 JavaThread "Unconstrained build operations Thread 25" [_thread_blocked, id=19364, stack(0x000000be8f500000,0x000000be8f600000)]
  0x0000020a7254f000 JavaThread "Unconstrained build operations Thread 26" [_thread_blocked, id=11336, stack(0x000000be8f600000,0x000000be8f700000)]
  0x0000020a7254e000 JavaThread "Unconstrained build operations Thread 27" [_thread_blocked, id=21664, stack(0x000000be8f700000,0x000000be8f800000)]
  0x0000020a72550800 JavaThread "Unconstrained build operations Thread 28" [_thread_blocked, id=13388, stack(0x000000be8f800000,0x000000be8f900000)]
  0x0000020a7254a800 JavaThread "Unconstrained build operations Thread 29" [_thread_blocked, id=12832, stack(0x000000be8f900000,0x000000be8fa00000)]
  0x0000020a72557000 JavaThread "Unconstrained build operations Thread 30" [_thread_blocked, id=16580, stack(0x000000be8fa00000,0x000000be8fb00000)]
  0x0000020a72553000 JavaThread "Unconstrained build operations Thread 31" [_thread_blocked, id=2740, stack(0x000000be8fb00000,0x000000be8fc00000)]
  0x0000020a72551000 JavaThread "Unconstrained build operations Thread 32" [_thread_blocked, id=12304, stack(0x000000be8fc00000,0x000000be8fd00000)]
  0x0000020a72553800 JavaThread "Unconstrained build operations Thread 33" [_thread_blocked, id=12788, stack(0x000000be8fd00000,0x000000be8fe00000)]
  0x0000020a72554800 JavaThread "Unconstrained build operations Thread 34" [_thread_blocked, id=7456, stack(0x000000be8fe00000,0x000000be8ff00000)]
  0x0000020a6fc85800 JavaThread "Unconstrained build operations Thread 35" [_thread_blocked, id=2072, stack(0x000000be8ff00000,0x000000be90000000)]
  0x0000020a6fc84800 JavaThread "Unconstrained build operations Thread 36" [_thread_blocked, id=21000, stack(0x000000be90000000,0x000000be90100000)]
  0x0000020a6fc8c000 JavaThread "Unconstrained build operations Thread 37" [_thread_blocked, id=12784, stack(0x000000be90100000,0x000000be90200000)]
  0x0000020a6fc86000 JavaThread "Unconstrained build operations Thread 38" [_thread_blocked, id=17152, stack(0x000000be90200000,0x000000be90300000)]
  0x0000020a6fc8c800 JavaThread "Unconstrained build operations Thread 39" [_thread_blocked, id=14472, stack(0x000000be90300000,0x000000be90400000)]
  0x0000020a6fc87000 JavaThread "Unconstrained build operations Thread 40" [_thread_blocked, id=3080, stack(0x000000be90400000,0x000000be90500000)]
  0x0000020a6fc8d800 JavaThread "Unconstrained build operations Thread 41" [_thread_blocked, id=19056, stack(0x000000be90500000,0x000000be90600000)]
  0x0000020a6fc88000 JavaThread "Unconstrained build operations Thread 42" [_thread_blocked, id=17260, stack(0x000000be90600000,0x000000be90700000)]
  0x0000020a6fc90000 JavaThread "Unconstrained build operations Thread 43" [_thread_blocked, id=9484, stack(0x000000be90700000,0x000000be90800000)]
  0x0000020a6fc91000 JavaThread "Unconstrained build operations Thread 44" [_thread_blocked, id=16000, stack(0x000000be90800000,0x000000be90900000)]
  0x0000020a6fc8e800 JavaThread "Unconstrained build operations Thread 45" [_thread_blocked, id=19120, stack(0x000000be90900000,0x000000be90a00000)]
  0x0000020a6fc8f000 JavaThread "Unconstrained build operations Thread 46" [_thread_blocked, id=14168, stack(0x000000be90a00000,0x000000be90b00000)]
  0x0000020a6e6ea000 JavaThread "Unconstrained build operations Thread 47" [_thread_blocked, id=3776, stack(0x000000be90b00000,0x000000be90c00000)]
  0x0000020a6e6ed800 JavaThread "Unconstrained build operations Thread 48" [_thread_blocked, id=14816, stack(0x000000be90c00000,0x000000be90d00000)]
  0x0000020a6e6e8800 JavaThread "Unconstrained build operations Thread 49" [_thread_blocked, id=16604, stack(0x000000be90d00000,0x000000be90e00000)]
  0x0000020a6e6e9000 JavaThread "Unconstrained build operations Thread 50" [_thread_blocked, id=8108, stack(0x000000be90e00000,0x000000be90f00000)]
  0x0000020a77130000 JavaThread "Unconstrained build operations Thread 51" [_thread_blocked, id=9720, stack(0x000000be90f00000,0x000000be91000000)]
  0x0000020a7712e000 JavaThread "Unconstrained build operations Thread 52" [_thread_blocked, id=2912, stack(0x000000be91000000,0x000000be91100000)]
  0x0000020a77130800 JavaThread "Unconstrained build operations Thread 53" [_thread_blocked, id=14512, stack(0x000000be91100000,0x000000be91200000)]
  0x0000020a7712d800 JavaThread "Unconstrained build operations Thread 54" [_thread_blocked, id=17344, stack(0x000000be91200000,0x000000be91300000)]
  0x0000020a7712f000 JavaThread "Unconstrained build operations Thread 55" [_thread_blocked, id=4988, stack(0x000000be91300000,0x000000be91400000)]
  0x0000020a7712b000 JavaThread "Unconstrained build operations Thread 56" [_thread_blocked, id=5416, stack(0x000000be91400000,0x000000be91500000)]
  0x0000020a7712c800 JavaThread "Unconstrained build operations Thread 57" [_thread_blocked, id=7284, stack(0x000000be91500000,0x000000be91600000)]
  0x0000020a77131800 JavaThread "Unconstrained build operations Thread 58" [_thread_blocked, id=18728, stack(0x000000be91600000,0x000000be91700000)]
  0x0000020a7712b800 JavaThread "Unconstrained build operations Thread 59" [_thread_blocked, id=22260, stack(0x000000be91700000,0x000000be91800000)]
  0x0000020a77137000 JavaThread "Unconstrained build operations Thread 60" [_thread_blocked, id=1148, stack(0x000000be91800000,0x000000be91900000)]
  0x0000020a77134800 JavaThread "Unconstrained build operations Thread 61" [_thread_blocked, id=7360, stack(0x000000be91900000,0x000000be91a00000)]
  0x0000020a77138000 JavaThread "Unconstrained build operations Thread 62" [_thread_blocked, id=15232, stack(0x000000be91a00000,0x000000be91b00000)]
  0x0000020a77134000 JavaThread "Unconstrained build operations Thread 63" [_thread_blocked, id=10356, stack(0x000000be91b00000,0x000000be91c00000)]
  0x0000020a77135800 JavaThread "Unconstrained build operations Thread 64" [_thread_blocked, id=7384, stack(0x000000be91c00000,0x000000be91d00000)]
  0x0000020a77136800 JavaThread "Unconstrained build operations Thread 65" [_thread_blocked, id=11864, stack(0x000000be91d00000,0x000000be91e00000)]
  0x0000020a77132800 JavaThread "Unconstrained build operations Thread 66" [_thread_blocked, id=1884, stack(0x000000be91e00000,0x000000be91f00000)]
  0x0000020a77139000 JavaThread "Unconstrained build operations Thread 67" [_thread_blocked, id=11396, stack(0x000000be91f00000,0x000000be92000000)]
  0x0000020a77133000 JavaThread "Unconstrained build operations Thread 68" [_thread_blocked, id=8116, stack(0x000000be92000000,0x000000be92100000)]
  0x0000020a77139800 JavaThread "Unconstrained build operations Thread 69" [_thread_blocked, id=18588, stack(0x000000be92100000,0x000000be92200000)]
  0x0000020a6df6e800 JavaThread "Unconstrained build operations Thread 70" [_thread_blocked, id=7932, stack(0x000000be92200000,0x000000be92300000)]
  0x0000020a6df6f800 JavaThread "Unconstrained build operations Thread 71" [_thread_blocked, id=12088, stack(0x000000be92300000,0x000000be92400000)]
  0x0000020a6df73800 JavaThread "Unconstrained build operations Thread 72" [_thread_blocked, id=6048, stack(0x000000be92400000,0x000000be92500000)]
  0x0000020a6df70800 JavaThread "Unconstrained build operations Thread 73" [_thread_blocked, id=21256, stack(0x000000be92500000,0x000000be92600000)]
  0x0000020a6df71000 JavaThread "Unconstrained build operations Thread 74" [_thread_blocked, id=4748, stack(0x000000be92600000,0x000000be92700000)]
  0x0000020a6df77800 JavaThread "Unconstrained build operations Thread 75" [_thread_blocked, id=19068, stack(0x000000be92700000,0x000000be92800000)]
  0x0000020a6df72000 JavaThread "Unconstrained build operations Thread 76" [_thread_blocked, id=6548, stack(0x000000be92800000,0x000000be92900000)]
  0x0000020a6df75800 JavaThread "Unconstrained build operations Thread 77" [_thread_blocked, id=12000, stack(0x000000be92900000,0x000000be92a00000)]
  0x0000020a6df74800 JavaThread "Unconstrained build operations Thread 78" [_thread_blocked, id=7940, stack(0x000000be92a00000,0x000000be92b00000)]
  0x0000020a6df76000 JavaThread "Unconstrained build operations Thread 79" [_thread_blocked, id=10068, stack(0x000000be92b00000,0x000000be92c00000)]
  0x0000020a6df77000 JavaThread "Unconstrained build operations Thread 80" [_thread_blocked, id=18324, stack(0x000000be92c00000,0x000000be92d00000)]
  0x0000020a6df73000 JavaThread "build event listener" [_thread_blocked, id=15348, stack(0x000000be92e00000,0x000000be92f00000)]
  0x0000020a6df7d800 JavaThread "Execution worker for ':'" [_thread_blocked, id=9612, stack(0x000000be92f00000,0x000000be93000000)]
  0x0000020a6df79800 JavaThread "Execution worker for ':' Thread 2" [_thread_blocked, id=5428, stack(0x000000be93000000,0x000000be93100000)]
  0x0000020a6df7b000 JavaThread "Execution worker for ':' Thread 3" [_thread_blocked, id=12296, stack(0x000000be93700000,0x000000be93800000)]
  0x0000020a6df7c000 JavaThread "Execution worker for ':' Thread 4" [_thread_blocked, id=16884, stack(0x000000be93800000,0x000000be93900000)]
  0x0000020a6df7a000 JavaThread "Execution worker for ':' Thread 5" [_thread_blocked, id=20084, stack(0x000000be93900000,0x000000be93a00000)]
  0x0000020a6df7c800 JavaThread "Execution worker for ':' Thread 6" [_thread_blocked, id=21956, stack(0x000000be93a00000,0x000000be93b00000)]
  0x0000020a73bca800 JavaThread "Execution worker for ':' Thread 7" [_thread_blocked, id=13988, stack(0x000000be93b00000,0x000000be93c00000)]
  0x0000020a73bcb000 JavaThread "Cache worker for execution history cache (C:\Users\ASUS\Applications\BMI_Calculator\.gradle\7.2\executionHistory)" [_thread_blocked, id=20792, stack(0x000000be93c00000,0x000000be93d00000)]
  0x0000020a73bc9800 JavaThread "C2 CompilerThread2" daemon [_thread_in_native, id=16004, stack(0x000000be92d00000,0x000000be92e00000)]
  0x0000020a73bc9000 JavaThread "WorkerExecutor Queue" [_thread_blocked, id=20892, stack(0x000000be93d00000,0x000000be93e00000)]

Other Threads:
=>0x0000020a6bcf6000 VMThread "VM Thread" [stack: 0x000000be8b200000,0x000000be8b300000] [id=2988]
  0x0000020a6c807000 WatcherThread [stack: 0x000000be8bc00000,0x000000be8bd00000] [id=3912]
  0x0000020a4f8fc000 GCTaskThread "GC Thread#0" [stack: 0x000000be8ad00000,0x000000be8ae00000] [id=10516]
  0x0000020a6d0d3800 GCTaskThread "GC Thread#1" [stack: 0x000000be8bf00000,0x000000be8c000000] [id=3000]
  0x0000020a6d4dc000 GCTaskThread "GC Thread#2" [stack: 0x000000be8c000000,0x000000be8c100000] [id=4376]
  0x0000020a6e927800 GCTaskThread "GC Thread#3" [stack: 0x000000be8c900000,0x000000be8ca00000] [id=19760]
  0x0000020a6e86c800 GCTaskThread "GC Thread#4" [stack: 0x000000be8ca00000,0x000000be8cb00000] [id=6716]
  0x0000020a6d55e800 GCTaskThread "GC Thread#5" [stack: 0x000000be8cb00000,0x000000be8cc00000] [id=9296]
  0x0000020a6f866000 GCTaskThread "GC Thread#6" [stack: 0x000000be8cc00000,0x000000be8cd00000] [id=15184]
  0x0000020a6e165800 GCTaskThread "GC Thread#7" [stack: 0x000000be8cd00000,0x000000be8ce00000] [id=21820]
  0x0000020a4f92e800 ConcurrentGCThread "G1 Main Marker" [stack: 0x000000be8ae00000,0x000000be8af00000] [id=10520]
  0x0000020a4f930000 ConcurrentGCThread "G1 Conc#0" [stack: 0x000000be8af00000,0x000000be8b000000] [id=10748]
  0x0000020a6d619800 ConcurrentGCThread "G1 Conc#1" [stack: 0x000000be8d100000,0x000000be8d200000] [id=2168]
  0x0000020a4f9be800 ConcurrentGCThread "G1 Refine#0" [stack: 0x000000be8b000000,0x000000be8b100000] [id=10752]
  0x0000020a73f8a000 ConcurrentGCThread "G1 Refine#1" [stack: 0x000000be94000000,0x000000be94100000] [id=13444]
  0x0000020a74e82000 ConcurrentGCThread "G1 Refine#2" [stack: 0x000000be94100000,0x000000be94200000] [id=13456]
  0x0000020a6bb47800 ConcurrentGCThread "G1 Young RemSet Sampling" [stack: 0x000000be8b100000,0x000000be8b200000] [id=10744]

Threads with active compile tasks:
C1 CompilerThread03330830 26844       2       com.android.tools.r8.internal.QE0::a (331 bytes)
C2 CompilerThread13330830 26214 %     4       com.android.tools.r8.internal.mH0::a @ 80 (6068 bytes)
C2 CompilerThread23330831 26314 %     4       com.android.tools.r8.internal.mH0::a @ 3100 (4225 bytes)

VM state:at safepoint (normal execution)

VM Mutex/Monitor currently owned by a thread:  ([mutex/lock_event])
[0x0000020a4f8de2c0] Threads_lock - owner thread: 0x0000020a6bcf6000
[0x0000020a4f8de350] Heap_lock - owner thread: 0x0000020a7712b000

Heap address: 0x0000000080000000, size: 2048 MB, Compressed Oops mode: 32-bit
Narrow klass base: 0x0000000000000000, Narrow klass shift: 3
Compressed class space size: 1073741824 Address: 0x0000000100000000

Heap:
 garbage-first heap   total 423936K, used 159800K [0x0000000080000000, 0x0000000100000000)
  region size 1024K, 4 young (4096K), 4 survivors (4096K)
 Metaspace       used 127132K, capacity 130763K, committed 131088K, reserved 1163264K
  class space    used 15725K, capacity 17134K, committed 17252K, reserved 1048576K
Heap Regions: E=young(eden), S=young(survivor), O=old, HS=humongous(starts), HC=humongous(continues), CS=collection set, F=free, A=archive, TAMS=top-at-mark-start (previous, next)
|   0|0x0000000080000000, 0x0000000080100000, 0x0000000080100000|100%| O|  |TAMS 0x0000000080100000, 0x0000000080100000| Untracked 
|   1|0x0000000080100000, 0x0000000080200000, 0x0000000080200000|100%| O|  |TAMS 0x0000000080200000, 0x0000000080200000| Untracked 
|   2|0x0000000080200000, 0x0000000080300000, 0x0000000080300000|100%| O|  |TAMS 0x0000000080200000, 0x0000000080200000| Untracked 
|   3|0x0000000080300000, 0x0000000080400000, 0x0000000080400000|100%|HS|  |TAMS 0x0000000080400000, 0x0000000080400000| Complete 
|   4|0x0000000080400000, 0x0000000080500000, 0x0000000080500000|100%|HC|  |TAMS 0x0000000080500000, 0x0000000080500000| Complete 
|   5|0x0000000080500000, 0x0000000080600000, 0x0000000080600000|100%|HC|  |TAMS 0x0000000080600000, 0x0000000080600000| Complete 
|   6|0x0000000080600000, 0x0000000080700000, 0x0000000080700000|100%| O|  |TAMS 0x0000000080700000, 0x0000000080700000| Untracked 
|   7|0x0000000080700000, 0x0000000080800000, 0x0000000080800000|100%| O|  |TAMS 0x0000000080800000, 0x0000000080800000| Untracked 
|   8|0x0000000080800000, 0x0000000080900000, 0x0000000080900000|100%| O|  |TAMS 0x0000000080900000, 0x0000000080900000| Untracked 
|   9|0x0000000080900000, 0x0000000080a00000, 0x0000000080a00000|100%| O|  |TAMS 0x0000000080a00000, 0x0000000080a00000| Untracked 
|  10|0x0000000080a00000, 0x0000000080b00000, 0x0000000080b00000|100%| O|  |TAMS 0x0000000080b00000, 0x0000000080b00000| Untracked 
|  11|0x0000000080b00000, 0x0000000080c00000, 0x0000000080c00000|100%| O|  |TAMS 0x0000000080c00000, 0x0000000080c00000| Untracked 
|  12|0x0000000080c00000, 0x0000000080d00000, 0x0000000080d00000|100%| O|  |TAMS 0x0000000080d00000, 0x0000000080d00000| Untracked 
|  13|0x0000000080d00000, 0x0000000080e00000, 0x0000000080e00000|100%| O|  |TAMS 0x0000000080e00000, 0x0000000080e00000| Untracked 
|  14|0x0000000080e00000, 0x0000000080f00000, 0x0000000080f00000|100%| O|  |TAMS 0x0000000080f00000, 0x0000000080f00000| Untracked 
|  15|0x0000000080f00000, 0x0000000081000000, 0x0000000081000000|100%| O|  |TAMS 0x0000000081000000, 0x0000000081000000| Untracked 
|  16|0x0000000081000000, 0x0000000081100000, 0x0000000081100000|100%| O|  |TAMS 0x0000000081100000, 0x0000000081100000| Untracked 
|  17|0x0000000081100000, 0x0000000081200000, 0x0000000081200000|100%|HS|  |TAMS 0x0000000081200000, 0x0000000081200000| Complete 
|  18|0x0000000081200000, 0x0000000081300000, 0x0000000081300000|100%| O|  |TAMS 0x0000000081300000, 0x0000000081300000| Untracked 
|  19|0x0000000081300000, 0x0000000081400000, 0x0000000081400000|100%| O|  |TAMS 0x0000000081400000, 0x0000000081400000| Untracked 
|  20|0x0000000081400000, 0x0000000081500000, 0x0000000081500000|100%| O|  |TAMS 0x0000000081500000, 0x0000000081500000| Untracked 
|  21|0x0000000081500000, 0x0000000081600000, 0x0000000081600000|100%| O|  |TAMS 0x0000000081600000, 0x0000000081600000| Untracked 
|  22|0x0000000081600000, 0x0000000081700000, 0x0000000081700000|100%| O|  |TAMS 0x0000000081700000, 0x0000000081700000| Untracked 
|  23|0x0000000081700000, 0x0000000081800000, 0x0000000081800000|100%| O|  |TAMS 0x0000000081800000, 0x0000000081800000| Untracked 
|  24|0x0000000081800000, 0x0000000081900000, 0x0000000081900000|100%|HS|  |TAMS 0x0000000081900000, 0x0000000081900000| Complete 
|  25|0x0000000081900000, 0x0000000081a00000, 0x0000000081a00000|100%|HS|  |TAMS 0x0000000081a00000, 0x0000000081a00000| Complete 
|  26|0x0000000081a00000, 0x0000000081b00000, 0x0000000081b00000|100%|HS|  |TAMS 0x0000000081b00000, 0x0000000081b00000| Complete 
|  27|0x0000000081b00000, 0x0000000081c00000, 0x0000000081c00000|100%|HC|  |TAMS 0x0000000081c00000, 0x0000000081c00000| Complete 
|  28|0x0000000081c00000, 0x0000000081d00000, 0x0000000081d00000|100%| O|  |TAMS 0x0000000081d00000, 0x0000000081d00000| Untracked 
|  29|0x0000000081d00000, 0x0000000081e00000, 0x0000000081e00000|100%| O|  |TAMS 0x0000000081e00000, 0x0000000081e00000| Untracked 
|  30|0x0000000081e00000, 0x0000000081f00000, 0x0000000081f00000|100%| O|  |TAMS 0x0000000081f00000, 0x0000000081f00000| Untracked 
|  31|0x0000000081f00000, 0x0000000082000000, 0x0000000082000000|100%| O|  |TAMS 0x0000000082000000, 0x0000000082000000| Untracked 
|  32|0x0000000082000000, 0x0000000082100000, 0x0000000082100000|100%| O|  |TAMS 0x0000000082100000, 0x0000000082100000| Untracked 
|  33|0x0000000082100000, 0x0000000082200000, 0x0000000082200000|100%| O|  |TAMS 0x0000000082200000, 0x0000000082200000| Untracked 
|  34|0x0000000082200000, 0x0000000082300000, 0x0000000082300000|100%| O|  |TAMS 0x0000000082300000, 0x0000000082300000| Untracked 
|  35|0x0000000082300000, 0x0000000082400000, 0x0000000082400000|100%| O|  |TAMS 0x0000000082400000, 0x0000000082400000| Untracked 
|  36|0x0000000082400000, 0x0000000082500000, 0x0000000082500000|100%| O|  |TAMS 0x0000000082500000, 0x0000000082500000| Untracked 
|  37|0x0000000082500000, 0x0000000082600000, 0x0000000082600000|100%| O|  |TAMS 0x0000000082600000, 0x0000000082600000| Untracked 
|  38|0x0000000082600000, 0x0000000082700000, 0x0000000082700000|100%| O|  |TAMS 0x0000000082600000, 0x0000000082600000| Untracked 
|  39|0x0000000082700000, 0x0000000082800000, 0x0000000082800000|100%| O|  |TAMS 0x0000000082800000, 0x0000000082800000| Untracked 
|  40|0x0000000082800000, 0x0000000082900000, 0x0000000082900000|100%| O|  |TAMS 0x0000000082900000, 0x0000000082900000| Untracked 
|  41|0x0000000082900000, 0x0000000082a00000, 0x0000000082a00000|100%| O|  |TAMS 0x0000000082a00000, 0x0000000082a00000| Untracked 
|  42|0x0000000082a00000, 0x0000000082b00000, 0x0000000082b00000|100%| O|  |TAMS 0x0000000082b00000, 0x0000000082b00000| Untracked 
|  43|0x0000000082b00000, 0x0000000082c00000, 0x0000000082c00000|100%| O|  |TAMS 0x0000000082c00000, 0x0000000082c00000| Untracked 
|  44|0x0000000082c00000, 0x0000000082d00000, 0x0000000082d00000|100%| O|  |TAMS 0x0000000082d00000, 0x0000000082d00000| Untracked 
|  45|0x0000000082d00000, 0x0000000082e00000, 0x0000000082e00000|100%| O|  |TAMS 0x0000000082e00000, 0x0000000082e00000| Untracked 
|  46|0x0000000082e00000, 0x0000000082f00000, 0x0000000082f00000|100%| O|  |TAMS 0x0000000082f00000, 0x0000000082f00000| Untracked 
|  47|0x0000000082f00000, 0x0000000083000000, 0x0000000083000000|100%| O|  |TAMS 0x0000000082f00000, 0x0000000082f00000| Untracked 
|  48|0x0000000083000000, 0x000000008307b000, 0x0000000083100000| 48%| O|  |TAMS 0x0000000083000000, 0x0000000083000000| Untracked 
|  49|0x0000000083100000, 0x0000000083200000, 0x0000000083200000|100%| O|  |TAMS 0x0000000083200000, 0x0000000083200000| Untracked 
|  50|0x0000000083200000, 0x0000000083300000, 0x0000000083300000|100%| O|  |TAMS 0x0000000083300000, 0x0000000083300000| Untracked 
|  51|0x0000000083300000, 0x0000000083400000, 0x0000000083400000|100%| O|  |TAMS 0x0000000083400000, 0x0000000083400000| Untracked 
|  52|0x0000000083400000, 0x0000000083500000, 0x0000000083500000|100%| O|  |TAMS 0x0000000083500000, 0x0000000083500000| Untracked 
|  53|0x0000000083500000, 0x0000000083600000, 0x0000000083600000|100%| O|  |TAMS 0x0000000083600000, 0x0000000083600000| Untracked 
|  54|0x0000000083600000, 0x0000000083700000, 0x0000000083700000|100%| O|  |TAMS 0x0000000083700000, 0x0000000083700000| Untracked 
|  55|0x0000000083700000, 0x0000000083800000, 0x0000000083800000|100%| O|  |TAMS 0x0000000083800000, 0x0000000083800000| Untracked 
|  56|0x0000000083800000, 0x0000000083800000, 0x0000000083900000|  0%| F|  |TAMS 0x0000000083800000, 0x0000000083800000| Untracked 
|  57|0x0000000083900000, 0x0000000083a00000, 0x0000000083a00000|100%| O|  |TAMS 0x0000000083a00000, 0x0000000083a00000| Untracked 
|  58|0x0000000083a00000, 0x0000000083b00000, 0x0000000083b00000|100%| O|  |TAMS 0x0000000083b00000, 0x0000000083b00000| Untracked 
|  59|0x0000000083b00000, 0x0000000083c00000, 0x0000000083c00000|100%| O|  |TAMS 0x0000000083c00000, 0x0000000083c00000| Untracked 
|  60|0x0000000083c00000, 0x0000000083d00000, 0x0000000083d00000|100%| O|  |TAMS 0x0000000083d00000, 0x0000000083d00000| Untracked 
|  61|0x0000000083d00000, 0x0000000083e00000, 0x0000000083e00000|100%| O|  |TAMS 0x0000000083e00000, 0x0000000083e00000| Untracked 
|  62|0x0000000083e00000, 0x0000000083f00000, 0x0000000083f00000|100%| O|  |TAMS 0x0000000083f00000, 0x0000000083f00000| Untracked 
|  63|0x0000000083f00000, 0x0000000084000000, 0x0000000084000000|100%| O|  |TAMS 0x0000000084000000, 0x0000000084000000| Untracked 
|  64|0x0000000084000000, 0x0000000084100000, 0x0000000084100000|100%| O|  |TAMS 0x0000000084100000, 0x0000000084100000| Untracked 
|  65|0x0000000084100000, 0x0000000084200000, 0x0000000084200000|100%| O|  |TAMS 0x0000000084200000, 0x0000000084200000| Untracked 
|  66|0x0000000084200000, 0x0000000084300000, 0x0000000084300000|100%| O|  |TAMS 0x0000000084300000, 0x0000000084300000| Untracked 
|  67|0x0000000084300000, 0x0000000084400000, 0x0000000084400000|100%| O|  |TAMS 0x0000000084400000, 0x0000000084400000| Untracked 
|  68|0x0000000084400000, 0x0000000084500000, 0x0000000084500000|100%| O|  |TAMS 0x0000000084500000, 0x0000000084500000| Untracked 
|  69|0x0000000084500000, 0x0000000084600000, 0x0000000084600000|100%| O|  |TAMS 0x0000000084600000, 0x0000000084600000| Untracked 
|  70|0x0000000084600000, 0x0000000084600000, 0x0000000084700000|  0%| F|  |TAMS 0x0000000084600000, 0x0000000084600000| Untracked 
|  71|0x0000000084700000, 0x0000000084800000, 0x0000000084800000|100%| O|  |TAMS 0x0000000084800000, 0x0000000084800000| Untracked 
|  72|0x0000000084800000, 0x0000000084900000, 0x0000000084900000|100%| O|  |TAMS 0x0000000084900000, 0x0000000084900000| Untracked 
|  73|0x0000000084900000, 0x0000000084a00000, 0x0000000084a00000|100%| O|  |TAMS 0x0000000084a00000, 0x0000000084a00000| Untracked 
|  74|0x0000000084a00000, 0x0000000084b00000, 0x0000000084b00000|100%| O|  |TAMS 0x0000000084b00000, 0x0000000084b00000| Untracked 
|  75|0x0000000084b00000, 0x0000000084c00000, 0x0000000084c00000|100%| O|  |TAMS 0x0000000084c00000, 0x0000000084c00000| Untracked 
|  76|0x0000000084c00000, 0x0000000084d00000, 0x0000000084d00000|100%| O|  |TAMS 0x0000000084d00000, 0x0000000084d00000| Untracked 
|  77|0x0000000084d00000, 0x0000000084e00000, 0x0000000084e00000|100%| O|  |TAMS 0x0000000084e00000, 0x0000000084e00000| Untracked 
|  78|0x0000000084e00000, 0x0000000084f00000, 0x0000000084f00000|100%| O|  |TAMS 0x0000000084f00000, 0x0000000084f00000| Untracked 
|  79|0x0000000084f00000, 0x0000000085000000, 0x0000000085000000|100%| O|  |TAMS 0x0000000085000000, 0x0000000085000000| Untracked 
|  80|0x0000000085000000, 0x0000000085100000, 0x0000000085100000|100%| O|  |TAMS 0x0000000085100000, 0x0000000085100000| Untracked 
|  81|0x0000000085100000, 0x0000000085200000, 0x0000000085200000|100%|HS|  |TAMS 0x0000000085200000, 0x0000000085200000| Complete 
|  82|0x0000000085200000, 0x0000000085300000, 0x0000000085300000|100%|HC|  |TAMS 0x0000000085300000, 0x0000000085300000| Complete 
|  83|0x0000000085300000, 0x0000000085400000, 0x0000000085400000|100%| O|  |TAMS 0x0000000085400000, 0x0000000085400000| Untracked 
|  84|0x0000000085400000, 0x0000000085500000, 0x0000000085500000|100%| O|  |TAMS 0x0000000085500000, 0x0000000085500000| Untracked 
|  85|0x0000000085500000, 0x0000000085600000, 0x0000000085600000|100%| O|  |TAMS 0x0000000085600000, 0x0000000085600000| Untracked 
|  86|0x0000000085600000, 0x0000000085700000, 0x0000000085700000|100%| O|  |TAMS 0x0000000085700000, 0x0000000085700000| Untracked 
|  87|0x0000000085700000, 0x0000000085800000, 0x0000000085800000|100%| O|  |TAMS 0x0000000085800000, 0x0000000085800000| Untracked 
|  88|0x0000000085800000, 0x0000000085900000, 0x0000000085900000|100%| O|  |TAMS 0x0000000085900000, 0x0000000085900000| Untracked 
|  89|0x0000000085900000, 0x0000000085a00000, 0x0000000085a00000|100%| O|  |TAMS 0x0000000085a00000, 0x0000000085a00000| Untracked 
|  90|0x0000000085a00000, 0x0000000085b00000, 0x0000000085b00000|100%| O|  |TAMS 0x0000000085b00000, 0x0000000085b00000| Untracked 
|  91|0x0000000085b00000, 0x0000000085c00000, 0x0000000085c00000|100%| O|  |TAMS 0x0000000085c00000, 0x0000000085c00000| Untracked 
|  92|0x0000000085c00000, 0x0000000085d00000, 0x0000000085d00000|100%| O|  |TAMS 0x0000000085d00000, 0x0000000085d00000| Untracked 
|  93|0x0000000085d00000, 0x0000000085e00000, 0x0000000085e00000|100%| O|  |TAMS 0x0000000085e00000, 0x0000000085e00000| Untracked 
|  94|0x0000000085e00000, 0x0000000085f00000, 0x0000000085f00000|100%| O|  |TAMS 0x0000000085f00000, 0x0000000085f00000| Untracked 
|  95|0x0000000085f00000, 0x0000000086000000, 0x0000000086000000|100%| O|  |TAMS 0x0000000086000000, 0x0000000086000000| Untracked 
|  96|0x0000000086000000, 0x0000000086100000, 0x0000000086100000|100%| O|  |TAMS 0x0000000086100000, 0x0000000086100000| Untracked 
|  97|0x0000000086100000, 0x0000000086200000, 0x0000000086200000|100%| O|  |TAMS 0x0000000086200000, 0x0000000086200000| Untracked 
|  98|0x0000000086200000, 0x0000000086200000, 0x0000000086300000|  0%| F|  |TAMS 0x0000000086200000, 0x0000000086200000| Untracked 
|  99|0x0000000086300000, 0x0000000086400000, 0x0000000086400000|100%| O|  |TAMS 0x0000000086400000, 0x0000000086400000| Untracked 
| 100|0x0000000086400000, 0x0000000086500000, 0x0000000086500000|100%| O|  |TAMS 0x0000000086500000, 0x0000000086500000| Untracked 
| 101|0x0000000086500000, 0x0000000086600000, 0x0000000086600000|100%| O|  |TAMS 0x0000000086600000, 0x0000000086600000| Untracked 
| 102|0x0000000086600000, 0x0000000086700000, 0x0000000086700000|100%| O|  |TAMS 0x0000000086700000, 0x0000000086700000| Untracked 
| 103|0x0000000086700000, 0x0000000086800000, 0x0000000086800000|100%| O|  |TAMS 0x0000000086800000, 0x0000000086800000| Untracked 
| 104|0x0000000086800000, 0x0000000086900000, 0x0000000086900000|100%| O|  |TAMS 0x0000000086900000, 0x0000000086900000| Untracked 
| 105|0x0000000086900000, 0x0000000086a00000, 0x0000000086a00000|100%| O|  |TAMS 0x0000000086a00000, 0x0000000086a00000| Untracked 
| 106|0x0000000086a00000, 0x0000000086b00000, 0x0000000086b00000|100%| O|  |TAMS 0x0000000086b00000, 0x0000000086b00000| Untracked 
| 107|0x0000000086b00000, 0x0000000086c00000, 0x0000000086c00000|100%| O|  |TAMS 0x0000000086c00000, 0x0000000086c00000| Untracked 
| 108|0x0000000086c00000, 0x0000000086d00000, 0x0000000086d00000|100%| O|  |TAMS 0x0000000086d00000, 0x0000000086d00000| Untracked 
| 109|0x0000000086d00000, 0x0000000086e00000, 0x0000000086e00000|100%| O|  |TAMS 0x0000000086e00000, 0x0000000086e00000| Untracked 
| 110|0x0000000086e00000, 0x0000000086f00000, 0x0000000086f00000|100%| O|  |TAMS 0x0000000086f00000, 0x0000000086f00000| Untracked 
| 111|0x0000000086f00000, 0x0000000087000000, 0x0000000087000000|100%| O|  |TAMS 0x0000000087000000, 0x0000000087000000| Untracked 
| 112|0x0000000087000000, 0x0000000087100000, 0x0000000087100000|100%| O|  |TAMS 0x0000000087100000, 0x0000000087100000| Untracked 
| 113|0x0000000087100000, 0x0000000087200000, 0x0000000087200000|100%| O|  |TAMS 0x0000000087200000, 0x0000000087200000| Untracked 
| 114|0x0000000087200000, 0x0000000087300000, 0x0000000087300000|100%| O|  |TAMS 0x0000000087300000, 0x0000000087300000| Untracked 
| 115|0x0000000087300000, 0x0000000087400000, 0x0000000087400000|100%| O|  |TAMS 0x0000000087400000, 0x0000000087400000| Untracked 
| 116|0x0000000087400000, 0x0000000087500000, 0x0000000087500000|100%| O|  |TAMS 0x0000000087500000, 0x0000000087500000| Untracked 
| 117|0x0000000087500000, 0x0000000087600000, 0x0000000087600000|100%| O|  |TAMS 0x0000000087600000, 0x0000000087600000| Untracked 
| 118|0x0000000087600000, 0x0000000087700000, 0x0000000087700000|100%| O|  |TAMS 0x0000000087700000, 0x0000000087700000| Untracked 
| 119|0x0000000087700000, 0x0000000087800000, 0x0000000087800000|100%| O|  |TAMS 0x0000000087800000, 0x0000000087800000| Untracked 
| 120|0x0000000087800000, 0x0000000087900000, 0x0000000087900000|100%| O|  |TAMS 0x0000000087900000, 0x0000000087900000| Untracked 
| 121|0x0000000087900000, 0x0000000087900000, 0x0000000087a00000|  0%| F|  |TAMS 0x0000000087900000, 0x0000000087900000| Untracked 
| 122|0x0000000087a00000, 0x0000000087a00000, 0x0000000087b00000|  0%| F|  |TAMS 0x0000000087a00000, 0x0000000087a00000| Untracked 
| 123|0x0000000087b00000, 0x0000000087b00000, 0x0000000087c00000|  0%| F|  |TAMS 0x0000000087b00000, 0x0000000087b00000| Untracked 
| 124|0x0000000087c00000, 0x0000000087d00000, 0x0000000087d00000|100%| O|  |TAMS 0x0000000087d00000, 0x0000000087d00000| Untracked 
| 125|0x0000000087d00000, 0x0000000087e00000, 0x0000000087e00000|100%| O|  |TAMS 0x0000000087e00000, 0x0000000087e00000| Untracked 
| 126|0x0000000087e00000, 0x0000000087f00000, 0x0000000087f00000|100%| O|  |TAMS 0x0000000087f00000, 0x0000000087f00000| Untracked 
| 127|0x0000000087f00000, 0x0000000088000000, 0x0000000088000000|100%| O|  |TAMS 0x0000000088000000, 0x0000000088000000| Untracked 
| 128|0x0000000088000000, 0x0000000088100000, 0x0000000088100000|100%| O|  |TAMS 0x0000000088100000, 0x0000000088100000| Untracked 
| 129|0x0000000088100000, 0x0000000088200000, 0x0000000088200000|100%| O|  |TAMS 0x0000000088200000, 0x0000000088200000| Untracked 
| 130|0x0000000088200000, 0x0000000088300000, 0x0000000088300000|100%| O|  |TAMS 0x0000000088300000, 0x0000000088300000| Untracked 
| 131|0x0000000088300000, 0x0000000088400000, 0x0000000088400000|100%| O|  |TAMS 0x0000000088400000, 0x0000000088400000| Untracked 
| 132|0x0000000088400000, 0x0000000088400000, 0x0000000088500000|  0%| F|  |TAMS 0x0000000088400000, 0x0000000088400000| Untracked 
| 133|0x0000000088500000, 0x0000000088500000, 0x0000000088600000|  0%| F|  |TAMS 0x0000000088500000, 0x0000000088500000| Untracked 
| 134|0x0000000088600000, 0x0000000088700000, 0x0000000088700000|100%| O|  |TAMS 0x0000000088700000, 0x0000000088700000| Untracked 
| 135|0x0000000088700000, 0x0000000088700000, 0x0000000088800000|  0%| F|  |TAMS 0x0000000088700000, 0x0000000088700000| Untracked 
| 136|0x0000000088800000, 0x0000000088900000, 0x0000000088900000|100%| O|  |TAMS 0x0000000088800000, 0x0000000088900000| Untracked 
| 137|0x0000000088900000, 0x0000000088a00000, 0x0000000088a00000|100%| O|  |TAMS 0x0000000088900000, 0x0000000088a00000| Untracked 
| 138|0x0000000088a00000, 0x0000000088b00000, 0x0000000088b00000|100%| O|  |TAMS 0x0000000088a00000, 0x0000000088b00000| Untracked 
| 139|0x0000000088b00000, 0x0000000088c00000, 0x0000000088c00000|100%| O|  |TAMS 0x0000000088b00000, 0x0000000088c00000| Untracked 
| 140|0x0000000088c00000, 0x0000000088d00000, 0x0000000088d00000|100%| O|  |TAMS 0x0000000088c00000, 0x0000000088d00000| Untracked 
| 141|0x0000000088d00000, 0x0000000088e00000, 0x0000000088e00000|100%| O|  |TAMS 0x0000000088d00000, 0x0000000088e00000| Untracked 
| 142|0x0000000088e00000, 0x0000000088f00000, 0x0000000088f00000|100%| O|  |TAMS 0x0000000088e00000, 0x0000000088f00000| Untracked 
| 143|0x0000000088f00000, 0x0000000089000000, 0x0000000089000000|100%| O|  |TAMS 0x0000000088f00000, 0x0000000089000000| Untracked 
| 144|0x0000000089000000, 0x0000000089100000, 0x0000000089100000|100%| O|  |TAMS 0x0000000089000000, 0x0000000089100000| Untracked 
| 145|0x0000000089100000, 0x0000000089200000, 0x0000000089200000|100%| O|  |TAMS 0x0000000089100000, 0x0000000089200000| Untracked 
| 146|0x0000000089200000, 0x0000000089300000, 0x0000000089300000|100%| O|  |TAMS 0x0000000089200000, 0x0000000089300000| Untracked 
| 147|0x0000000089300000, 0x0000000089400000, 0x0000000089400000|100%| O|  |TAMS 0x0000000089300000, 0x0000000089400000| Untracked 
| 148|0x0000000089400000, 0x0000000089500000, 0x0000000089500000|100%| O|  |TAMS 0x0000000089400000, 0x0000000089500000| Untracked 
| 149|0x0000000089500000, 0x0000000089600000, 0x0000000089600000|100%| O|  |TAMS 0x0000000089500000, 0x0000000089600000| Untracked 
| 150|0x0000000089600000, 0x0000000089700000, 0x0000000089700000|100%| O|  |TAMS 0x0000000089600000, 0x0000000089700000| Untracked 
| 151|0x0000000089700000, 0x0000000089800000, 0x0000000089800000|100%| O|  |TAMS 0x0000000089700000, 0x0000000089800000| Untracked 
| 152|0x0000000089800000, 0x0000000089900000, 0x0000000089900000|100%| O|  |TAMS 0x0000000089800000, 0x0000000089900000| Untracked 
| 153|0x0000000089900000, 0x0000000089a00000, 0x0000000089a00000|100%| O|  |TAMS 0x0000000089900000, 0x0000000089a00000| Untracked 
| 154|0x0000000089a00000, 0x0000000089b00000, 0x0000000089b00000|100%| O|  |TAMS 0x0000000089a00000, 0x0000000089b00000| Untracked 
| 155|0x0000000089b00000, 0x0000000089c00000, 0x0000000089c00000|100%| O|  |TAMS 0x0000000089b00000, 0x0000000089c00000| Untracked 
| 156|0x0000000089c00000, 0x0000000089d00000, 0x0000000089d00000|100%| O|  |TAMS 0x0000000089c00000, 0x0000000089d00000| Untracked 
| 157|0x0000000089d00000, 0x0000000089e00000, 0x0000000089e00000|100%| O|  |TAMS 0x0000000089d00000, 0x0000000089e00000| Untracked 
| 158|0x0000000089e00000, 0x0000000089f00000, 0x0000000089f00000|100%| O|  |TAMS 0x0000000089e00000, 0x0000000089f00000| Untracked 
| 159|0x0000000089f00000, 0x000000008a000000, 0x000000008a000000|100%| O|  |TAMS 0x0000000089f00000, 0x000000008a000000| Untracked 
| 160|0x000000008a000000, 0x000000008a100000, 0x000000008a100000|100%| O|  |TAMS 0x000000008a000000, 0x000000008a100000| Untracked 
| 161|0x000000008a100000, 0x000000008a200000, 0x000000008a200000|100%| O|  |TAMS 0x000000008a100000, 0x000000008a134800| Untracked 
| 162|0x000000008a200000, 0x000000008a200000, 0x000000008a300000|  0%| F|  |TAMS 0x000000008a200000, 0x000000008a200000| Untracked 
| 163|0x000000008a300000, 0x000000008a300000, 0x000000008a400000|  0%| F|  |TAMS 0x000000008a300000, 0x000000008a300000| Untracked 
| 164|0x000000008a400000, 0x000000008a400000, 0x000000008a500000|  0%| F|  |TAMS 0x000000008a400000, 0x000000008a400000| Untracked 
| 165|0x000000008a500000, 0x000000008a500000, 0x000000008a600000|  0%| F|  |TAMS 0x000000008a500000, 0x000000008a500000| Untracked 
| 166|0x000000008a600000, 0x000000008a600000, 0x000000008a700000|  0%| F|  |TAMS 0x000000008a600000, 0x000000008a600000| Untracked 
| 167|0x000000008a700000, 0x000000008a700000, 0x000000008a800000|  0%| F|  |TAMS 0x000000008a700000, 0x000000008a700000| Untracked 
| 168|0x000000008a800000, 0x000000008a800000, 0x000000008a900000|  0%| F|  |TAMS 0x000000008a800000, 0x000000008a800000| Untracked 
| 169|0x000000008a900000, 0x000000008a900000, 0x000000008aa00000|  0%| F|  |TAMS 0x000000008a900000, 0x000000008a900000| Untracked 
| 170|0x000000008aa00000, 0x000000008aa00000, 0x000000008ab00000|  0%| F|  |TAMS 0x000000008aa00000, 0x000000008aa00000| Untracked 
| 171|0x000000008ab00000, 0x000000008ab00000, 0x000000008ac00000|  0%| F|  |TAMS 0x000000008ab00000, 0x000000008ab00000| Untracked 
| 172|0x000000008ac00000, 0x000000008ac00000, 0x000000008ad00000|  0%| F|  |TAMS 0x000000008ac00000, 0x000000008ac00000| Untracked 
| 173|0x000000008ad00000, 0x000000008ad00000, 0x000000008ae00000|  0%| F|  |TAMS 0x000000008ad00000, 0x000000008ad00000| Untracked 
| 174|0x000000008ae00000, 0x000000008ae00000, 0x000000008af00000|  0%| F|  |TAMS 0x000000008ae00000, 0x000000008ae00000| Untracked 
| 175|0x000000008af00000, 0x000000008af00000, 0x000000008b000000|  0%| F|  |TAMS 0x000000008af00000, 0x000000008af00000| Untracked 
| 176|0x000000008b000000, 0x000000008b000000, 0x000000008b100000|  0%| F|  |TAMS 0x000000008b000000, 0x000000008b000000| Untracked 
| 177|0x000000008b100000, 0x000000008b100000, 0x000000008b200000|  0%| F|  |TAMS 0x000000008b100000, 0x000000008b100000| Untracked 
| 178|0x000000008b200000, 0x000000008b200000, 0x000000008b300000|  0%| F|  |TAMS 0x000000008b200000, 0x000000008b200000| Untracked 
| 179|0x000000008b300000, 0x000000008b300000, 0x000000008b400000|  0%| F|  |TAMS 0x000000008b300000, 0x000000008b300000| Untracked 
| 180|0x000000008b400000, 0x000000008b4933f0, 0x000000008b500000| 57%| S|CS|TAMS 0x000000008b400000, 0x000000008b400000| Complete 
| 181|0x000000008b500000, 0x000000008b500000, 0x000000008b600000|  0%| F|  |TAMS 0x000000008b500000, 0x000000008b500000| Untracked 
| 182|0x000000008b600000, 0x000000008b600000, 0x000000008b700000|  0%| F|  |TAMS 0x000000008b600000, 0x000000008b600000| Untracked 
| 183|0x000000008b700000, 0x000000008b700000, 0x000000008b800000|  0%| F|  |TAMS 0x000000008b700000, 0x000000008b700000| Untracked 
| 184|0x000000008b800000, 0x000000008b800000, 0x000000008b900000|  0%| F|  |TAMS 0x000000008b800000, 0x000000008b800000| Untracked 
| 185|0x000000008b900000, 0x000000008b900000, 0x000000008ba00000|  0%| F|  |TAMS 0x000000008b900000, 0x000000008b900000| Untracked 
| 186|0x000000008ba00000, 0x000000008bb00000, 0x000000008bb00000|100%| S|CS|TAMS 0x000000008ba00000, 0x000000008ba00000| Complete 
| 187|0x000000008bb00000, 0x000000008bc00000, 0x000000008bc00000|100%| S|CS|TAMS 0x000000008bb00000, 0x000000008bb00000| Complete 
| 188|0x000000008bc00000, 0x000000008bd00000, 0x000000008bd00000|100%| S|CS|TAMS 0x000000008bc00000, 0x000000008bc00000| Complete 
| 189|0x000000008bd00000, 0x000000008bd00000, 0x000000008be00000|  0%| F|  |TAMS 0x000000008bd00000, 0x000000008bd00000| Untracked 
| 190|0x000000008be00000, 0x000000008be00000, 0x000000008bf00000|  0%| F|  |TAMS 0x000000008be00000, 0x000000008be00000| Untracked 
| 191|0x000000008bf00000, 0x000000008bf00000, 0x000000008c000000|  0%| F|  |TAMS 0x000000008bf00000, 0x000000008bf00000| Untracked 
| 192|0x000000008c000000, 0x000000008c000000, 0x000000008c100000|  0%| F|  |TAMS 0x000000008c000000, 0x000000008c000000| Untracked 
| 193|0x000000008c100000, 0x000000008c100000, 0x000000008c200000|  0%| F|  |TAMS 0x000000008c100000, 0x000000008c100000| Untracked 
| 194|0x000000008c200000, 0x000000008c200000, 0x000000008c300000|  0%| F|  |TAMS 0x000000008c200000, 0x000000008c200000| Untracked 
| 195|0x000000008c300000, 0x000000008c300000, 0x000000008c400000|  0%| F|  |TAMS 0x000000008c300000, 0x000000008c300000| Untracked 
| 196|0x000000008c400000, 0x000000008c400000, 0x000000008c500000|  0%| F|  |TAMS 0x000000008c400000, 0x000000008c400000| Untracked 
| 197|0x000000008c500000, 0x000000008c500000, 0x000000008c600000|  0%| F|  |TAMS 0x000000008c500000, 0x000000008c500000| Untracked 
| 198|0x000000008c600000, 0x000000008c600000, 0x000000008c700000|  0%| F|  |TAMS 0x000000008c600000, 0x000000008c600000| Untracked 
| 199|0x000000008c700000, 0x000000008c700000, 0x000000008c800000|  0%| F|  |TAMS 0x000000008c700000, 0x000000008c700000| Untracked 
| 200|0x000000008c800000, 0x000000008c800000, 0x000000008c900000|  0%| F|  |TAMS 0x000000008c800000, 0x000000008c800000| Untracked 
| 201|0x000000008c900000, 0x000000008c900000, 0x000000008ca00000|  0%| F|  |TAMS 0x000000008c900000, 0x000000008c900000| Untracked 
| 202|0x000000008ca00000, 0x000000008ca00000, 0x000000008cb00000|  0%| F|  |TAMS 0x000000008ca00000, 0x000000008ca00000| Untracked 
| 203|0x000000008cb00000, 0x000000008cb00000, 0x000000008cc00000|  0%| F|  |TAMS 0x000000008cb00000, 0x000000008cb00000| Untracked 
| 204|0x000000008cc00000, 0x000000008cc00000, 0x000000008cd00000|  0%| F|  |TAMS 0x000000008cc00000, 0x000000008cc00000| Untracked 
| 205|0x000000008cd00000, 0x000000008cd00000, 0x000000008ce00000|  0%| F|  |TAMS 0x000000008cd00000, 0x000000008cd00000| Untracked 
| 206|0x000000008ce00000, 0x000000008ce00000, 0x000000008cf00000|  0%| F|  |TAMS 0x000000008ce00000, 0x000000008ce00000| Untracked 
| 207|0x000000008cf00000, 0x000000008cf00000, 0x000000008d000000|  0%| F|  |TAMS 0x000000008cf00000, 0x000000008cf00000| Untracked 
| 208|0x000000008d000000, 0x000000008d000000, 0x000000008d100000|  0%| F|  |TAMS 0x000000008d000000, 0x000000008d000000| Untracked 
| 209|0x000000008d100000, 0x000000008d100000, 0x000000008d200000|  0%| F|  |TAMS 0x000000008d100000, 0x000000008d100000| Untracked 
| 210|0x000000008d200000, 0x000000008d200000, 0x000000008d300000|  0%| F|  |TAMS 0x000000008d200000, 0x000000008d200000| Untracked 
| 211|0x000000008d300000, 0x000000008d300000, 0x000000008d400000|  0%| F|  |TAMS 0x000000008d300000, 0x000000008d300000| Untracked 
| 212|0x000000008d400000, 0x000000008d400000, 0x000000008d500000|  0%| F|  |TAMS 0x000000008d400000, 0x000000008d400000| Untracked 
| 213|0x000000008d500000, 0x000000008d500000, 0x000000008d600000|  0%| F|  |TAMS 0x000000008d500000, 0x000000008d500000| Untracked 
| 214|0x000000008d600000, 0x000000008d600000, 0x000000008d700000|  0%| F|  |TAMS 0x000000008d600000, 0x000000008d600000| Untracked 
| 215|0x000000008d700000, 0x000000008d700000, 0x000000008d800000|  0%| F|  |TAMS 0x000000008d700000, 0x000000008d700000| Untracked 
| 216|0x000000008d800000, 0x000000008d800000, 0x000000008d900000|  0%| F|  |TAMS 0x000000008d800000, 0x000000008d800000| Untracked 
| 217|0x000000008d900000, 0x000000008d900000, 0x000000008da00000|  0%| F|  |TAMS 0x000000008d900000, 0x000000008d900000| Untracked 
| 218|0x000000008da00000, 0x000000008da00000, 0x000000008db00000|  0%| F|  |TAMS 0x000000008da00000, 0x000000008da00000| Untracked 
| 219|0x000000008db00000, 0x000000008db00000, 0x000000008dc00000|  0%| F|  |TAMS 0x000000008db00000, 0x000000008db00000| Untracked 
| 220|0x000000008dc00000, 0x000000008dc00000, 0x000000008dd00000|  0%| F|  |TAMS 0x000000008dc00000, 0x000000008dc00000| Untracked 
| 221|0x000000008dd00000, 0x000000008dd00000, 0x000000008de00000|  0%| F|  |TAMS 0x000000008dd00000, 0x000000008dd00000| Untracked 

Card table byte_map: [0x0000020a64a20000,0x0000020a64e20000] _byte_map_base: 0x0000020a64620000

Marking Bits (Prev, Next): (CMBitMap*) 0x0000020a4f925ed0, (CMBitMap*) 0x0000020a4f925e98
 Prev Bits: [0x0000020a67220000, 0x0000020a69220000)
 Next Bits: [0x0000020a65220000, 0x0000020a67220000)

Polling page: 0x0000020a4f9c0000

Metaspace:

Usage:
  Non-class:    110.97 MB capacity,   108.80 MB ( 98%) used,     1.72 MB (  2%) free+waste,   464.75 KB ( <1%) overhead. 
      Class:     16.73 MB capacity,    15.36 MB ( 92%) used,     1.18 MB (  7%) free+waste,   202.69 KB (  1%) overhead. 
       Both:    127.70 MB capacity,   124.15 MB ( 97%) used,     2.89 MB (  2%) free+waste,   667.44 KB ( <1%) overhead. 

Virtual space:
  Non-class space:      112.00 MB reserved,     111.17 MB (>99%) committed 
      Class space:        1.00 GB reserved,      16.85 MB (  2%) committed 
             Both:        1.11 GB reserved,     128.02 MB ( 11%) committed 

Chunk freelists:
   Non-Class:  15.00 KB
       Class:  18.00 KB
        Both:  33.00 KB

MaxMetaspaceSize: 17179869184.00 GB
CompressedClassSpaceSize: 1.00 GB

CodeHeap 'non-profiled nmethods': size=120000Kb used=16692Kb max_used=16692Kb free=103307Kb
 bounds [0x0000020a5c680000, 0x0000020a5d6e0000, 0x0000020a63bb0000]
CodeHeap 'profiled nmethods': size=120000Kb used=52998Kb max_used=52998Kb free=67001Kb
 bounds [0x0000020a55150000, 0x0000020a58540000, 0x0000020a5c680000]
CodeHeap 'non-nmethods': size=5760Kb used=2362Kb max_used=2489Kb free=3397Kb
 bounds [0x0000020a54bb0000, 0x0000020a54e20000, 0x0000020a55150000]
 total_blobs=24465 nmethods=23483 adapters=892
 compilation: enabled
              stopped_count=0, restarted_count=0
 full_count=0

Compilation events (20 events):
Event: 3330.697 Thread 0x0000020a6c68b800 nmethod 26841 0x0000020a58530390 code [0x0000020a58530540, 0x0000020a58530658]
Event: 3330.697 Thread 0x0000020a6c68b800 26835       2       com.android.tools.r8.internal.Fs1::a (159 bytes)
Event: 3330.698 Thread 0x0000020a6c68b800 nmethod 26835 0x0000020a58530710 code [0x0000020a58530920, 0x0000020a58530e38]
Event: 3330.698 Thread 0x0000020a6c68b800 26836       2       com.android.tools.r8.internal.eB0::I (19 bytes)
Event: 3330.698 Thread 0x0000020a6c68b800 nmethod 26836 0x0000020a58531090 code [0x0000020a58531240, 0x0000020a58531368]
Event: 3330.698 Thread 0x0000020a6c68b800 26837       2       com.android.tools.r8.internal.Mi1::a (53 bytes)
Event: 3330.699 Thread 0x0000020a6c68b800 nmethod 26837 0x0000020a58531410 code [0x0000020a585315e0, 0x0000020a58531808]
Event: 3330.699 Thread 0x0000020a6c68b800 26839       2       com.android.tools.r8.internal.Fs1::c (61 bytes)
Event: 3330.700 Thread 0x0000020a6c68b800 nmethod 26839 0x0000020a58531a10 code [0x0000020a58531c20, 0x0000020a58531f68]
Event: 3330.700 Thread 0x0000020a6c68b800 26843       2       com.android.tools.r8.internal.QE0::a (18 bytes)
Event: 3330.700 Thread 0x0000020a6c68b800 nmethod 26843 0x0000020a58532210 code [0x0000020a585323e0, 0x0000020a58532558]
Event: 3330.700 Thread 0x0000020a6c68b800 26856       2       com.android.tools.r8.internal.Ri1::a (15 bytes)
Event: 3330.700 Thread 0x0000020a6c68b800 nmethod 26856 0x0000020a58532690 code [0x0000020a58532840, 0x0000020a58532998]
Event: 3330.700 Thread 0x0000020a6c68b800 26857       2       com.android.tools.r8.internal.Li1::a (6 bytes)
Event: 3330.700 Thread 0x0000020a6c68b800 nmethod 26857 0x0000020a58532a90 code [0x0000020a58532c40, 0x0000020a58532d58]
Event: 3330.700 Thread 0x0000020a6c68b800 26858       2       com.android.tools.r8.internal.Li1::b (6 bytes)
Event: 3330.701 Thread 0x0000020a6c68b800 nmethod 26858 0x0000020a58532e10 code [0x0000020a58532fc0, 0x0000020a585330d8]
Event: 3330.701 Thread 0x0000020a6c68b800 26853       2       com.android.tools.r8.internal.BU0::V1 (5 bytes)
Event: 3330.701 Thread 0x0000020a6c68b800 nmethod 26853 0x0000020a58533190 code [0x0000020a58533340, 0x0000020a58533478]
Event: 3330.701 Thread 0x0000020a6c68b800 26844       2       com.android.tools.r8.internal.QE0::a (331 bytes)

GC Heap History (20 events):
Event: 3329.256 GC heap after
{Heap after GC invocations=102 (full 0):
 garbage-first heap   total 227328K, used 106560K [0x0000000080000000, 0x0000000100000000)
  region size 1024K, 11 young (11264K), 11 survivors (11264K)
 Metaspace       used 125997K, capacity 129600K, committed 129936K, reserved 1163264K
  class space    used 15611K, capacity 17000K, committed 17124K, reserved 1048576K
}
Event: 3329.434 GC heap before
{Heap before GC invocations=102 (full 0):
 garbage-first heap   total 227328K, used 173119K [0x0000000080000000, 0x0000000100000000)
  region size 1024K, 77 young (78848K), 11 survivors (11264K)
 Metaspace       used 126263K, capacity 129925K, committed 130192K, reserved 1163264K
  class space    used 15651K, capacity 17073K, committed 17124K, reserved 1048576K
}
Event: 3329.570 GC heap after
{Heap after GC invocations=103 (full 0):
 garbage-first heap   total 227328K, used 123539K [0x0000000080000000, 0x0000000100000000)
  region size 1024K, 10 young (10240K), 10 survivors (10240K)
 Metaspace       used 126263K, capacity 129925K, committed 130192K, reserved 1163264K
  class space    used 15651K, capacity 17073K, committed 17124K, reserved 1048576K
}
Event: 3329.699 GC heap before
{Heap before GC invocations=104 (full 0):
 garbage-first heap   total 227328K, used 175763K [0x0000000080000000, 0x0000000100000000)
  region size 1024K, 61 young (62464K), 10 survivors (10240K)
 Metaspace       used 126481K, capacity 130107K, committed 130192K, reserved 1163264K
  class space    used 15680K, capacity 17091K, committed 17124K, reserved 1048576K
}
Event: 3329.820 GC heap after
{Heap after GC invocations=105 (full 0):
 garbage-first heap   total 227328K, used 135168K [0x0000000080000000, 0x0000000100000000)
  region size 1024K, 8 young (8192K), 8 survivors (8192K)
 Metaspace       used 126481K, capacity 130107K, committed 130192K, reserved 1163264K
  class space    used 15680K, capacity 17091K, committed 17124K, reserved 1048576K
}
Event: 3329.825 GC heap before
{Heap before GC invocations=105 (full 0):
 garbage-first heap   total 227328K, used 138240K [0x0000000080000000, 0x0000000100000000)
  region size 1024K, 11 young (11264K), 8 survivors (8192K)
 Metaspace       used 126487K, capacity 130171K, committed 130448K, reserved 1163264K
  class space    used 15680K, capacity 17091K, committed 17124K, reserved 1048576K
}
Event: 3329.849 GC heap after
{Heap after GC invocations=106 (full 0):
 garbage-first heap   total 227328K, used 137438K [0x0000000080000000, 0x0000000100000000)
  region size 1024K, 2 young (2048K), 2 survivors (2048K)
 Metaspace       used 126487K, capacity 130171K, committed 130448K, reserved 1163264K
  class space    used 15680K, capacity 17091K, committed 17124K, reserved 1048576K
}
Event: 3329.921 GC heap before
{Heap before GC invocations=106 (full 0):
 garbage-first heap   total 227328K, used 179422K [0x0000000080000000, 0x0000000100000000)
  region size 1024K, 43 young (44032K), 2 survivors (2048K)
 Metaspace       used 126694K, capacity 130368K, committed 130576K, reserved 1163264K
  class space    used 15709K, capacity 17134K, committed 17252K, reserved 1048576K
}
Event: 3329.934 GC heap after
{Heap after GC invocations=107 (full 0):
 garbage-first heap   total 227328K, used 145315K [0x0000000080000000, 0x0000000100000000)
  region size 1024K, 6 young (6144K), 6 survivors (6144K)
 Metaspace       used 126694K, capacity 130368K, committed 130576K, reserved 1163264K
  class space    used 15709K, capacity 17134K, committed 17252K, reserved 1048576K
}
Event: 3330.035 GC heap before
{Heap before GC invocations=107 (full 0):
 garbage-first heap   total 227328K, used 182179K [0x0000000080000000, 0x0000000100000000)
  region size 1024K, 43 young (44032K), 6 survivors (6144K)
 Metaspace       used 126913K, capacity 130567K, committed 130832K, reserved 1163264K
  class space    used 15712K, capacity 17135K, committed 17252K, reserved 1048576K
}
Event: 3330.047 GC heap after
{Heap after GC invocations=108 (full 0):
 garbage-first heap   total 227328K, used 151865K [0x0000000080000000, 0x0000000100000000)
  region size 1024K, 6 young (6144K), 6 survivors (6144K)
 Metaspace       used 126913K, capacity 130567K, committed 130832K, reserved 1163264K
  class space    used 15712K, capacity 17135K, committed 17252K, reserved 1048576K
}
Event: 3330.222 GC heap before
{Heap before GC invocations=108 (full 0):
 garbage-first heap   total 227328K, used 184633K [0x0000000080000000, 0x0000000100000000)
  region size 1024K, 39 young (39936K), 6 survivors (6144K)
 Metaspace       used 127001K, capacity 130684K, committed 130832K, reserved 1163264K
  class space    used 15717K, capacity 17130K, committed 17252K, reserved 1048576K
}
Event: 3330.238 GC heap after
{Heap after GC invocations=109 (full 0):
 garbage-first heap   total 227328K, used 156632K [0x0000000080000000, 0x0000000100000000)
  region size 1024K, 5 young (5120K), 5 survivors (5120K)
 Metaspace       used 127001K, capacity 130684K, committed 130832K, reserved 1163264K
  class space    used 15717K, capacity 17130K, committed 17252K, reserved 1048576K
}
Event: 3330.367 GC heap before
{Heap before GC invocations=110 (full 0):
 garbage-first heap   total 227328K, used 188376K [0x0000000080000000, 0x0000000100000000)
  region size 1024K, 36 young (36864K), 5 survivors (5120K)
 Metaspace       used 127016K, capacity 130684K, committed 130832K, reserved 1163264K
  class space    used 15717K, capacity 17130K, committed 17252K, reserved 1048576K
}
Event: 3330.382 GC heap after
{Heap after GC invocations=111 (full 0):
 garbage-first heap   total 227328K, used 159637K [0x0000000080000000, 0x0000000100000000)
  region size 1024K, 4 young (4096K), 4 survivors (4096K)
 Metaspace       used 127016K, capacity 130684K, committed 130832K, reserved 1163264K
  class space    used 15717K, capacity 17130K, committed 17252K, reserved 1048576K
}
Event: 3330.397 GC heap before
{Heap before GC invocations=111 (full 0):
 garbage-first heap   total 227328K, used 166805K [0x0000000080000000, 0x0000000100000000)
  region size 1024K, 11 young (11264K), 4 survivors (4096K)
 Metaspace       used 127029K, capacity 130684K, committed 130832K, reserved 1163264K
  class space    used 15718K, capacity 17130K, committed 17252K, reserved 1048576K
}
Event: 3330.413 GC heap after
{Heap after GC invocations=112 (full 0):
 garbage-first heap   total 227328K, used 153205K [0x0000000080000000, 0x0000000100000000)
  region size 1024K, 2 young (2048K), 2 survivors (2048K)
 Metaspace       used 127029K, capacity 130684K, committed 130832K, reserved 1163264K
  class space    used 15718K, capacity 17130K, committed 17252K, reserved 1048576K
}
Event: 3330.509 GC heap before
{Heap before GC invocations=112 (full 0):
 garbage-first heap   total 227328K, used 188021K [0x0000000080000000, 0x0000000100000000)
  region size 1024K, 36 young (36864K), 2 survivors (2048K)
 Metaspace       used 127041K, capacity 130687K, committed 130832K, reserved 1163264K
  class space    used 15718K, capacity 17131K, committed 17252K, reserved 1048576K
}
Event: 3330.524 GC heap after
{Heap after GC invocations=113 (full 0):
 garbage-first heap   total 227328K, used 156206K [0x0000000080000000, 0x0000000100000000)
  region size 1024K, 5 young (5120K), 5 survivors (5120K)
 Metaspace       used 127041K, capacity 130687K, committed 130832K, reserved 1163264K
  class space    used 15718K, capacity 17131K, committed 17252K, reserved 1048576K
}
Event: 3330.702 GC heap before
{Heap before GC invocations=113 (full 0):
 garbage-first heap   total 227328K, used 189998K [0x0000000080000000, 0x0000000100000000)
  region size 1024K, 38 young (38912K), 5 survivors (5120K)
 Metaspace       used 127132K, capacity 130763K, committed 131088K, reserved 1163264K
  class space    used 15725K, capacity 17134K, committed 17252K, reserved 1048576K
}

Deoptimization events (20 events):
Event: 3330.443 Thread 0x0000020a72551000 DEOPT PACKING pc=0x0000020a56d77230 sp=0x000000be8fcf9700
Event: 3330.443 Thread 0x0000020a72551000 DEOPT UNPACKING pc=0x0000020a54bd6dde sp=0x000000be8fcf8ba8 mode 0
Event: 3330.443 Thread 0x0000020a72551000 Uncommon trap: trap_request=0xffffffc6 fr.pc=0x0000020a5ce4c640 relative=0x0000000000000100
Event: 3330.443 Thread 0x0000020a72551000 Uncommon trap: reason=bimorphic_or_optimized_type_check action=maybe_recompile pc=0x0000020a5ce4c640 method=com.android.tools.r8.internal.q.next()Ljava/lang/Object; @ 21 c2
Event: 3330.443 Thread 0x0000020a72551000 DEOPT PACKING pc=0x0000020a5ce4c640 sp=0x000000be8fcf9710
Event: 3330.444 Thread 0x0000020a72551000 DEOPT UNPACKING pc=0x0000020a54bd662f sp=0x000000be8fcf96a0 mode 2
Event: 3330.455 Thread 0x0000020a7712b000 DEOPT PACKING pc=0x0000020a58470dc6 sp=0x000000be914f9510
Event: 3330.455 Thread 0x0000020a7712b000 DEOPT UNPACKING pc=0x0000020a54bd6dde sp=0x000000be914f8988 mode 0
Event: 3330.527 Thread 0x0000020a72551000 DEOPT PACKING pc=0x0000020a56d77230 sp=0x000000be8fcf9700
Event: 3330.527 Thread 0x0000020a72551000 DEOPT UNPACKING pc=0x0000020a54bd6dde sp=0x000000be8fcf8ba8 mode 0
Event: 3330.541 Thread 0x0000020a7712b000 DEOPT PACKING pc=0x0000020a57d17164 sp=0x000000be914f99b0
Event: 3330.541 Thread 0x0000020a7712b000 DEOPT UNPACKING pc=0x0000020a54bd6dde sp=0x000000be914f9040 mode 0
Event: 3330.579 Thread 0x0000020a722cb800 DEOPT PACKING pc=0x0000020a56ce44b3 sp=0x000000be8eef9890
Event: 3330.579 Thread 0x0000020a722cb800 DEOPT UNPACKING pc=0x0000020a54bd6dde sp=0x000000be8eef9040 mode 0
Event: 3330.585 Thread 0x0000020a7712f000 DEOPT PACKING pc=0x0000020a56d77230 sp=0x000000be913f9810
Event: 3330.585 Thread 0x0000020a7712f000 DEOPT UNPACKING pc=0x0000020a54bd6dde sp=0x000000be913f8cb8 mode 0
Event: 3330.690 Thread 0x0000020a7712b000 Uncommon trap: trap_request=0xffffffde fr.pc=0x0000020a5cdc5afc relative=0x000000000000005c
Event: 3330.690 Thread 0x0000020a7712b000 Uncommon trap: reason=class_check action=maybe_recompile pc=0x0000020a5cdc5afc method=com.android.tools.r8.internal.JV0.equals(Ljava/lang/Object;)Z @ 1 c2
Event: 3330.690 Thread 0x0000020a7712b000 DEOPT PACKING pc=0x0000020a5cdc5afc sp=0x000000be914f98a0
Event: 3330.690 Thread 0x0000020a7712b000 DEOPT UNPACKING pc=0x0000020a54bd662f sp=0x000000be914f9830 mode 2

Classes redefined (0 events):
No events

Internal exceptions (20 events):
Event: 2953.699 Thread 0x0000020a7058f800 Exception <a 'sun/nio/fs/WindowsException'{0x000000008dc47228}> (0x000000008dc47228) thrown at [./src/hotspot/share/prims/jni.cpp, line 615]
Event: 2953.699 Thread 0x0000020a7058f800 Exception <a 'sun/nio/fs/WindowsException'{0x000000008dc472a8}> (0x000000008dc472a8) thrown at [./src/hotspot/share/prims/jni.cpp, line 615]
Event: 2953.700 Thread 0x0000020a7058f800 Exception <a 'sun/nio/fs/WindowsException'{0x000000008dc48c08}> (0x000000008dc48c08) thrown at [./src/hotspot/share/prims/jni.cpp, line 615]
Event: 3326.971 Thread 0x0000020a6ca4d000 Exception <a 'sun/nio/fs/WindowsException'{0x000000008bb64988}> (0x000000008bb64988) thrown at [./src/hotspot/share/prims/jni.cpp, line 615]
Event: 3327.056 Thread 0x0000020a6ca4d000 Implicit null exception at 0x0000020a5c98d6cf to 0x0000020a5c98da6c
Event: 3327.056 Thread 0x0000020a6ca4d000 Implicit null exception at 0x0000020a5ca11237 to 0x0000020a5ca115c8
Event: 3327.099 Thread 0x0000020a6ca4d000 Exception <a 'java/lang/NoClassDefFoundError'{0x000000008b8b2a00}: org/jetbrains/kotlin/gradle/plugin/KotlinBasePluginWrapper> (0x000000008b8b2a00) thrown at [./src/hotspot/share/oops/constantPool.cpp, line 775]
Event: 3327.129 Thread 0x0000020a6ca4d000 Exception <a 'sun/nio/fs/WindowsException'{0x000000008b53c2b0}> (0x000000008b53c2b0) thrown at [./src/hotspot/share/prims/jni.cpp, line 615]
Event: 3327.140 Thread 0x0000020a6ca4d000 Exception <a 'sun/nio/fs/WindowsException'{0x000000008b5e07c8}> (0x000000008b5e07c8) thrown at [./src/hotspot/share/prims/jni.cpp, line 615]
Event: 3327.140 Thread 0x0000020a6ca4d000 Exception <a 'sun/nio/fs/WindowsException'{0x000000008b5e1b40}> (0x000000008b5e1b40) thrown at [./src/hotspot/share/prims/jni.cpp, line 615]
Event: 3327.140 Thread 0x0000020a6ca4d000 Exception <a 'sun/nio/fs/WindowsException'{0x000000008b5e2f08}> (0x000000008b5e2f08) thrown at [./src/hotspot/share/prims/jni.cpp, line 615]
Event: 3327.140 Thread 0x0000020a6ca4d000 Exception <a 'sun/nio/fs/WindowsException'{0x000000008b5e42d0}> (0x000000008b5e42d0) thrown at [./src/hotspot/share/prims/jni.cpp, line 615]
Event: 3328.910 Thread 0x0000020a6df74800 Exception <a 'sun/nio/fs/WindowsException'{0x000000008b4c0570}> (0x000000008b4c0570) thrown at [./src/hotspot/share/prims/jni.cpp, line 615]
Event: 3328.912 Thread 0x0000020a72551000 Exception <a 'sun/nio/fs/WindowsException'{0x000000008b2d1690}> (0x000000008b2d1690) thrown at [./src/hotspot/share/prims/jni.cpp, line 615]
Event: 3328.917 Thread 0x0000020a7712b000 Exception <a 'sun/nio/fs/WindowsException'{0x000000008aeb28d8}> (0x000000008aeb28d8) thrown at [./src/hotspot/share/prims/jni.cpp, line 615]
Event: 3328.924 Thread 0x0000020a722cb800 Exception <a 'sun/nio/fs/WindowsException'{0x000000008ab06500}> (0x000000008ab06500) thrown at [./src/hotspot/share/prims/jni.cpp, line 615]
Event: 3328.931 Thread 0x0000020a6fc8d800 Exception <a 'sun/nio/fs/WindowsException'{0x000000008a670328}> (0x000000008a670328) thrown at [./src/hotspot/share/prims/jni.cpp, line 615]
Event: 3328.947 Thread 0x0000020a7712f000 Exception <a 'sun/nio/fs/WindowsException'{0x0000000089d52be0}> (0x0000000089d52be0) thrown at [./src/hotspot/share/prims/jni.cpp, line 615]
Event: 3329.301 Thread 0x0000020a6fc84800 Exception <a 'sun/nio/fs/WindowsException'{0x000000008cb896a0}> (0x000000008cb896a0) thrown at [./src/hotspot/share/prims/jni.cpp, line 615]
Event: 3329.344 Thread 0x0000020a72551000 Exception <a 'java/lang/IncompatibleClassChangeError'{0x000000008b9b95c0}: Found class java.lang.Object, but interface was expected> (0x000000008b9b95c0) thrown at [./src/hotspot/share/interpreter/linkResolver.cpp, line 839]

Events (20 events):
Event: 3330.528 loading class com/android/tools/r8/internal/JD0 done
Event: 3330.544 loading class com/android/tools/r8/ir/regalloc/b
Event: 3330.544 loading class com/android/tools/r8/ir/regalloc/b done
Event: 3330.562 loading class com/android/tools/r8/internal/MU0
Event: 3330.562 loading class com/android/tools/r8/internal/MU0 done
Event: 3330.571 loading class com/android/tools/r8/internal/TU0
Event: 3330.571 loading class com/android/tools/r8/internal/TU0 done
Event: 3330.573 loading class com/android/tools/r8/internal/PU0
Event: 3330.573 loading class com/android/tools/r8/internal/PU0 done
Event: 3330.573 loading class com/android/tools/r8/internal/UU0
Event: 3330.573 loading class com/android/tools/r8/internal/UU0 done
Event: 3330.574 loading class com/android/tools/r8/internal/SU0
Event: 3330.574 loading class com/android/tools/r8/internal/SU0 done
Event: 3330.575 loading class com/android/tools/r8/internal/LU0
Event: 3330.575 loading class com/android/tools/r8/internal/LU0 done
Event: 3330.585 loading class com/android/tools/r8/internal/p91
Event: 3330.585 loading class com/android/tools/r8/internal/p91 done
Event: 3330.671 loading class com/android/tools/r8/internal/JD0
Event: 3330.671 loading class com/android/tools/r8/internal/JD0 done
Event: 3330.702 Executing VM operation: G1CollectForAllocation


Dynamic libraries:
0x00007ff610760000 - 0x00007ff61076a000 	C:\Program Files\Android\Android Studio\jre\bin\java.exe
0x00007ffd03700000 - 0x00007ffd03909000 	C:\WINDOWS\SYSTEM32\ntdll.dll
0x00007ffd02eb0000 - 0x00007ffd02f6d000 	C:\WINDOWS\System32\KERNEL32.DLL
0x00007ffd011e0000 - 0x00007ffd01559000 	C:\WINDOWS\System32\KERNELBASE.dll
0x00007ffd00da0000 - 0x00007ffd00eb1000 	C:\WINDOWS\System32\ucrtbase.dll
0x00007ffced6a0000 - 0x00007ffced6b7000 	C:\Program Files\Android\Android Studio\jre\bin\VCRUNTIME140.dll
0x00007ffcef360000 - 0x00007ffcef379000 	C:\Program Files\Android\Android Studio\jre\bin\jli.dll
0x00007ffd027b0000 - 0x00007ffd0295c000 	C:\WINDOWS\System32\USER32.dll
0x00007ffd01140000 - 0x00007ffd01166000 	C:\WINDOWS\System32\win32u.dll
0x00007ffcffdd0000 - 0x00007ffd00075000 	C:\WINDOWS\WinSxS\amd64_microsoft.windows.common-controls_6595b64144ccf1df_6.0.22000.120_none_9d947278b86cc467\COMCTL32.dll
0x00007ffd01fc0000 - 0x00007ffd01fe9000 	C:\WINDOWS\System32\GDI32.dll
0x00007ffd02f70000 - 0x00007ffd03013000 	C:\WINDOWS\System32\msvcrt.dll
0x00007ffd01020000 - 0x00007ffd01132000 	C:\WINDOWS\System32\gdi32full.dll
0x00007ffd00ec0000 - 0x00007ffd00f5d000 	C:\WINDOWS\System32\msvcp_win.dll
0x00007ffd03650000 - 0x00007ffd03681000 	C:\WINDOWS\System32\IMM32.DLL
0x00007ffce6730000 - 0x00007ffce67cd000 	C:\Program Files\Android\Android Studio\jre\bin\msvcp140.dll
0x00007ffcc4310000 - 0x00007ffcc4de5000 	C:\Program Files\Android\Android Studio\jre\bin\server\jvm.dll
0x00007ffd02230000 - 0x00007ffd022de000 	C:\WINDOWS\System32\ADVAPI32.dll
0x00007ffd035b0000 - 0x00007ffd0364e000 	C:\WINDOWS\System32\sechost.dll
0x00007ffd03170000 - 0x00007ffd03290000 	C:\WINDOWS\System32\RPCRT4.dll
0x00007ffd03160000 - 0x00007ffd03168000 	C:\WINDOWS\System32\PSAPI.DLL
0x00007ffcfb5d0000 - 0x00007ffcfb603000 	C:\WINDOWS\SYSTEM32\WINMM.dll
0x00007ffcebdb0000 - 0x00007ffcebdb9000 	C:\WINDOWS\SYSTEM32\WSOCK32.dll
0x00007ffcf9370000 - 0x00007ffcf937a000 	C:\WINDOWS\SYSTEM32\VERSION.dll
0x00007ffd033a0000 - 0x00007ffd0340f000 	C:\WINDOWS\System32\WS2_32.dll
0x00007ffcff5f0000 - 0x00007ffcff608000 	C:\WINDOWS\SYSTEM32\kernel.appcore.dll
0x00007ffcfc060000 - 0x00007ffcfc071000 	C:\Program Files\Android\Android Studio\jre\bin\verify.dll
0x00007ffd00500000 - 0x00007ffd00721000 	C:\WINDOWS\SYSTEM32\DBGHELP.DLL
0x00007ffd00240000 - 0x00007ffd00271000 	C:\WINDOWS\SYSTEM32\dbgcore.DLL
0x00007ffd00bb0000 - 0x00007ffd00c2f000 	C:\WINDOWS\System32\bcryptPrimitives.dll
0x00007ffceaab0000 - 0x00007ffceaad9000 	C:\Program Files\Android\Android Studio\jre\bin\java.dll
0x00007ffcfb3f0000 - 0x00007ffcfb3fb000 	C:\Program Files\Android\Android Studio\jre\bin\jimage.dll
0x00007ffcf9430000 - 0x00007ffcf9448000 	C:\Program Files\Android\Android Studio\jre\bin\zip.dll
0x00007ffd01560000 - 0x00007ffd01d18000 	C:\WINDOWS\System32\SHELL32.dll
0x00007ffcfe660000 - 0x00007ffcfeec7000 	C:\WINDOWS\SYSTEM32\windows.storage.dll
0x00007ffd02960000 - 0x00007ffd02cd9000 	C:\WINDOWS\System32\combase.dll
0x00007ffcfe4f0000 - 0x00007ffcfe656000 	C:\WINDOWS\SYSTEM32\wintypes.dll
0x00007ffd01e40000 - 0x00007ffd01f2a000 	C:\WINDOWS\System32\SHCORE.dll
0x00007ffd01f50000 - 0x00007ffd01fad000 	C:\WINDOWS\System32\shlwapi.dll
0x00007ffd00ae0000 - 0x00007ffd00b01000 	C:\WINDOWS\SYSTEM32\profapi.dll
0x00007ffceee60000 - 0x00007ffceee7a000 	C:\Program Files\Android\Android Studio\jre\bin\net.dll
0x00007ffcfb860000 - 0x00007ffcfb96c000 	C:\WINDOWS\SYSTEM32\WINHTTP.dll
0x00007ffcffbe0000 - 0x00007ffcffc47000 	C:\WINDOWS\system32\mswsock.dll
0x00007ffceedd0000 - 0x00007ffceede4000 	C:\Program Files\Android\Android Studio\jre\bin\nio.dll
0x00007ffceee10000 - 0x00007ffceee37000 	C:\Users\ASUS\.gradle\native\e1d6ef7f7dcc3fd88c89a11ec53ec762bb8ba0a96d01ffa2cd45eb1d1d8dd5c5\windows-amd64\native-platform.dll
0x00007ffcdf8c0000 - 0x00007ffcdfa04000 	C:\Users\ASUS\.gradle\native\5664cfc778a61ccfe75a443a1ab52a65af34e5dc3c78e0209fed803814484fcb\windows-amd64\native-platform-file-events.dll
0x00007ffced800000 - 0x00007ffced80a000 	C:\Program Files\Android\Android Studio\jre\bin\management.dll
0x00007ffced7f0000 - 0x00007ffced7fd000 	C:\Program Files\Android\Android Studio\jre\bin\management_ext.dll
0x00007ffd00860000 - 0x00007ffd00878000 	C:\WINDOWS\SYSTEM32\CRYPTSP.dll
0x00007ffcff550000 - 0x00007ffcff585000 	C:\WINDOWS\system32\rsaenh.dll
0x00007ffcffd10000 - 0x00007ffcffd39000 	C:\WINDOWS\SYSTEM32\USERENV.dll
0x00007ffd00300000 - 0x00007ffd00327000 	C:\WINDOWS\SYSTEM32\bcrypt.dll
0x00007ffcffb90000 - 0x00007ffcffb9c000 	C:\WINDOWS\SYSTEM32\CRYPTBASE.dll
0x00007ffcff160000 - 0x00007ffcff18d000 	C:\WINDOWS\SYSTEM32\IPHLPAPI.DLL
0x00007ffd03020000 - 0x00007ffd03029000 	C:\WINDOWS\System32\NSI.dll
0x00007ffcfaff0000 - 0x00007ffcfb009000 	C:\WINDOWS\SYSTEM32\dhcpcsvc6.DLL
0x00007ffcfb280000 - 0x00007ffcfb29e000 	C:\WINDOWS\SYSTEM32\dhcpcsvc.DLL
0x00007ffcff190000 - 0x00007ffcff278000 	C:\WINDOWS\SYSTEM32\DNSAPI.dll
0x00007ffd004c0000 - 0x00007ffd004f4000 	C:\WINDOWS\SYSTEM32\ntmarta.dll
0x00007ffced0a0000 - 0x00007ffced0c7000 	C:\Program Files\Android\Android Studio\jre\bin\sunec.dll

dbghelp: loaded successfully - version: 4.0.5 - missing functions: none
symbol engine: initialized successfully - sym options: 0x614 - pdb path: .;C:\Program Files\Android\Android Studio\jre\bin;C:\WINDOWS\SYSTEM32;C:\WINDOWS\WinSxS\amd64_microsoft.windows.common-controls_6595b64144ccf1df_6.0.22000.120_none_9d947278b86cc467;C:\Program Files\Android\Android Studio\jre\bin\server;C:\Users\ASUS\.gradle\native\e1d6ef7f7dcc3fd88c89a11ec53ec762bb8ba0a96d01ffa2cd45eb1d1d8dd5c5\windows-amd64;C:\Users\ASUS\.gradle\native\5664cfc778a61ccfe75a443a1ab52a65af34e5dc3c78e0209fed803814484fcb\windows-amd64

VM Arguments:
jvm_args: --add-opens=java.base/java.util=ALL-UNNAMED --add-opens=java.base/java.lang=ALL-UNNAMED --add-opens=java.base/java.lang.invoke=ALL-UNNAMED --add-opens=java.base/java.util=ALL-UNNAMED --add-opens=java.prefs/java.util.prefs=ALL-UNNAMED --add-opens=java.prefs/java.util.prefs=ALL-UNNAMED --add-opens=java.base/java.nio.charset=ALL-UNNAMED --add-opens=java.base/java.net=ALL-UNNAMED --add-opens=java.base/java.util.concurrent.atomic=ALL-UNNAMED -Xmx2048m -Dfile.encoding=UTF-8 -Duser.country=US -Duser.language=en -Duser.variant 
java_command: org.gradle.launcher.daemon.bootstrap.GradleDaemon 7.2
java_class_path (initial): C:\Users\ASUS\.gradle\wrapper\dists\gradle-7.2-bin\2dnblmf4td7x66yl1d74lt32g\gradle-7.2\lib\gradle-launcher-7.2.jar
Launcher Type: SUN_STANDARD

[Global flags]
     intx CICompilerCount                          = 4                                         {product} {ergonomic}
     uint ConcGCThreads                            = 2                                         {product} {ergonomic}
     uint G1ConcRefinementThreads                  = 8                                         {product} {ergonomic}
   size_t G1HeapRegionSize                         = 1048576                                   {product} {ergonomic}
    uintx GCDrainStackTargetSize                   = 64                                        {product} {ergonomic}
   size_t InitialHeapSize                          = 134217728                                 {product} {ergonomic}
   size_t MarkStackSize                            = 4194304                                   {product} {ergonomic}
   size_t MaxHeapSize                              = 2147483648                                {product} {command line}
   size_t MaxNewSize                               = 1287651328                                {product} {ergonomic}
   size_t MinHeapDeltaBytes                        = 1048576                                   {product} {ergonomic}
    uintx NonNMethodCodeHeapSize                   = 5836300                                {pd product} {ergonomic}
    uintx NonProfiledCodeHeapSize                  = 122910970                              {pd product} {ergonomic}
    uintx ProfiledCodeHeapSize                     = 122910970                              {pd product} {ergonomic}
    uintx ReservedCodeCacheSize                    = 251658240                              {pd product} {ergonomic}
     bool SegmentedCodeCache                       = true                                      {product} {ergonomic}
     bool UseCompressedClassPointers               = true                                 {lp64_product} {ergonomic}
     bool UseCompressedOops                        = true                                 {lp64_product} {ergonomic}
     bool UseG1GC                                  = true                                      {product} {ergonomic}
     bool UseLargePagesIndividualAllocation        = false                                  {pd product} {ergonomic}

Logging:
Log output configuration:
 #0: stdout all=warning uptime,level,tags
 #1: stderr all=off uptime,level,tags

Environment Variables:
PATH=C:\Program Files\Common Files\Oracle\Java\javapath;C:\ProgramData\Oracle\Java\javapath;C:\Program Files (x86)\Intel\iCLS Client\;C:\Program Files\Intel\iCLS Client\;C:\Windows\system32;C:\Windows;C:\Windows\System32\Wbem;C:\Windows\System32\WindowsPowerShell\v1.0\;C:\Windows\System32\OpenSSH\;C:\Program Files (x86)\Intel\Intel(R) Management Engine Components\DAL;C:\Program Files\Intel\Intel(R) Management Engine Components\DAL;C:\Program Files (x86)\Intel\Intel(R) Management Engine Components\IPT;C:\Program Files\Intel\Intel(R) Management Engine Components\IPT;C:\Program Files (x86)\NVIDIA Corporation\PhysX\Common;C:\Program Files\Intel\WiFi\bin\;C:\Program Files\Common Files\Intel\WirelessCommon\;C:\Program Files\Java\jdk-12.0.1\bin;C:\Program Files\dotnet\;C:\WINDOWS\system32;C:\WINDOWS;C:\WINDOWS\System32\Wbem;C:\WINDOWS\System32\WindowsPowerShell\v1.0\;C:\WINDOWS\System32\OpenSSH\;C:\Program Files (x86)\GtkSharp\2.12\bin;C:\Program Files\nodejs\;C:\Program Files\Dart\dart-sdk\bin;C:\Program Files\Java\jdk-17\bin;C:\MinGW\bin;C:\Program Files\Git\cmd;C:\Program Files\PowerShell\7\;C:\xampp\php;C:\ProgramData\ComposerSetup\bin;C:\Program Files (x86)\dotnet\;C:\Program Files\Common Files\Oracle\Java\javapath;C:\ProgramData\Oracle\Java\javapath;C:\Program Files (x86)\Intel\iCLS Client\;C:\Program Files\Intel\iCLS Client\;C:\Windows\system32;C:\Windows;C:\Windows\System32\Wbem;C:\Windows\System32\WindowsPowerShell\v1.0\;C:\Windows\System32\OpenSSH\;C:\Program Files (x86)\Intel\Intel(R) Management Engine Components\DAL;C:\Program Files\Intel\Intel(R) Management Engine Components\DAL;C:\Program Files (x86)\Intel\Intel(R) Management Engine Components\IPT;C:\Program Files\Intel\Intel(R) Management Engine Components\IPT;C:\Program Files (x86)\NVIDIA Corporation\PhysX\Common;C:\Program Files\Intel\WiFi\bin\;C:\Program Files\Common Files\Intel\WirelessCommon\;C:\Program Files\Java\jdk-12.0.1\bin;C:\Program Files\dotnet\;C:\WINDOWS\system32;C:\WINDOWS;C:\WINDOWS\System32\Wb
USERNAME=ASUS
OS=Windows_NT
PROCESSOR_IDENTIFIER=Intel64 Family 6 Model 142 Stepping 10, GenuineIntel



---------------  S Y S T E M  ---------------

OS: Windows 10 , 64 bit Build 22000 (10.0.22000.708)
OS uptime: 0 days 19:27 hours

CPU:total 8 (initial active 8) (4 cores per cpu, 2 threads per core) family 6 model 142 stepping 10 microcode 0xe0, cmov, cx8, fxsr, mmx, sse, sse2, sse3, ssse3, sse4.1, sse4.2, popcnt, avx, avx2, aes, clmul, erms, 3dnowpref, lzcnt, ht, tsc, tscinvbit, bmi1, bmi2, adx, fma

Memory: 4k page, system-wide physical 8074M (829M free)
TotalPageFile size 12170M (AvailPageFile size 153M)
current process WorkingSet (physical memory assigned to process): 579M, peak: 579M
current process commit charge ("private bytes"): 712M, peak: 904M

vm_info: OpenJDK 64-Bit Server VM (11.0.11+9-b60-7590822) for windows-amd64 JRE (11.0.11+9-b60-7590822), built on Jul 29 2021 21:43:44 by "builder" with MS VC++ 14.0 (VS2015)

END.
