#
# There is insufficient memory for the Java Runtime Environment to continue.
# Native memory allocation (malloc) failed to allocate 876496 bytes for Chunk::new
# Possible reasons:
#   The system is out of physical RAM or swap space
#   The process is running with CompressedOops enabled, and the Java Heap may be blocking the growth of the native heap
# Possible solutions:
#   Reduce memory load on the system
#   Increase physical memory or swap space
#   Check if swap backing store is full
#   Decrease Java heap size (-Xmx/-Xms)
#   Decrease number of Java threads
#   Decrease Java thread stack sizes (-Xss)
#   Set larger code cache with -XX:ReservedCodeCacheSize=
#   JVM is running with Unscaled Compressed Oops mode in which the Java heap is
#     placed in the first 4GB address space. The Java Heap base address is the
#     maximum limit for the native heap growth. Please use -XX:HeapBaseMinAddress
#     to set the Java Heap base and to place the Java Heap above 4GB virtual address.
# This output file may be truncated or incomplete.
#
#  Out of Memory Error (./src/hotspot/share/memory/arena.cpp:197), pid=22408, tid=11116
#
# JRE version: OpenJDK Runtime Environment (11.0.11+9) (build 11.0.11+9-b60-7590822)
# Java VM: OpenJDK 64-Bit Server VM (11.0.11+9-b60-7590822, mixed mode, tiered, compressed oops, g1 gc, windows-amd64)
# No core dump will be written. Minidumps are not enabled by default on client versions of Windows
#

---------------  S U M M A R Y ------------

Command Line: --add-opens=java.base/java.util=ALL-UNNAMED --add-opens=java.base/java.lang=ALL-UNNAMED --add-opens=java.base/java.lang.invoke=ALL-UNNAMED --add-opens=java.base/java.util=ALL-UNNAMED --add-opens=java.prefs/java.util.prefs=ALL-UNNAMED --add-opens=java.prefs/java.util.prefs=ALL-UNNAMED --add-opens=java.base/java.nio.charset=ALL-UNNAMED --add-opens=java.base/java.net=ALL-UNNAMED --add-opens=java.base/java.util.concurrent.atomic=ALL-UNNAMED -Xmx2048m -Dfile.encoding=UTF-8 -Duser.country=US -Duser.language=en -Duser.variant org.gradle.launcher.daemon.bootstrap.GradleDaemon 7.2

Host: Intel(R) Core(TM) i5-8250U CPU @ 1.60GHz, 8 cores, 7G,  Windows 10 , 64 bit Build 22000 (10.0.22000.708)
Time: Fri Aug  5 11:25:25 2022 Bangladesh Standard Time elapsed time: 43.615411 seconds (0d 0h 0m 43s)

---------------  T H R E A D  ---------------

Current thread (0x000001827f623000):  JavaThread "C2 CompilerThread0" daemon [_thread_in_native, id=11116, stack(0x000000547c900000,0x000000547ca00000)]


Current CompileTask:
C2:  43615 12284 %     4       org.gradle.internal.snapshot.VfsRelativePath::compareToFirstSegment @ 26 (203 bytes)

Stack: [0x000000547c900000,0x000000547ca00000]
Native frames: (J=compiled Java code, j=interpreted, Vv=VM code, C=native code)
V  [jvm.dll+0x5f214a]
V  [jvm.dll+0x726fb5]
V  [jvm.dll+0x7285cd]
V  [jvm.dll+0x728c83]
V  [jvm.dll+0x243278]
V  [jvm.dll+0xbc53c]
V  [jvm.dll+0xbca3c]
V  [jvm.dll+0x353e7d]
V  [jvm.dll+0x321893]
V  [jvm.dll+0x320d8a]
V  [jvm.dll+0x1fc1e2]
V  [jvm.dll+0x1fb3d4]
V  [jvm.dll+0x183d6c]
V  [jvm.dll+0x209a57]
V  [jvm.dll+0x2082a1]
V  [jvm.dll+0x6ef58f]
V  [jvm.dll+0x6e80b5]
V  [jvm.dll+0x5f1036]
C  [ucrtbase.dll+0x26c0c]
C  [KERNEL32.DLL+0x154e0]
C  [ntdll.dll+0x485b]


---------------  P R O C E S S  ---------------

Threads class SMR info:
_java_thread_list=0x000001820f3bb050, length=139, elements={
0x000001826a821800, 0x000001827eca8000, 0x000001827ecb3000, 0x000001827ecc4800,
0x000001827ecc5800, 0x000001827ecc6800, 0x000001827f623000, 0x000001827ecd5800,
0x000001827f62d000, 0x000001827f782800, 0x0000018206f05800, 0x00000182078b8800,
0x0000018207666000, 0x0000018206bef000, 0x000001820765a000, 0x000001820765b000,
0x0000018207823000, 0x0000018207824000, 0x0000018206900000, 0x000001827ecd6000,
0x000001827ecd4800, 0x000001827ecd9800, 0x000001827ecd3800, 0x000001827ecd7000,
0x000001827ecd8800, 0x0000018207ff1800, 0x0000018207ff3800, 0x0000018207ff6000,
0x0000018207ff2800, 0x0000018207ff4000, 0x0000018207ffa000, 0x0000018207ffd000,
0x0000018207ffe000, 0x0000018207ffa800, 0x0000018207ffb800, 0x0000018207ffc800,
0x0000018207ff0000, 0x000001827ecd8000, 0x000001820b440000, 0x000001820b43d000,
0x000001820b43d800, 0x000001820b43a800, 0x000001820b441000, 0x000001820b43e800,
0x000001820b43f800, 0x000001820b43c000, 0x000001820b43b000, 0x000001820b443800,
0x000001820b447800, 0x000001820b441800, 0x000001820b446800, 0x000001820b448800,
0x000001820b446000, 0x000001820b442800, 0x000001820b449000, 0x000001820b444000,
0x000001820b445000, 0x00000182082d7000, 0x00000182082d7800, 0x00000182082db000,
0x00000182082d8800, 0x00000182082d9800, 0x00000182082da000, 0x00000182082d6000,
0x00000182082df000, 0x00000182082e1800, 0x00000182082e0000, 0x00000182082dd800,
0x00000182082e0800, 0x00000182082db800, 0x00000182082e2800, 0x00000182082de000,
0x00000182082dc800, 0x00000182082e3000, 0x00000182082e4800, 0x00000182082e4000,
0x000001820adc9800, 0x000001820adc7000, 0x000001820adc4000, 0x000001820adca800,
0x000001820adc5000, 0x000001820adc8000, 0x000001820adcb800, 0x000001820adc9000,
0x000001820adc5800, 0x000001820adcc000, 0x000001820adc6800, 0x000001820add0000,
0x000001820add1000, 0x000001820adce000, 0x000001820adcd000, 0x000001820add2000,
0x000001820adce800, 0x000001820adcf800, 0x000001820add2800, 0x000001820b007000,
0x000001820b008000, 0x000001820b004800, 0x000001820b008800, 0x000001820b005800,
0x000001820b009800, 0x000001820b006000, 0x000001820b004000, 0x000001820b00c000,
0x000001820b00a800, 0x000001820b00e800, 0x000001820b00d000, 0x000001820b011000,
0x000001820b00b000, 0x000001820b010000, 0x000001820b011800, 0x000001820b00d800,
0x000001820b012800, 0x000001820b00f000, 0x000001820b014000, 0x000001820b017000,
0x000001820b014800, 0x000001820b018000, 0x000001820b016000, 0x000001820b018800,
0x000001820b019800, 0x000001820b015800, 0x000001820b01d000, 0x000001820b021000,
0x000001820b021800, 0x000001820b01c000, 0x000001820b022800, 0x000001820b020000,
0x000001820b01d800, 0x000001820b01e800, 0x0000018207ff5000, 0x00000182065fb800,
0x00000182065f9800, 0x00000182065fd000, 0x00000182065fa800, 0x00000182065fc000,
0x00000182065f8000, 0x00000182065fe000, 0x00000182065f7800
}

Java Threads: ( => current thread )
  0x000001826a821800 JavaThread "main" [_thread_blocked, id=12636, stack(0x000000547bd00000,0x000000547be00000)]
  0x000001827eca8000 JavaThread "Reference Handler" daemon [_thread_blocked, id=9748, stack(0x000000547c400000,0x000000547c500000)]
  0x000001827ecb3000 JavaThread "Finalizer" daemon [_thread_blocked, id=22152, stack(0x000000547c500000,0x000000547c600000)]
  0x000001827ecc4800 JavaThread "Signal Dispatcher" daemon [_thread_blocked, id=21660, stack(0x000000547c600000,0x000000547c700000)]
  0x000001827ecc5800 JavaThread "Attach Listener" daemon [_thread_blocked, id=4244, stack(0x000000547c700000,0x000000547c800000)]
  0x000001827ecc6800 JavaThread "Service Thread" daemon [_thread_blocked, id=15308, stack(0x000000547c800000,0x000000547c900000)]
=>0x000001827f623000 JavaThread "C2 CompilerThread0" daemon [_thread_in_native, id=11116, stack(0x000000547c900000,0x000000547ca00000)]
  0x000001827ecd5800 JavaThread "C1 CompilerThread0" daemon [_thread_blocked, id=2728, stack(0x000000547ca00000,0x000000547cb00000)]
  0x000001827f62d000 JavaThread "Sweeper thread" daemon [_thread_blocked, id=20860, stack(0x000000547cb00000,0x000000547cc00000)]
  0x000001827f782800 JavaThread "Common-Cleaner" daemon [_thread_blocked, id=13884, stack(0x000000547cc00000,0x000000547cd00000)]
  0x0000018206f05800 JavaThread "Daemon health stats" [_thread_blocked, id=17156, stack(0x000000547d200000,0x000000547d300000)]
  0x00000182078b8800 JavaThread "Incoming local TCP Connector on port 58575" [_thread_in_native, id=21468, stack(0x000000547ce00000,0x000000547cf00000)]
  0x0000018207666000 JavaThread "Daemon periodic checks" [_thread_blocked, id=3816, stack(0x000000547d100000,0x000000547d200000)]
  0x0000018206bef000 JavaThread "Daemon" [_thread_blocked, id=21200, stack(0x000000547d300000,0x000000547d400000)]
  0x000001820765a000 JavaThread "Handler for socket connection from /127.0.0.1:58575 to /127.0.0.1:58576" [_thread_in_native, id=3424, stack(0x000000547d400000,0x000000547d500000)]
  0x000001820765b000 JavaThread "Cancel handler" [_thread_blocked, id=9464, stack(0x000000547d500000,0x000000547d600000)]
  0x0000018207823000 JavaThread "Daemon worker" [_thread_blocked, id=6236, stack(0x000000547d600000,0x000000547d700000)]
  0x0000018207824000 JavaThread "Asynchronous log dispatcher for DefaultDaemonConnection: socket connection from /127.0.0.1:58575 to /127.0.0.1:58576" [_thread_blocked, id=16716, stack(0x000000547d700000,0x000000547d800000)]
  0x0000018206900000 JavaThread "Stdin handler" [_thread_blocked, id=6044, stack(0x000000547d800000,0x000000547d900000)]
  0x000001827ecd6000 JavaThread "Daemon client event forwarder" [_thread_blocked, id=20392, stack(0x000000547d900000,0x000000547da00000)]
  0x000001827ecd4800 JavaThread "Cache worker for journal cache (C:\Users\ASUS\.gradle\caches\journal-1)" [_thread_blocked, id=11664, stack(0x000000547e000000,0x000000547e100000)]
  0x000001827ecd9800 JavaThread "File lock request listener" [_thread_in_native, id=8040, stack(0x000000547e100000,0x000000547e200000)]
  0x000001827ecd3800 JavaThread "Cache worker for file hash cache (C:\Users\ASUS\.gradle\caches\7.2\fileHashes)" [_thread_blocked, id=2616, stack(0x000000547e200000,0x000000547e300000)]
  0x000001827ecd7000 JavaThread "Cache worker for file hash cache (C:\Users\ASUS\Applications\BMI_Calculator\.gradle\7.2\fileHashes)" [_thread_blocked, id=11852, stack(0x000000547e400000,0x000000547e500000)]
  0x000001827ecd8800 JavaThread "File watcher server" daemon [_thread_in_native, id=22096, stack(0x000000547e600000,0x000000547e700000)]
  0x0000018207ff1800 JavaThread "File watcher consumer" daemon [_thread_blocked, id=21636, stack(0x000000547e700000,0x000000547e800000)]
  0x0000018207ff3800 JavaThread "Cache worker for checksums cache (C:\Users\ASUS\Applications\BMI_Calculator\.gradle\checksums)" [_thread_blocked, id=21932, stack(0x000000547e800000,0x000000547e900000)]
  0x0000018207ff6000 JavaThread "Cache worker for cache directory md-supplier (C:\Users\ASUS\.gradle\caches\7.2\md-supplier)" [_thread_blocked, id=22348, stack(0x000000547e900000,0x000000547ea00000)]
  0x0000018207ff2800 JavaThread "Cache worker for cache directory md-rule (C:\Users\ASUS\.gradle\caches\7.2\md-rule)" [_thread_blocked, id=21748, stack(0x000000547e500000,0x000000547e600000)]
  0x0000018207ff4000 JavaThread "Cache worker for execution history cache (C:\Users\ASUS\.gradle\caches\7.2\executionHistory)" [_thread_in_Java, id=10400, stack(0x000000547eb00000,0x000000547ec00000)]
  0x0000018207ffa000 JavaThread "jar transforms" [_thread_blocked, id=3452, stack(0x000000547ed00000,0x000000547ee00000)]
  0x0000018207ffd000 JavaThread "Cache worker for file content cache (C:\Users\ASUS\.gradle\caches\7.2\fileContent)" [_thread_blocked, id=12920, stack(0x000000547ee00000,0x000000547ef00000)]
  0x0000018207ffe000 JavaThread "jar transforms Thread 2" [_thread_blocked, id=22404, stack(0x000000547ef00000,0x000000547f000000)]
  0x0000018207ffa800 JavaThread "Cache worker for dependencies-accessors (C:\Users\ASUS\Applications\BMI_Calculator\.gradle\7.2\dependencies-accessors)" [_thread_blocked, id=12076, stack(0x000000547f000000,0x000000547f100000)]
  0x0000018207ffb800 JavaThread "jar transforms Thread 3" [_thread_blocked, id=20748, stack(0x000000547f100000,0x000000547f200000)]
  0x0000018207ffc800 JavaThread "Cache worker for Build Output Cleanup Cache (C:\Users\ASUS\Applications\BMI_Calculator\.gradle\buildOutputCleanup)" [_thread_in_native, id=12508, stack(0x000000547f200000,0x000000547f300000)]
  0x0000018207ff0000 JavaThread "Unconstrained build operations" [_thread_blocked, id=8612, stack(0x000000547ec00000,0x000000547ed00000)]
  0x000001827ecd8000 JavaThread "Unconstrained build operations Thread 2" [_thread_blocked, id=10964, stack(0x000000547f300000,0x000000547f400000)]
  0x000001820b440000 JavaThread "Unconstrained build operations Thread 3" [_thread_blocked, id=13888, stack(0x000000547f400000,0x000000547f500000)]
  0x000001820b43d000 JavaThread "Unconstrained build operations Thread 4" [_thread_blocked, id=12468, stack(0x000000547f500000,0x000000547f600000)]
  0x000001820b43d800 JavaThread "Unconstrained build operations Thread 5" [_thread_blocked, id=3784, stack(0x000000547f600000,0x000000547f700000)]
  0x000001820b43a800 JavaThread "Unconstrained build operations Thread 6" [_thread_blocked, id=12956, stack(0x000000547f700000,0x000000547f800000)]
  0x000001820b441000 JavaThread "Unconstrained build operations Thread 7" [_thread_blocked, id=21628, stack(0x000000547f800000,0x000000547f900000)]
  0x000001820b43e800 JavaThread "Unconstrained build operations Thread 8" [_thread_blocked, id=22244, stack(0x000000547f900000,0x000000547fa00000)]
  0x000001820b43f800 JavaThread "Unconstrained build operations Thread 9" [_thread_blocked, id=21212, stack(0x000000547fa00000,0x000000547fb00000)]
  0x000001820b43c000 JavaThread "Unconstrained build operations Thread 10" [_thread_blocked, id=21488, stack(0x000000547fb00000,0x000000547fc00000)]
  0x000001820b43b000 JavaThread "Unconstrained build operations Thread 11" [_thread_blocked, id=6744, stack(0x000000547fc00000,0x000000547fd00000)]
  0x000001820b443800 JavaThread "Unconstrained build operations Thread 12" [_thread_in_native, id=16540, stack(0x000000547fd00000,0x000000547fe00000)]
  0x000001820b447800 JavaThread "Unconstrained build operations Thread 13" [_thread_blocked, id=8444, stack(0x000000547fe00000,0x000000547ff00000)]
  0x000001820b441800 JavaThread "Unconstrained build operations Thread 14" [_thread_blocked, id=10852, stack(0x000000547ff00000,0x0000005480000000)]
  0x000001820b446800 JavaThread "Unconstrained build operations Thread 15" [_thread_blocked, id=1824, stack(0x0000005400000000,0x0000005400100000)]
  0x000001820b448800 JavaThread "Unconstrained build operations Thread 16" [_thread_blocked, id=2996, stack(0x0000005400100000,0x0000005400200000)]
  0x000001820b446000 JavaThread "Unconstrained build operations Thread 17" [_thread_blocked, id=11672, stack(0x0000005400200000,0x0000005400300000)]
  0x000001820b442800 JavaThread "Unconstrained build operations Thread 18" [_thread_blocked, id=8048, stack(0x0000005400300000,0x0000005400400000)]
  0x000001820b449000 JavaThread "Unconstrained build operations Thread 19" [_thread_blocked, id=19984, stack(0x0000005400400000,0x0000005400500000)]
  0x000001820b444000 JavaThread "Unconstrained build operations Thread 20" [_thread_blocked, id=20928, stack(0x0000005400500000,0x0000005400600000)]
  0x000001820b445000 JavaThread "Unconstrained build operations Thread 21" [_thread_blocked, id=18048, stack(0x0000005400600000,0x0000005400700000)]
  0x00000182082d7000 JavaThread "Unconstrained build operations Thread 22" [_thread_blocked, id=6160, stack(0x0000005400700000,0x0000005400800000)]
  0x00000182082d7800 JavaThread "Unconstrained build operations Thread 23" [_thread_blocked, id=8968, stack(0x0000005400800000,0x0000005400900000)]
  0x00000182082db000 JavaThread "Unconstrained build operations Thread 24" [_thread_blocked, id=16608, stack(0x0000005400900000,0x0000005400a00000)]
  0x00000182082d8800 JavaThread "Unconstrained build operations Thread 25" [_thread_blocked, id=6836, stack(0x0000005400a00000,0x0000005400b00000)]
  0x00000182082d9800 JavaThread "Unconstrained build operations Thread 26" [_thread_blocked, id=3672, stack(0x0000005400b00000,0x0000005400c00000)]
  0x00000182082da000 JavaThread "Unconstrained build operations Thread 27" [_thread_blocked, id=17840, stack(0x0000005400c00000,0x0000005400d00000)]
  0x00000182082d6000 JavaThread "Unconstrained build operations Thread 28" [_thread_blocked, id=10248, stack(0x0000005400d00000,0x0000005400e00000)]
  0x00000182082df000 JavaThread "Unconstrained build operations Thread 29" [_thread_blocked, id=3524, stack(0x0000005400e00000,0x0000005400f00000)]
  0x00000182082e1800 JavaThread "Unconstrained build operations Thread 30" [_thread_blocked, id=4292, stack(0x0000005400f00000,0x0000005401000000)]
  0x00000182082e0000 JavaThread "Unconstrained build operations Thread 31" [_thread_blocked, id=16864, stack(0x0000005401000000,0x0000005401100000)]
  0x00000182082dd800 JavaThread "Unconstrained build operations Thread 32" [_thread_blocked, id=4308, stack(0x0000005401100000,0x0000005401200000)]
  0x00000182082e0800 JavaThread "Unconstrained build operations Thread 33" [_thread_blocked, id=13784, stack(0x0000005401200000,0x0000005401300000)]
  0x00000182082db800 JavaThread "Unconstrained build operations Thread 34" [_thread_blocked, id=20944, stack(0x0000005401300000,0x0000005401400000)]
  0x00000182082e2800 JavaThread "Unconstrained build operations Thread 35" [_thread_blocked, id=2100, stack(0x0000005401400000,0x0000005401500000)]
  0x00000182082de000 JavaThread "Unconstrained build operations Thread 36" [_thread_blocked, id=15736, stack(0x0000005401500000,0x0000005401600000)]
  0x00000182082dc800 JavaThread "Unconstrained build operations Thread 37" [_thread_blocked, id=3744, stack(0x0000005401600000,0x0000005401700000)]
  0x00000182082e3000 JavaThread "Unconstrained build operations Thread 38" [_thread_blocked, id=22076, stack(0x0000005401700000,0x0000005401800000)]
  0x00000182082e4800 JavaThread "Unconstrained build operations Thread 39" [_thread_blocked, id=9580, stack(0x0000005401800000,0x0000005401900000)]
  0x00000182082e4000 JavaThread "Unconstrained build operations Thread 40" [_thread_blocked, id=3416, stack(0x0000005401900000,0x0000005401a00000)]
  0x000001820adc9800 JavaThread "Unconstrained build operations Thread 41" [_thread_blocked, id=22160, stack(0x0000005401a00000,0x0000005401b00000)]
  0x000001820adc7000 JavaThread "Unconstrained build operations Thread 42" [_thread_blocked, id=21988, stack(0x0000005401b00000,0x0000005401c00000)]
  0x000001820adc4000 JavaThread "Unconstrained build operations Thread 43" [_thread_blocked, id=10644, stack(0x0000005401c00000,0x0000005401d00000)]
  0x000001820adca800 JavaThread "Unconstrained build operations Thread 44" [_thread_blocked, id=17348, stack(0x0000005401d00000,0x0000005401e00000)]
  0x000001820adc5000 JavaThread "Unconstrained build operations Thread 45" [_thread_blocked, id=2696, stack(0x0000005401e00000,0x0000005401f00000)]
  0x000001820adc8000 JavaThread "Unconstrained build operations Thread 46" [_thread_blocked, id=9524, stack(0x0000005401f00000,0x0000005402000000)]
  0x000001820adcb800 JavaThread "Unconstrained build operations Thread 47" [_thread_blocked, id=22108, stack(0x0000005402000000,0x0000005402100000)]
  0x000001820adc9000 JavaThread "Unconstrained build operations Thread 48" [_thread_blocked, id=9700, stack(0x0000005402100000,0x0000005402200000)]
  0x000001820adc5800 JavaThread "Unconstrained build operations Thread 49" [_thread_blocked, id=21384, stack(0x0000005402200000,0x0000005402300000)]
  0x000001820adcc000 JavaThread "Unconstrained build operations Thread 50" [_thread_blocked, id=6752, stack(0x0000005402300000,0x0000005402400000)]
  0x000001820adc6800 JavaThread "Unconstrained build operations Thread 51" [_thread_blocked, id=18708, stack(0x0000005402400000,0x0000005402500000)]
  0x000001820add0000 JavaThread "Unconstrained build operations Thread 52" [_thread_blocked, id=10236, stack(0x0000005402500000,0x0000005402600000)]
  0x000001820add1000 JavaThread "Unconstrained build operations Thread 53" [_thread_blocked, id=10152, stack(0x0000005402600000,0x0000005402700000)]
  0x000001820adce000 JavaThread "Unconstrained build operations Thread 54" [_thread_blocked, id=6904, stack(0x0000005402700000,0x0000005402800000)]
  0x000001820adcd000 JavaThread "Unconstrained build operations Thread 55" [_thread_blocked, id=12772, stack(0x0000005402800000,0x0000005402900000)]
  0x000001820add2000 JavaThread "Unconstrained build operations Thread 56" [_thread_blocked, id=15352, stack(0x0000005402900000,0x0000005402a00000)]
  0x000001820adce800 JavaThread "Unconstrained build operations Thread 57" [_thread_blocked, id=9556, stack(0x0000005402a00000,0x0000005402b00000)]
  0x000001820adcf800 JavaThread "Unconstrained build operations Thread 58" [_thread_blocked, id=12616, stack(0x0000005402b00000,0x0000005402c00000)]
  0x000001820add2800 JavaThread "Unconstrained build operations Thread 59" [_thread_blocked, id=9052, stack(0x0000005402c00000,0x0000005402d00000)]
  0x000001820b007000 JavaThread "Unconstrained build operations Thread 60" [_thread_blocked, id=2336, stack(0x0000005402d00000,0x0000005402e00000)]
  0x000001820b008000 JavaThread "Unconstrained build operations Thread 61" [_thread_blocked, id=3076, stack(0x0000005402e00000,0x0000005402f00000)]
  0x000001820b004800 JavaThread "Unconstrained build operations Thread 62" [_thread_blocked, id=21172, stack(0x0000005402f00000,0x0000005403000000)]
  0x000001820b008800 JavaThread "Unconstrained build operations Thread 63" [_thread_blocked, id=16308, stack(0x0000005403000000,0x0000005403100000)]
  0x000001820b005800 JavaThread "Unconstrained build operations Thread 64" [_thread_blocked, id=22332, stack(0x0000005403100000,0x0000005403200000)]
  0x000001820b009800 JavaThread "Unconstrained build operations Thread 65" [_thread_blocked, id=11392, stack(0x0000005403200000,0x0000005403300000)]
  0x000001820b006000 JavaThread "Unconstrained build operations Thread 66" [_thread_blocked, id=1712, stack(0x0000005403300000,0x0000005403400000)]
  0x000001820b004000 JavaThread "Unconstrained build operations Thread 67" [_thread_blocked, id=3916, stack(0x0000005403400000,0x0000005403500000)]
  0x000001820b00c000 JavaThread "Unconstrained build operations Thread 68" [_thread_blocked, id=7984, stack(0x0000005403500000,0x0000005403600000)]
  0x000001820b00a800 JavaThread "Unconstrained build operations Thread 69" [_thread_blocked, id=7964, stack(0x0000005403600000,0x0000005403700000)]
  0x000001820b00e800 JavaThread "Unconstrained build operations Thread 70" [_thread_blocked, id=4136, stack(0x0000005403700000,0x0000005403800000)]
  0x000001820b00d000 JavaThread "Unconstrained build operations Thread 71" [_thread_blocked, id=17204, stack(0x0000005403800000,0x0000005403900000)]
  0x000001820b011000 JavaThread "Unconstrained build operations Thread 72" [_thread_blocked, id=22008, stack(0x0000005403900000,0x0000005403a00000)]
  0x000001820b00b000 JavaThread "Unconstrained build operations Thread 73" [_thread_blocked, id=18988, stack(0x0000005403a00000,0x0000005403b00000)]
  0x000001820b010000 JavaThread "Unconstrained build operations Thread 74" [_thread_blocked, id=12564, stack(0x0000005403b00000,0x0000005403c00000)]
  0x000001820b011800 JavaThread "Unconstrained build operations Thread 75" [_thread_blocked, id=21776, stack(0x0000005403c00000,0x0000005403d00000)]
  0x000001820b00d800 JavaThread "Unconstrained build operations Thread 76" [_thread_blocked, id=20448, stack(0x0000005403d00000,0x0000005403e00000)]
  0x000001820b012800 JavaThread "Unconstrained build operations Thread 77" [_thread_blocked, id=2640, stack(0x0000005403e00000,0x0000005403f00000)]
  0x000001820b00f000 JavaThread "Unconstrained build operations Thread 78" [_thread_blocked, id=6684, stack(0x0000005403f00000,0x0000005404000000)]
  0x000001820b014000 JavaThread "Unconstrained build operations Thread 79" [_thread_blocked, id=2712, stack(0x0000005404000000,0x0000005404100000)]
  0x000001820b017000 JavaThread "Unconstrained build operations Thread 80" [_thread_blocked, id=20612, stack(0x0000005404100000,0x0000005404200000)]
  0x000001820b014800 JavaThread "jar transforms Thread 4" [_thread_blocked, id=20896, stack(0x0000005404200000,0x0000005404300000)]
  0x000001820b018000 JavaThread "jar transforms Thread 5" [_thread_blocked, id=4336, stack(0x0000005404300000,0x0000005404400000)]
  0x000001820b016000 JavaThread "jar transforms Thread 6" [_thread_blocked, id=16416, stack(0x0000005404400000,0x0000005404500000)]
  0x000001820b018800 JavaThread "jar transforms Thread 7" [_thread_blocked, id=1496, stack(0x0000005404500000,0x0000005404600000)]
  0x000001820b019800 JavaThread "jar transforms Thread 8" [_thread_blocked, id=16868, stack(0x0000005404600000,0x0000005404700000)]
  0x000001820b015800 JavaThread "Memory manager" [_thread_blocked, id=9996, stack(0x0000005404800000,0x0000005404900000)]
  0x000001820b01d000 JavaThread "build event listener" [_thread_blocked, id=6048, stack(0x0000005404900000,0x0000005404a00000)]
  0x000001820b021000 JavaThread "Execution worker for ':'" [_thread_blocked, id=15464, stack(0x0000005404a00000,0x0000005404b00000)]
  0x000001820b021800 JavaThread "Execution worker for ':' Thread 2" [_thread_blocked, id=5440, stack(0x0000005404b00000,0x0000005404c00000)]
  0x000001820b01c000 JavaThread "Execution worker for ':' Thread 3" [_thread_blocked, id=16952, stack(0x0000005404c00000,0x0000005404d00000)]
  0x000001820b022800 JavaThread "Execution worker for ':' Thread 4" [_thread_blocked, id=15512, stack(0x0000005404d00000,0x0000005404e00000)]
  0x000001820b020000 JavaThread "Execution worker for ':' Thread 5" [_thread_blocked, id=3724, stack(0x0000005404e00000,0x0000005404f00000)]
  0x000001820b01d800 JavaThread "Execution worker for ':' Thread 6" [_thread_blocked, id=2680, stack(0x0000005404f00000,0x0000005405000000)]
  0x000001820b01e800 JavaThread "Execution worker for ':' Thread 7" [_thread_blocked, id=7584, stack(0x0000005405000000,0x0000005405100000)]
  0x0000018207ff5000 JavaThread "Cache worker for execution history cache (C:\Users\ASUS\Applications\BMI_Calculator\.gradle\7.2\executionHistory)" [_thread_blocked, id=2992, stack(0x0000005405100000,0x0000005405200000)]
  0x00000182065fb800 JavaThread "WorkerExecutor Queue" [_thread_blocked, id=21772, stack(0x0000005405200000,0x0000005405300000)]
  0x00000182065f9800 JavaThread "WorkerExecutor Queue Thread 2" [_thread_blocked, id=13780, stack(0x0000005405300000,0x0000005405400000)]
  0x00000182065fd000 JavaThread "WorkerExecutor Queue Thread 3" [_thread_blocked, id=14748, stack(0x0000005404700000,0x0000005404800000)]
  0x00000182065fa800 JavaThread "WorkerExecutor Queue Thread 4" [_thread_blocked, id=6772, stack(0x0000005405600000,0x0000005405700000)]
  0x00000182065fc000 JavaThread "WorkerExecutor Queue Thread 5" [_thread_blocked, id=20144, stack(0x0000005405700000,0x0000005405800000)]
  0x00000182065f8000 JavaThread "WorkerExecutor Queue Thread 7" [_thread_blocked, id=13172, stack(0x0000005405900000,0x0000005405a00000)]
  0x00000182065fe000 JavaThread "WorkerExecutor Queue Thread 8" [_thread_blocked, id=6260, stack(0x0000005405a00000,0x0000005405b00000)]
  0x00000182065f7800 JavaThread "WorkerExecutor Queue Thread 9" [_thread_blocked, id=6500, stack(0x0000005405800000,0x0000005405900000)]

Other Threads:
  0x000001827eca6800 VMThread "VM Thread" [stack: 0x000000547c300000,0x000000547c400000] [id=6424]
  0x000001827f7eb000 WatcherThread [stack: 0x000000547cd00000,0x000000547ce00000] [id=10660]
  0x000001826a83b000 GCTaskThread "GC Thread#0" [stack: 0x000000547be00000,0x000000547bf00000] [id=15664]
  0x0000018206860800 GCTaskThread "GC Thread#1" [stack: 0x000000547cf00000,0x000000547d000000] [id=2836]
  0x000001820693b800 GCTaskThread "GC Thread#2" [stack: 0x000000547d000000,0x000000547d100000] [id=2360]
  0x0000018206b10000 GCTaskThread "GC Thread#3" [stack: 0x000000547da00000,0x000000547db00000] [id=21584]
  0x0000018206bf0000 GCTaskThread "GC Thread#4" [stack: 0x000000547db00000,0x000000547dc00000] [id=14744]
  0x0000018206901000 GCTaskThread "GC Thread#5" [stack: 0x000000547dc00000,0x000000547dd00000] [id=16496]
  0x0000018206913000 GCTaskThread "GC Thread#6" [stack: 0x000000547dd00000,0x000000547de00000] [id=12172]
  0x00000182079da000 GCTaskThread "GC Thread#7" [stack: 0x000000547de00000,0x000000547df00000] [id=32]
  0x000001826a86e800 ConcurrentGCThread "G1 Main Marker" [stack: 0x000000547bf00000,0x000000547c000000] [id=16720]
  0x000001826a86f800 ConcurrentGCThread "G1 Conc#0" [stack: 0x000000547c000000,0x000000547c100000] [id=21848]
  0x0000018208914800 ConcurrentGCThread "G1 Conc#1" [stack: 0x000000547e300000,0x000000547e400000] [id=1008]
  0x000001826a8fd800 ConcurrentGCThread "G1 Refine#0" [stack: 0x000000547c100000,0x000000547c200000] [id=10336]
  0x0000018206904000 ConcurrentGCThread "G1 Refine#1" [stack: 0x000000547df00000,0x000000547e000000] [id=3928]
  0x000001827eaf9800 ConcurrentGCThread "G1 Young RemSet Sampling" [stack: 0x000000547c200000,0x000000547c300000] [id=17360]

Threads with active compile tasks:
C2 CompilerThread0  43703 12284 %     4       org.gradle.internal.snapshot.VfsRelativePath::compareToFirstSegment @ 26 (203 bytes)

VM state:not at safepoint (normal execution)

VM Mutex/Monitor currently owned by a thread: None

Heap address: 0x0000000080000000, size: 2048 MB, Compressed Oops mode: 32-bit
Narrow klass base: 0x0000000000000000, Narrow klass shift: 3
Compressed class space size: 1073741824 Address: 0x0000000100000000

Heap:
 garbage-first heap   total 189440K, used 100181K [0x0000000080000000, 0x0000000100000000)
  region size 1024K, 21 young (21504K), 4 survivors (4096K)
 Metaspace       used 94695K, capacity 96864K, committed 97100K, reserved 1134592K
  class space    used 11913K, capacity 12732K, committed 12876K, reserved 1048576K
Heap Regions: E=young(eden), S=young(survivor), O=old, HS=humongous(starts), HC=humongous(continues), CS=collection set, F=free, A=archive, TAMS=top-at-mark-start (previous, next)
|   0|0x0000000080000000, 0x0000000080100000, 0x0000000080100000|100%| O|  |TAMS 0x0000000080100000, 0x0000000080000000| Untracked 
|   1|0x0000000080100000, 0x0000000080200000, 0x0000000080200000|100%| O|  |TAMS 0x0000000080200000, 0x0000000080100000| Untracked 
|   2|0x0000000080200000, 0x0000000080300000, 0x0000000080300000|100%| O|  |TAMS 0x0000000080300000, 0x0000000080200000| Untracked 
|   3|0x0000000080300000, 0x0000000080400000, 0x0000000080400000|100%|HS|  |TAMS 0x0000000080400000, 0x0000000080300000| Complete 
|   4|0x0000000080400000, 0x0000000080500000, 0x0000000080500000|100%|HC|  |TAMS 0x0000000080500000, 0x0000000080400000| Complete 
|   5|0x0000000080500000, 0x0000000080600000, 0x0000000080600000|100%|HC|  |TAMS 0x0000000080600000, 0x0000000080500000| Complete 
|   6|0x0000000080600000, 0x0000000080700000, 0x0000000080700000|100%| O|  |TAMS 0x0000000080700000, 0x0000000080600000| Untracked 
|   7|0x0000000080700000, 0x0000000080800000, 0x0000000080800000|100%| O|  |TAMS 0x0000000080800000, 0x0000000080700000| Untracked 
|   8|0x0000000080800000, 0x0000000080900000, 0x0000000080900000|100%| O|  |TAMS 0x0000000080900000, 0x0000000080800000| Untracked 
|   9|0x0000000080900000, 0x0000000080a00000, 0x0000000080a00000|100%| O|  |TAMS 0x0000000080a00000, 0x0000000080900000| Untracked 
|  10|0x0000000080a00000, 0x0000000080b00000, 0x0000000080b00000|100%| O|  |TAMS 0x0000000080b00000, 0x0000000080a00000| Untracked 
|  11|0x0000000080b00000, 0x0000000080c00000, 0x0000000080c00000|100%| O|  |TAMS 0x0000000080c00000, 0x0000000080b00000| Untracked 
|  12|0x0000000080c00000, 0x0000000080d00000, 0x0000000080d00000|100%| O|  |TAMS 0x0000000080d00000, 0x0000000080c00000| Untracked 
|  13|0x0000000080d00000, 0x0000000080e00000, 0x0000000080e00000|100%| O|  |TAMS 0x0000000080e00000, 0x0000000080d00000| Untracked 
|  14|0x0000000080e00000, 0x0000000080f00000, 0x0000000080f00000|100%| O|  |TAMS 0x0000000080f00000, 0x0000000080e00000| Untracked 
|  15|0x0000000080f00000, 0x0000000081000000, 0x0000000081000000|100%| O|  |TAMS 0x0000000081000000, 0x0000000080f00000| Untracked 
|  16|0x0000000081000000, 0x0000000081100000, 0x0000000081100000|100%| O|  |TAMS 0x0000000081100000, 0x0000000081000000| Untracked 
|  17|0x0000000081100000, 0x0000000081200000, 0x0000000081200000|100%| O|  |TAMS 0x0000000081200000, 0x0000000081100000| Untracked 
|  18|0x0000000081200000, 0x0000000081300000, 0x0000000081300000|100%| O|  |TAMS 0x0000000081300000, 0x0000000081200000| Untracked 
|  19|0x0000000081300000, 0x0000000081400000, 0x0000000081400000|100%|HS|  |TAMS 0x0000000081400000, 0x0000000081300000| Complete 
|  20|0x0000000081400000, 0x0000000081500000, 0x0000000081500000|100%| O|  |TAMS 0x0000000081500000, 0x0000000081400000| Untracked 
|  21|0x0000000081500000, 0x0000000081600000, 0x0000000081600000|100%| O|  |TAMS 0x0000000081600000, 0x0000000081500000| Untracked 
|  22|0x0000000081600000, 0x0000000081700000, 0x0000000081700000|100%| O|  |TAMS 0x0000000081700000, 0x0000000081600000| Untracked 
|  23|0x0000000081700000, 0x0000000081800000, 0x0000000081800000|100%| O|  |TAMS 0x0000000081800000, 0x0000000081700000| Untracked 
|  24|0x0000000081800000, 0x0000000081900000, 0x0000000081900000|100%|HS|  |TAMS 0x0000000081900000, 0x0000000081800000| Complete 
|  25|0x0000000081900000, 0x0000000081a00000, 0x0000000081a00000|100%|HS|  |TAMS 0x0000000081a00000, 0x0000000081900000| Complete 
|  26|0x0000000081a00000, 0x0000000081b00000, 0x0000000081b00000|100%| O|  |TAMS 0x0000000081b00000, 0x0000000081a00000| Untracked 
|  27|0x0000000081b00000, 0x0000000081c00000, 0x0000000081c00000|100%| O|  |TAMS 0x0000000081c00000, 0x0000000081b00000| Untracked 
|  28|0x0000000081c00000, 0x0000000081d00000, 0x0000000081d00000|100%| O|  |TAMS 0x0000000081d00000, 0x0000000081c00000| Untracked 
|  29|0x0000000081d00000, 0x0000000081e00000, 0x0000000081e00000|100%| O|  |TAMS 0x0000000081e00000, 0x0000000081d00000| Untracked 
|  30|0x0000000081e00000, 0x0000000081f00000, 0x0000000081f00000|100%| O|  |TAMS 0x0000000081f00000, 0x0000000081e00000| Untracked 
|  31|0x0000000081f00000, 0x0000000082000000, 0x0000000082000000|100%|HS|  |TAMS 0x0000000082000000, 0x0000000081f00000| Complete 
|  32|0x0000000082000000, 0x0000000082100000, 0x0000000082100000|100%|HC|  |TAMS 0x0000000082100000, 0x0000000082000000| Complete 
|  33|0x0000000082100000, 0x0000000082200000, 0x0000000082200000|100%| O|  |TAMS 0x0000000082200000, 0x0000000082100000| Untracked 
|  34|0x0000000082200000, 0x0000000082300000, 0x0000000082300000|100%| O|  |TAMS 0x0000000082300000, 0x0000000082200000| Untracked 
|  35|0x0000000082300000, 0x0000000082400000, 0x0000000082400000|100%| O|  |TAMS 0x0000000082400000, 0x0000000082300000| Untracked 
|  36|0x0000000082400000, 0x0000000082500000, 0x0000000082500000|100%| O|  |TAMS 0x0000000082500000, 0x0000000082400000| Untracked 
|  37|0x0000000082500000, 0x0000000082600000, 0x0000000082600000|100%| O|  |TAMS 0x0000000082600000, 0x0000000082500000| Untracked 
|  38|0x0000000082600000, 0x0000000082700000, 0x0000000082700000|100%| O|  |TAMS 0x0000000082700000, 0x0000000082600000| Untracked 
|  39|0x0000000082700000, 0x0000000082800000, 0x0000000082800000|100%| O|  |TAMS 0x0000000082800000, 0x0000000082700000| Untracked 
|  40|0x0000000082800000, 0x0000000082900000, 0x0000000082900000|100%| O|  |TAMS 0x0000000082900000, 0x0000000082800000| Untracked 
|  41|0x0000000082900000, 0x0000000082a00000, 0x0000000082a00000|100%| O|  |TAMS 0x0000000082a00000, 0x0000000082900000| Untracked 
|  42|0x0000000082a00000, 0x0000000082b00000, 0x0000000082b00000|100%| O|  |TAMS 0x0000000082b00000, 0x0000000082a00000| Untracked 
|  43|0x0000000082b00000, 0x0000000082c00000, 0x0000000082c00000|100%| O|  |TAMS 0x0000000082c00000, 0x0000000082b00000| Untracked 
|  44|0x0000000082c00000, 0x0000000082d00000, 0x0000000082d00000|100%| O|  |TAMS 0x0000000082d00000, 0x0000000082c00000| Untracked 
|  45|0x0000000082d00000, 0x0000000082e00000, 0x0000000082e00000|100%| O|  |TAMS 0x0000000082e00000, 0x0000000082d00000| Untracked 
|  46|0x0000000082e00000, 0x0000000082f00000, 0x0000000082f00000|100%| O|  |TAMS 0x0000000082f00000, 0x0000000082e00000| Untracked 
|  47|0x0000000082f00000, 0x0000000083000000, 0x0000000083000000|100%| O|  |TAMS 0x0000000083000000, 0x0000000082f00000| Untracked 
|  48|0x0000000083000000, 0x0000000083100000, 0x0000000083100000|100%| O|  |TAMS 0x0000000083100000, 0x0000000083000000| Untracked 
|  49|0x0000000083100000, 0x0000000083200000, 0x0000000083200000|100%| O|  |TAMS 0x0000000083200000, 0x0000000083100000| Untracked 
|  50|0x0000000083200000, 0x0000000083300000, 0x0000000083300000|100%| O|  |TAMS 0x0000000083300000, 0x0000000083200000| Untracked 
|  51|0x0000000083300000, 0x0000000083400000, 0x0000000083400000|100%| O|  |TAMS 0x0000000083400000, 0x0000000083300000| Untracked 
|  52|0x0000000083400000, 0x0000000083500000, 0x0000000083500000|100%| O|  |TAMS 0x0000000083500000, 0x0000000083400000| Untracked 
|  53|0x0000000083500000, 0x0000000083600000, 0x0000000083600000|100%| O|  |TAMS 0x0000000083600000, 0x0000000083500000| Untracked 
|  54|0x0000000083600000, 0x0000000083700000, 0x0000000083700000|100%| O|  |TAMS 0x0000000083700000, 0x0000000083600000| Untracked 
|  55|0x0000000083700000, 0x0000000083800000, 0x0000000083800000|100%| O|  |TAMS 0x0000000083800000, 0x0000000083700000| Untracked 
|  56|0x0000000083800000, 0x0000000083900000, 0x0000000083900000|100%| O|  |TAMS 0x0000000083900000, 0x0000000083800000| Untracked 
|  57|0x0000000083900000, 0x0000000083a00000, 0x0000000083a00000|100%| O|  |TAMS 0x0000000083a00000, 0x0000000083900000| Untracked 
|  58|0x0000000083a00000, 0x0000000083b00000, 0x0000000083b00000|100%| O|  |TAMS 0x0000000083b00000, 0x0000000083a00000| Untracked 
|  59|0x0000000083b00000, 0x0000000083c00000, 0x0000000083c00000|100%| O|  |TAMS 0x0000000083c00000, 0x0000000083b00000| Untracked 
|  60|0x0000000083c00000, 0x0000000083d00000, 0x0000000083d00000|100%| O|  |TAMS 0x0000000083d00000, 0x0000000083c00000| Untracked 
|  61|0x0000000083d00000, 0x0000000083e00000, 0x0000000083e00000|100%| O|  |TAMS 0x0000000083e00000, 0x0000000083d00000| Untracked 
|  62|0x0000000083e00000, 0x0000000083f00000, 0x0000000083f00000|100%| O|  |TAMS 0x0000000083f00000, 0x0000000083e00000| Untracked 
|  63|0x0000000083f00000, 0x0000000084000000, 0x0000000084000000|100%| O|  |TAMS 0x0000000084000000, 0x0000000083f00000| Untracked 
|  64|0x0000000084000000, 0x0000000084100000, 0x0000000084100000|100%| O|  |TAMS 0x0000000084000000, 0x0000000084000000| Untracked 
|  65|0x0000000084100000, 0x0000000084200000, 0x0000000084200000|100%| O|  |TAMS 0x0000000084100000, 0x0000000084100000| Untracked 
|  66|0x0000000084200000, 0x0000000084300000, 0x0000000084300000|100%| O|  |TAMS 0x0000000084200000, 0x0000000084200000| Untracked 
|  67|0x0000000084300000, 0x0000000084400000, 0x0000000084400000|100%| O|  |TAMS 0x0000000084400000, 0x0000000084300000| Untracked 
|  68|0x0000000084400000, 0x0000000084500000, 0x0000000084500000|100%| O|  |TAMS 0x0000000084500000, 0x0000000084400000| Untracked 
|  69|0x0000000084500000, 0x0000000084600000, 0x0000000084600000|100%| O|  |TAMS 0x0000000084600000, 0x0000000084500000| Untracked 
|  70|0x0000000084600000, 0x0000000084700000, 0x0000000084700000|100%| O|  |TAMS 0x0000000084700000, 0x0000000084600000| Untracked 
|  71|0x0000000084700000, 0x0000000084800000, 0x0000000084800000|100%| O|  |TAMS 0x0000000084800000, 0x0000000084700000| Untracked 
|  72|0x0000000084800000, 0x0000000084900000, 0x0000000084900000|100%| O|  |TAMS 0x0000000084900000, 0x0000000084800000| Untracked 
|  73|0x0000000084900000, 0x000000008499ea00, 0x0000000084a00000| 61%| O|  |TAMS 0x0000000084900000, 0x0000000084900000| Untracked 
|  74|0x0000000084a00000, 0x0000000084a00000, 0x0000000084b00000|  0%| F|  |TAMS 0x0000000084a00000, 0x0000000084a00000| Untracked 
|  75|0x0000000084b00000, 0x0000000084b00000, 0x0000000084c00000|  0%| F|  |TAMS 0x0000000084b00000, 0x0000000084b00000| Untracked 
|  76|0x0000000084c00000, 0x0000000084c00000, 0x0000000084d00000|  0%| F|  |TAMS 0x0000000084c00000, 0x0000000084c00000| Untracked 
|  77|0x0000000084d00000, 0x0000000084d00000, 0x0000000084e00000|  0%| F|  |TAMS 0x0000000084d00000, 0x0000000084d00000| Untracked 
|  78|0x0000000084e00000, 0x0000000084e00000, 0x0000000084f00000|  0%| F|  |TAMS 0x0000000084e00000, 0x0000000084e00000| Untracked 
|  79|0x0000000084f00000, 0x0000000084f00000, 0x0000000085000000|  0%| F|  |TAMS 0x0000000084f00000, 0x0000000084f00000| Untracked 
|  80|0x0000000085000000, 0x0000000085000000, 0x0000000085100000|  0%| F|  |TAMS 0x0000000085000000, 0x0000000085000000| Untracked 
|  81|0x0000000085100000, 0x0000000085100000, 0x0000000085200000|  0%| F|  |TAMS 0x0000000085100000, 0x0000000085100000| Untracked 
|  82|0x0000000085200000, 0x0000000085200000, 0x0000000085300000|  0%| F|  |TAMS 0x0000000085200000, 0x0000000085200000| Untracked 
|  83|0x0000000085300000, 0x0000000085300000, 0x0000000085400000|  0%| F|  |TAMS 0x0000000085300000, 0x0000000085300000| Untracked 
|  84|0x0000000085400000, 0x0000000085400000, 0x0000000085500000|  0%| F|  |TAMS 0x0000000085400000, 0x0000000085400000| Untracked 
|  85|0x0000000085500000, 0x0000000085500000, 0x0000000085600000|  0%| F|  |TAMS 0x0000000085500000, 0x0000000085500000| Untracked 
|  86|0x0000000085600000, 0x0000000085600000, 0x0000000085700000|  0%| F|  |TAMS 0x0000000085600000, 0x0000000085600000| Untracked 
|  87|0x0000000085700000, 0x0000000085800000, 0x0000000085800000|100%| O|  |TAMS 0x0000000085800000, 0x0000000085700000| Untracked 
|  88|0x0000000085800000, 0x0000000085900000, 0x0000000085900000|100%| O|  |TAMS 0x0000000085900000, 0x0000000085800000| Untracked 
|  89|0x0000000085900000, 0x0000000085a00000, 0x0000000085a00000|100%| O|  |TAMS 0x0000000085a00000, 0x0000000085900000| Untracked 
|  90|0x0000000085a00000, 0x0000000085a00000, 0x0000000085b00000|  0%| F|  |TAMS 0x0000000085a00000, 0x0000000085a00000| Untracked 
|  91|0x0000000085b00000, 0x0000000085b00000, 0x0000000085c00000|  0%| F|  |TAMS 0x0000000085b00000, 0x0000000085b00000| Untracked 
|  92|0x0000000085c00000, 0x0000000085d00000, 0x0000000085d00000|100%| O|  |TAMS 0x0000000085d00000, 0x0000000085c00000| Untracked 
|  93|0x0000000085d00000, 0x0000000085d00000, 0x0000000085e00000|  0%| F|  |TAMS 0x0000000085d00000, 0x0000000085d00000| Untracked 
|  94|0x0000000085e00000, 0x0000000085e00000, 0x0000000085f00000|  0%| F|  |TAMS 0x0000000085e00000, 0x0000000085e00000| Untracked 
|  95|0x0000000085f00000, 0x0000000085f00000, 0x0000000086000000|  0%| F|  |TAMS 0x0000000085f00000, 0x0000000085f00000| Untracked 
|  96|0x0000000086000000, 0x0000000086000000, 0x0000000086100000|  0%| F|  |TAMS 0x0000000086000000, 0x0000000086000000| Untracked 
|  97|0x0000000086100000, 0x0000000086100000, 0x0000000086200000|  0%| F|  |TAMS 0x0000000086100000, 0x0000000086100000| Untracked 
|  98|0x0000000086200000, 0x0000000086300000, 0x0000000086300000|100%| O|  |TAMS 0x0000000086300000, 0x0000000086200000| Untracked 
|  99|0x0000000086300000, 0x0000000086400000, 0x0000000086400000|100%| O|  |TAMS 0x0000000086336000, 0x0000000086300000| Untracked 
| 100|0x0000000086400000, 0x0000000086400000, 0x0000000086500000|  0%| F|  |TAMS 0x0000000086400000, 0x0000000086400000| Untracked 
| 101|0x0000000086500000, 0x0000000086500000, 0x0000000086600000|  0%| F|  |TAMS 0x0000000086500000, 0x0000000086500000| Untracked 
| 102|0x0000000086600000, 0x0000000086600000, 0x0000000086700000|  0%| F|  |TAMS 0x0000000086600000, 0x0000000086600000| Untracked 
| 103|0x0000000086700000, 0x0000000086700000, 0x0000000086800000|  0%| F|  |TAMS 0x0000000086700000, 0x0000000086700000| Untracked 
| 104|0x0000000086800000, 0x0000000086800000, 0x0000000086900000|  0%| F|  |TAMS 0x0000000086800000, 0x0000000086800000| Untracked 
| 105|0x0000000086900000, 0x0000000086900000, 0x0000000086a00000|  0%| F|  |TAMS 0x0000000086900000, 0x0000000086900000| Untracked 
| 106|0x0000000086a00000, 0x0000000086a00000, 0x0000000086b00000|  0%| F|  |TAMS 0x0000000086a00000, 0x0000000086a00000| Untracked 
| 107|0x0000000086b00000, 0x0000000086b00000, 0x0000000086c00000|  0%| F|  |TAMS 0x0000000086b00000, 0x0000000086b00000| Untracked 
| 108|0x0000000086c00000, 0x0000000086c00000, 0x0000000086d00000|  0%| F|  |TAMS 0x0000000086c00000, 0x0000000086c00000| Untracked 
| 109|0x0000000086d00000, 0x0000000086d00000, 0x0000000086e00000|  0%| F|  |TAMS 0x0000000086d00000, 0x0000000086d00000| Untracked 
| 110|0x0000000086e00000, 0x0000000086e00000, 0x0000000086f00000|  0%| F|  |TAMS 0x0000000086e00000, 0x0000000086e00000| Untracked 
| 111|0x0000000086f00000, 0x0000000086f00000, 0x0000000087000000|  0%| F|  |TAMS 0x0000000086f00000, 0x0000000086f00000| Untracked 
| 112|0x0000000087000000, 0x0000000087000000, 0x0000000087100000|  0%| F|  |TAMS 0x0000000087000000, 0x0000000087000000| Untracked 
| 113|0x0000000087100000, 0x0000000087100000, 0x0000000087200000|  0%| F|  |TAMS 0x0000000087100000, 0x0000000087100000| Untracked 
| 114|0x0000000087200000, 0x0000000087200000, 0x0000000087300000|  0%| F|  |TAMS 0x0000000087200000, 0x0000000087200000| Untracked 
| 115|0x0000000087300000, 0x0000000087300000, 0x0000000087400000|  0%| F|  |TAMS 0x0000000087300000, 0x0000000087300000| Untracked 
| 116|0x0000000087400000, 0x0000000087400000, 0x0000000087500000|  0%| F|  |TAMS 0x0000000087400000, 0x0000000087400000| Untracked 
| 117|0x0000000087500000, 0x0000000087500000, 0x0000000087600000|  0%| F|  |TAMS 0x0000000087500000, 0x0000000087500000| Untracked 
| 118|0x0000000087600000, 0x0000000087600000, 0x0000000087700000|  0%| F|  |TAMS 0x0000000087600000, 0x0000000087600000| Untracked 
| 119|0x0000000087700000, 0x0000000087700000, 0x0000000087800000|  0%| F|  |TAMS 0x0000000087700000, 0x0000000087700000| Untracked 
| 120|0x0000000087800000, 0x0000000087800000, 0x0000000087900000|  0%| F|  |TAMS 0x0000000087800000, 0x0000000087800000| Untracked 
| 121|0x0000000087900000, 0x0000000087900000, 0x0000000087a00000|  0%| F|  |TAMS 0x0000000087900000, 0x0000000087900000| Untracked 
| 122|0x0000000087a00000, 0x0000000087a00000, 0x0000000087b00000|  0%| F|  |TAMS 0x0000000087a00000, 0x0000000087a00000| Untracked 
| 123|0x0000000087b00000, 0x0000000087b36a00, 0x0000000087c00000| 21%| S|CS|TAMS 0x0000000087b00000, 0x0000000087b00000| Complete 
| 124|0x0000000087c00000, 0x0000000087d00000, 0x0000000087d00000|100%| S|CS|TAMS 0x0000000087c00000, 0x0000000087c00000| Complete 
| 125|0x0000000087d00000, 0x0000000087e00000, 0x0000000087e00000|100%| S|CS|TAMS 0x0000000087d00000, 0x0000000087d00000| Complete 
| 126|0x0000000087e00000, 0x0000000087f00000, 0x0000000087f00000|100%| S|CS|TAMS 0x0000000087e00000, 0x0000000087e00000| Complete 
| 127|0x0000000087f00000, 0x0000000087f00000, 0x0000000088000000|  0%| F|  |TAMS 0x0000000087f00000, 0x0000000087f00000| Untracked 
| 128|0x0000000088000000, 0x0000000088000000, 0x0000000088100000|  0%| F|  |TAMS 0x0000000088000000, 0x0000000088000000| Untracked 
| 129|0x0000000088100000, 0x0000000088100000, 0x0000000088200000|  0%| F|  |TAMS 0x0000000088100000, 0x0000000088100000| Untracked 
| 130|0x0000000088200000, 0x0000000088200000, 0x0000000088300000|  0%| F|  |TAMS 0x0000000088200000, 0x0000000088200000| Untracked 
| 131|0x0000000088300000, 0x0000000088300000, 0x0000000088400000|  0%| F|  |TAMS 0x0000000088300000, 0x0000000088300000| Untracked 
| 132|0x0000000088400000, 0x0000000088400000, 0x0000000088500000|  0%| F|  |TAMS 0x0000000088400000, 0x0000000088400000| Untracked 
| 133|0x0000000088500000, 0x0000000088500000, 0x0000000088600000|  0%| F|  |TAMS 0x0000000088500000, 0x0000000088500000| Untracked 
| 134|0x0000000088600000, 0x0000000088600000, 0x0000000088700000|  0%| F|  |TAMS 0x0000000088600000, 0x0000000088600000| Untracked 
| 135|0x0000000088700000, 0x0000000088700000, 0x0000000088800000|  0%| F|  |TAMS 0x0000000088700000, 0x0000000088700000| Untracked 
| 136|0x0000000088800000, 0x0000000088800000, 0x0000000088900000|  0%| F|  |TAMS 0x0000000088800000, 0x0000000088800000| Untracked 
| 137|0x0000000088900000, 0x0000000088900000, 0x0000000088a00000|  0%| F|  |TAMS 0x0000000088900000, 0x0000000088900000| Untracked 
| 138|0x0000000088a00000, 0x0000000088a00000, 0x0000000088b00000|  0%| F|  |TAMS 0x0000000088a00000, 0x0000000088a00000| Untracked 
| 139|0x0000000088b00000, 0x0000000088b00000, 0x0000000088c00000|  0%| F|  |TAMS 0x0000000088b00000, 0x0000000088b00000| Untracked 
| 140|0x0000000088c00000, 0x0000000088c00000, 0x0000000088d00000|  0%| F|  |TAMS 0x0000000088c00000, 0x0000000088c00000| Untracked 
| 141|0x0000000088d00000, 0x0000000088d00000, 0x0000000088e00000|  0%| F|  |TAMS 0x0000000088d00000, 0x0000000088d00000| Untracked 
| 142|0x0000000088e00000, 0x0000000088e00000, 0x0000000088f00000|  0%| F|  |TAMS 0x0000000088e00000, 0x0000000088e00000| Untracked 
| 143|0x0000000088f00000, 0x0000000088f00000, 0x0000000089000000|  0%| F|  |TAMS 0x0000000088f00000, 0x0000000088f00000| Untracked 
| 144|0x0000000089000000, 0x0000000089000000, 0x0000000089100000|  0%| F|  |TAMS 0x0000000089000000, 0x0000000089000000| Untracked 
| 145|0x0000000089100000, 0x0000000089100000, 0x0000000089200000|  0%| F|  |TAMS 0x0000000089100000, 0x0000000089100000| Untracked 
| 146|0x0000000089200000, 0x0000000089200000, 0x0000000089300000|  0%| F|  |TAMS 0x0000000089200000, 0x0000000089200000| Untracked 
| 147|0x0000000089300000, 0x0000000089300000, 0x0000000089400000|  0%| F|  |TAMS 0x0000000089300000, 0x0000000089300000| Untracked 
| 148|0x0000000089400000, 0x0000000089400000, 0x0000000089500000|  0%| F|  |TAMS 0x0000000089400000, 0x0000000089400000| Untracked 
| 149|0x0000000089500000, 0x0000000089500000, 0x0000000089600000|  0%| F|  |TAMS 0x0000000089500000, 0x0000000089500000| Untracked 
| 150|0x0000000089600000, 0x0000000089600000, 0x0000000089700000|  0%| F|  |TAMS 0x0000000089600000, 0x0000000089600000| Untracked 
| 151|0x0000000089700000, 0x0000000089700000, 0x0000000089800000|  0%| F|  |TAMS 0x0000000089700000, 0x0000000089700000| Untracked 
| 152|0x0000000089800000, 0x0000000089800000, 0x0000000089900000|  0%| F|  |TAMS 0x0000000089800000, 0x0000000089800000| Untracked 
| 153|0x0000000089900000, 0x0000000089900000, 0x0000000089a00000|  0%| F|  |TAMS 0x0000000089900000, 0x0000000089900000| Untracked 
| 154|0x0000000089a00000, 0x0000000089a00000, 0x0000000089b00000|  0%| F|  |TAMS 0x0000000089a00000, 0x0000000089a00000| Untracked 
| 155|0x0000000089b00000, 0x0000000089b00000, 0x0000000089c00000|  0%| F|  |TAMS 0x0000000089b00000, 0x0000000089b00000| Untracked 
| 156|0x0000000089c00000, 0x0000000089c00000, 0x0000000089d00000|  0%| F|  |TAMS 0x0000000089c00000, 0x0000000089c00000| Untracked 
| 157|0x0000000089d00000, 0x0000000089d00000, 0x0000000089e00000|  0%| F|  |TAMS 0x0000000089d00000, 0x0000000089d00000| Untracked 
| 158|0x0000000089e00000, 0x0000000089e00000, 0x0000000089f00000|  0%| F|  |TAMS 0x0000000089e00000, 0x0000000089e00000| Untracked 
| 159|0x0000000089f00000, 0x0000000089f00000, 0x000000008a000000|  0%| F|  |TAMS 0x0000000089f00000, 0x0000000089f00000| Untracked 
| 160|0x000000008a000000, 0x000000008a000000, 0x000000008a100000|  0%| F|  |TAMS 0x000000008a000000, 0x000000008a000000| Untracked 
| 161|0x000000008a100000, 0x000000008a100000, 0x000000008a200000|  0%| F|  |TAMS 0x000000008a100000, 0x000000008a100000| Untracked 
| 162|0x000000008a200000, 0x000000008a200000, 0x000000008a300000|  0%| F|  |TAMS 0x000000008a200000, 0x000000008a200000| Untracked 
| 163|0x000000008a300000, 0x000000008a300000, 0x000000008a400000|  0%| F|  |TAMS 0x000000008a300000, 0x000000008a300000| Untracked 
| 164|0x000000008a400000, 0x000000008a400000, 0x000000008a500000|  0%| F|  |TAMS 0x000000008a400000, 0x000000008a400000| Untracked 
| 165|0x000000008a500000, 0x000000008a500000, 0x000000008a600000|  0%| F|  |TAMS 0x000000008a500000, 0x000000008a500000| Untracked 
| 166|0x000000008a600000, 0x000000008a600000, 0x000000008a700000|  0%| F|  |TAMS 0x000000008a600000, 0x000000008a600000| Untracked 
| 167|0x000000008a700000, 0x000000008a700000, 0x000000008a800000|  0%| F|  |TAMS 0x000000008a700000, 0x000000008a700000| Untracked 
| 168|0x000000008a800000, 0x000000008a8df1a8, 0x000000008a900000| 87%| E|  |TAMS 0x000000008a800000, 0x000000008a800000| Complete 
| 169|0x000000008a900000, 0x000000008aa00000, 0x000000008aa00000|100%| E|CS|TAMS 0x000000008a900000, 0x000000008a900000| Complete 
| 170|0x000000008aa00000, 0x000000008ab00000, 0x000000008ab00000|100%| E|CS|TAMS 0x000000008aa00000, 0x000000008aa00000| Complete 
| 171|0x000000008ab00000, 0x000000008ac00000, 0x000000008ac00000|100%| E|CS|TAMS 0x000000008ab00000, 0x000000008ab00000| Complete 
| 172|0x000000008ac00000, 0x000000008ad00000, 0x000000008ad00000|100%| E|  |TAMS 0x000000008ac00000, 0x000000008ac00000| Complete 
| 173|0x000000008ad00000, 0x000000008ae00000, 0x000000008ae00000|100%| E|CS|TAMS 0x000000008ad00000, 0x000000008ad00000| Complete 
| 174|0x000000008ae00000, 0x000000008af00000, 0x000000008af00000|100%| E|CS|TAMS 0x000000008ae00000, 0x000000008ae00000| Complete 
| 175|0x000000008af00000, 0x000000008b000000, 0x000000008b000000|100%| E|CS|TAMS 0x000000008af00000, 0x000000008af00000| Complete 
| 176|0x000000008b000000, 0x000000008b100000, 0x000000008b100000|100%| E|CS|TAMS 0x000000008b000000, 0x000000008b000000| Complete 
| 177|0x000000008b100000, 0x000000008b200000, 0x000000008b200000|100%| E|CS|TAMS 0x000000008b100000, 0x000000008b100000| Complete 
| 178|0x000000008b200000, 0x000000008b300000, 0x000000008b300000|100%| E|CS|TAMS 0x000000008b200000, 0x000000008b200000| Complete 
| 179|0x000000008b300000, 0x000000008b400000, 0x000000008b400000|100%| E|CS|TAMS 0x000000008b300000, 0x000000008b300000| Complete 
| 180|0x000000008b400000, 0x000000008b500000, 0x000000008b500000|100%| E|CS|TAMS 0x000000008b400000, 0x000000008b400000| Complete 
| 181|0x000000008b500000, 0x000000008b600000, 0x000000008b600000|100%| E|CS|TAMS 0x000000008b500000, 0x000000008b500000| Complete 
| 182|0x000000008b600000, 0x000000008b700000, 0x000000008b700000|100%| E|CS|TAMS 0x000000008b600000, 0x000000008b600000| Complete 
| 183|0x000000008b700000, 0x000000008b800000, 0x000000008b800000|100%| E|CS|TAMS 0x000000008b700000, 0x000000008b700000| Complete 
| 184|0x000000008b800000, 0x000000008b900000, 0x000000008b900000|100%| E|CS|TAMS 0x000000008b800000, 0x000000008b800000| Complete 

Card table byte_map: [0x000001827da50000,0x000001827de50000] _byte_map_base: 0x000001827d650000

Marking Bits (Prev, Next): (CMBitMap*) 0x000001826a865c60, (CMBitMap*) 0x000001826a865c28
 Prev Bits: [0x0000018202000000, 0x0000018204000000)
 Next Bits: [0x0000018200000000, 0x0000018202000000)

Polling page: 0x000001826a000000

Metaspace:

Usage:
  Non-class:     82.16 MB capacity,    80.84 MB ( 98%) used,     1.07 MB (  1%) free+waste,   253.75 KB ( <1%) overhead. 
      Class:     12.43 MB capacity,    11.63 MB ( 94%) used,   704.88 KB (  6%) free+waste,   113.88 KB ( <1%) overhead. 
       Both:     94.59 MB capacity,    92.48 MB ( 98%) used,     1.76 MB (  2%) free+waste,   367.63 KB ( <1%) overhead. 

Virtual space:
  Non-class space:       84.00 MB reserved,      82.25 MB ( 98%) committed 
      Class space:        1.00 GB reserved,      12.57 MB (  1%) committed 
             Both:        1.08 GB reserved,      94.82 MB (  9%) committed 

Chunk freelists:
   Non-Class:  28.00 KB
       Class:  36.00 KB
        Both:  64.00 KB

MaxMetaspaceSize: 17179869184.00 GB
CompressedClassSpaceSize: 1.00 GB

CodeHeap 'non-profiled nmethods': size=120000Kb used=6362Kb max_used=6362Kb free=113637Kb
 bounds [0x0000018275df0000, 0x0000018276430000, 0x000001827d320000]
CodeHeap 'profiled nmethods': size=120000Kb used=26046Kb max_used=26046Kb free=93953Kb
 bounds [0x000001826e8c0000, 0x0000018270230000, 0x0000018275df0000]
CodeHeap 'non-nmethods': size=5760Kb used=2299Kb max_used=2352Kb free=3460Kb
 bounds [0x000001826e320000, 0x000001826e590000, 0x000001826e8c0000]
 total_blobs=12974 nmethods=12068 adapters=817
 compilation: enabled
              stopped_count=0, restarted_count=0
 full_count=0

Compilation events (20 events):
Event: 43.516 Thread 0x000001827ecd5800 12351       2       org.gradle.internal.MutableReference::<init> (10 bytes)
Event: 43.516 Thread 0x000001827ecd5800 nmethod 12351 0x0000018270222210 code [0x00000182702223c0, 0x00000182702224f8]
Event: 43.519 Thread 0x000001827ecd5800 12352       2       java.util.Optional::flatMap (38 bytes)
Event: 43.520 Thread 0x000001827ecd5800 nmethod 12352 0x0000018270222590 code [0x0000018270222780, 0x0000018270222a88]
Event: 43.523 Thread 0x000001827ecd5800 12354       2       com.esotericsoftware.kryo.io.Output::writeByte (36 bytes)
Event: 43.523 Thread 0x000001827ecd5800 nmethod 12354 0x0000018270222c10 code [0x0000018270222dc0, 0x0000018270222f48]
Event: 43.523 Thread 0x000001827ecd5800 12355       2       org.gradle.internal.serialize.BaseSerializerFactory$FileSerializer::write (10 bytes)
Event: 43.524 Thread 0x000001827ecd5800 nmethod 12355 0x0000018270223090 code [0x0000018270223240, 0x00000182702233a8]
Event: 43.524 Thread 0x000001827ecd5800 12356       2       org.gradle.internal.serialize.BaseSerializerFactory$FileSerializer::write (11 bytes)
Event: 43.524 Thread 0x000001827ecd5800 nmethod 12356 0x0000018270223490 code [0x0000018270223640, 0x0000018270223768]
Event: 43.524 Thread 0x000001827ecd5800 12358       2       org.gradle.api.internal.artifacts.transform.DefaultTransformerInvocationFactory$AbstractTransformerExecution::visitOutputs (72 bytes)
Event: 43.526 Thread 0x000001827ecd5800 nmethod 12358 0x0000018270223890 code [0x0000018270223ae0, 0x0000018270224478]
Event: 43.527 Thread 0x000001827ecd5800 12359       2       org.gradle.internal.execution.steps.AssignWorkspaceStep$1::getIdentity (10 bytes)
Event: 43.527 Thread 0x000001827ecd5800 nmethod 12359 0x0000018270224810 code [0x00000182702249c0, 0x0000018270224ae8]
Event: 43.527 Thread 0x000001827ecd5800 12360       2       org.gradle.internal.execution.steps.AssignWorkspaceStep$1::getHistory (8 bytes)
Event: 43.528 Thread 0x000001827ecd5800 nmethod 12360 0x0000018270224b90 code [0x0000018270224d60, 0x0000018270224fe8]
Event: 43.531 Thread 0x000001827ecd5800 12361       2       org.gradle.util.internal.GFileUtils::mkdirs (253 bytes)
Event: 43.597 Thread 0x000001827ecd5800 nmethod 12361 0x0000018270225110 code [0x00000182702256c0, 0x0000018270227798]
Event: 43.607 Thread 0x000001827ecd5800 12362       2       org.gradle.workers.internal.WorkerDaemonClientsManager$LogLevelChangeEventListener::onOutput (25 bytes)
Event: 43.608 Thread 0x000001827ecd5800 nmethod 12362 0x0000018270228890 code [0x0000018270228a40, 0x0000018270228c18]

GC Heap History (20 events):
Event: 37.979 GC heap before
{Heap before GC invocations=36 (full 0):
 garbage-first heap   total 189440K, used 101644K [0x0000000080000000, 0x0000000100000000)
  region size 1024K, 5 young (5120K), 4 survivors (4096K)
 Metaspace       used 84313K, capacity 86395K, committed 86860K, reserved 1124352K
  class space    used 10913K, capacity 11665K, committed 11852K, reserved 1048576K
}
Event: 37.989 GC heap after
{Heap after GC invocations=37 (full 0):
 garbage-first heap   total 189440K, used 98242K [0x0000000080000000, 0x0000000100000000)
  region size 1024K, 1 young (1024K), 1 survivors (1024K)
 Metaspace       used 84313K, capacity 86395K, committed 86860K, reserved 1124352K
  class space    used 10913K, capacity 11665K, committed 11852K, reserved 1048576K
}
Event: 38.767 GC heap before
{Heap before GC invocations=38 (full 0):
 garbage-first heap   total 189440K, used 135106K [0x0000000080000000, 0x0000000100000000)
  region size 1024K, 30 young (30720K), 1 survivors (1024K)
 Metaspace       used 86746K, capacity 88905K, committed 89292K, reserved 1126400K
  class space    used 11093K, capacity 11904K, committed 11980K, reserved 1048576K
}
Event: 38.773 GC heap after
{Heap after GC invocations=39 (full 0):
 garbage-first heap   total 189440K, used 101684K [0x0000000080000000, 0x0000000100000000)
  region size 1024K, 4 young (4096K), 4 survivors (4096K)
 Metaspace       used 86746K, capacity 88905K, committed 89292K, reserved 1126400K
  class space    used 11093K, capacity 11904K, committed 11980K, reserved 1048576K
}
Event: 38.841 GC heap before
{Heap before GC invocations=39 (full 0):
 garbage-first heap   total 189440K, used 104756K [0x0000000080000000, 0x0000000100000000)
  region size 1024K, 8 young (8192K), 4 survivors (4096K)
 Metaspace       used 87232K, capacity 89357K, committed 89676K, reserved 1126400K
  class space    used 11143K, capacity 11969K, committed 12108K, reserved 1048576K
}
Event: 38.849 GC heap after
{Heap after GC invocations=40 (full 0):
 garbage-first heap   total 189440K, used 102238K [0x0000000080000000, 0x0000000100000000)
  region size 1024K, 1 young (1024K), 1 survivors (1024K)
 Metaspace       used 87232K, capacity 89357K, committed 89676K, reserved 1126400K
  class space    used 11143K, capacity 11969K, committed 12108K, reserved 1048576K
}
Event: 39.244 GC heap before
{Heap before GC invocations=41 (full 0):
 garbage-first heap   total 189440K, used 119646K [0x0000000080000000, 0x0000000100000000)
  region size 1024K, 31 young (31744K), 1 survivors (1024K)
 Metaspace       used 88274K, capacity 90405K, committed 90700K, reserved 1128448K
  class space    used 11229K, capacity 12041K, committed 12108K, reserved 1048576K
}
Event: 39.249 GC heap after
{Heap after GC invocations=42 (full 0):
 garbage-first heap   total 189440K, used 91329K [0x0000000080000000, 0x0000000100000000)
  region size 1024K, 2 young (2048K), 2 survivors (2048K)
 Metaspace       used 88274K, capacity 90405K, committed 90700K, reserved 1128448K
  class space    used 11229K, capacity 12041K, committed 12108K, reserved 1048576K
}
Event: 39.301 GC heap before
{Heap before GC invocations=42 (full 0):
 garbage-first heap   total 189440K, used 98497K [0x0000000080000000, 0x0000000100000000)
  region size 1024K, 9 young (9216K), 2 survivors (2048K)
 Metaspace       used 88328K, capacity 90469K, committed 90700K, reserved 1128448K
  class space    used 11229K, capacity 12041K, committed 12108K, reserved 1048576K
}
Event: 39.307 GC heap after
{Heap after GC invocations=43 (full 0):
 garbage-first heap   total 189440K, used 81678K [0x0000000080000000, 0x0000000100000000)
  region size 1024K, 1 young (1024K), 1 survivors (1024K)
 Metaspace       used 88328K, capacity 90469K, committed 90700K, reserved 1128448K
  class space    used 11229K, capacity 12041K, committed 12108K, reserved 1048576K
}
Event: 39.601 GC heap before
{Heap before GC invocations=43 (full 0):
 garbage-first heap   total 189440K, used 126734K [0x0000000080000000, 0x0000000100000000)
  region size 1024K, 45 young (46080K), 1 survivors (1024K)
 Metaspace       used 88947K, capacity 91013K, committed 91340K, reserved 1128448K
  class space    used 11270K, capacity 12073K, committed 12236K, reserved 1048576K
}
Event: 39.607 GC heap after
{Heap after GC invocations=44 (full 0):
 garbage-first heap   total 189440K, used 82603K [0x0000000080000000, 0x0000000100000000)
  region size 1024K, 2 young (2048K), 2 survivors (2048K)
 Metaspace       used 88947K, capacity 91013K, committed 91340K, reserved 1128448K
  class space    used 11270K, capacity 12073K, committed 12236K, reserved 1048576K
}
Event: 39.884 GC heap before
{Heap before GC invocations=44 (full 0):
 garbage-first heap   total 189440K, used 129707K [0x0000000080000000, 0x0000000100000000)
  region size 1024K, 49 young (50176K), 2 survivors (2048K)
 Metaspace       used 89357K, capacity 91493K, committed 91852K, reserved 1128448K
  class space    used 11294K, capacity 12105K, committed 12236K, reserved 1048576K
}
Event: 39.892 GC heap after
{Heap after GC invocations=45 (full 0):
 garbage-first heap   total 189440K, used 86468K [0x0000000080000000, 0x0000000100000000)
  region size 1024K, 6 young (6144K), 6 survivors (6144K)
 Metaspace       used 89357K, capacity 91493K, committed 91852K, reserved 1128448K
  class space    used 11294K, capacity 12105K, committed 12236K, reserved 1048576K
}
Event: 40.212 GC heap before
{Heap before GC invocations=45 (full 0):
 garbage-first heap   total 189440K, used 135620K [0x0000000080000000, 0x0000000100000000)
  region size 1024K, 54 young (55296K), 6 survivors (6144K)
 Metaspace       used 89460K, capacity 91624K, committed 91852K, reserved 1128448K
  class space    used 11294K, capacity 12105K, committed 12236K, reserved 1048576K
}
Event: 40.218 GC heap after
{Heap after GC invocations=46 (full 0):
 garbage-first heap   total 189440K, used 84581K [0x0000000080000000, 0x0000000100000000)
  region size 1024K, 1 young (1024K), 1 survivors (1024K)
 Metaspace       used 89460K, capacity 91624K, committed 91852K, reserved 1128448K
  class space    used 11294K, capacity 12105K, committed 12236K, reserved 1048576K
}
Event: 41.379 GC heap before
{Heap before GC invocations=46 (full 0):
 garbage-first heap   total 189440K, used 139877K [0x0000000080000000, 0x0000000100000000)
  region size 1024K, 54 young (55296K), 1 survivors (1024K)
 Metaspace       used 90483K, capacity 92629K, committed 93004K, reserved 1130496K
  class space    used 11402K, capacity 12204K, committed 12364K, reserved 1048576K
}
Event: 41.385 GC heap after
{Heap after GC invocations=47 (full 0):
 garbage-first heap   total 189440K, used 84130K [0x0000000080000000, 0x0000000100000000)
  region size 1024K, 3 young (3072K), 3 survivors (3072K)
 Metaspace       used 90483K, capacity 92629K, committed 93004K, reserved 1130496K
  class space    used 11402K, capacity 12204K, committed 12364K, reserved 1048576K
}
Event: 42.878 GC heap before
{Heap before GC invocations=47 (full 0):
 garbage-first heap   total 189440K, used 139426K [0x0000000080000000, 0x0000000100000000)
  region size 1024K, 58 young (59392K), 3 survivors (3072K)
 Metaspace       used 94239K, capacity 96361K, committed 96460K, reserved 1132544K
  class space    used 11891K, capacity 12699K, committed 12748K, reserved 1048576K
}
Event: 42.888 GC heap after
{Heap after GC invocations=48 (full 0):
 garbage-first heap   total 189440K, used 84821K [0x0000000080000000, 0x0000000100000000)
  region size 1024K, 4 young (4096K), 4 survivors (4096K)
 Metaspace       used 94239K, capacity 96361K, committed 96460K, reserved 1132544K
  class space    used 11891K, capacity 12699K, committed 12748K, reserved 1048576K
}

Deoptimization events (20 events):
Event: 41.910 Thread 0x000001820b020000 DEOPT PACKING pc=0x00000182763d246c sp=0x0000005404ef9ef0
Event: 41.910 Thread 0x000001820b020000 DEOPT UNPACKING pc=0x000001826e34662f sp=0x0000005404ef9e90 mode 2
Event: 41.977 Thread 0x000001820b020000 DEOPT PACKING pc=0x000001826fe5fbe7 sp=0x0000005404efce70
Event: 41.977 Thread 0x000001820b020000 DEOPT UNPACKING pc=0x000001826e346dde sp=0x0000005404efc3b8 mode 0
Event: 43.243 Thread 0x000001820b020000 Uncommon trap: trap_request=0xffffffbe fr.pc=0x00000182763feb24 relative=0x0000000000001764
Event: 43.243 Thread 0x000001820b020000 Uncommon trap: reason=profile_predicate action=maybe_recompile pc=0x00000182763feb24 method=org.apache.commons.io.FilenameUtils.failIfNullBytePresent(Ljava/lang/String;)V @ 9 c2
Event: 43.243 Thread 0x000001820b020000 DEOPT PACKING pc=0x00000182763feb24 sp=0x0000005404efba60
Event: 43.243 Thread 0x000001820b020000 DEOPT UNPACKING pc=0x000001826e34662f sp=0x0000005404efb998 mode 2
Event: 43.244 Thread 0x000001820b020000 Uncommon trap: trap_request=0xffffffbe fr.pc=0x00000182763feb24 relative=0x0000000000001764
Event: 43.244 Thread 0x000001820b020000 Uncommon trap: reason=profile_predicate action=maybe_recompile pc=0x00000182763feb24 method=org.apache.commons.io.FilenameUtils.failIfNullBytePresent(Ljava/lang/String;)V @ 9 c2
Event: 43.244 Thread 0x000001820b020000 DEOPT PACKING pc=0x00000182763feb24 sp=0x0000005404efb980
Event: 43.244 Thread 0x000001820b020000 DEOPT UNPACKING pc=0x000001826e34662f sp=0x0000005404efb8b8 mode 2
Event: 43.249 Thread 0x000001820b020000 Uncommon trap: trap_request=0xffffffbe fr.pc=0x00000182763feb24 relative=0x0000000000001764
Event: 43.249 Thread 0x000001820b020000 Uncommon trap: reason=profile_predicate action=maybe_recompile pc=0x00000182763feb24 method=org.apache.commons.io.FilenameUtils.failIfNullBytePresent(Ljava/lang/String;)V @ 9 c2
Event: 43.249 Thread 0x000001820b020000 DEOPT PACKING pc=0x00000182763feb24 sp=0x0000005404efd960
Event: 43.249 Thread 0x000001820b020000 DEOPT UNPACKING pc=0x000001826e34662f sp=0x0000005404efd898 mode 2
Event: 43.249 Thread 0x000001820b020000 Uncommon trap: trap_request=0xffffffbe fr.pc=0x00000182763feb24 relative=0x0000000000001764
Event: 43.250 Thread 0x000001820b020000 Uncommon trap: reason=profile_predicate action=maybe_recompile pc=0x00000182763feb24 method=org.apache.commons.io.FilenameUtils.failIfNullBytePresent(Ljava/lang/String;)V @ 9 c2
Event: 43.250 Thread 0x000001820b020000 DEOPT PACKING pc=0x00000182763feb24 sp=0x0000005404efdda0
Event: 43.250 Thread 0x000001820b020000 DEOPT UNPACKING pc=0x000001826e34662f sp=0x0000005404efdcd8 mode 2

Classes redefined (0 events):
No events

Internal exceptions (20 events):
Event: 38.702 Thread 0x000001820b01e800 Exception <a 'sun/nio/fs/WindowsException'{0x0000000089ee04e8}> (0x0000000089ee04e8) thrown at [./src/hotspot/share/prims/jni.cpp, line 615]
Event: 38.709 Thread 0x000001820b01e800 Exception <a 'sun/nio/fs/WindowsException'{0x0000000089ee1528}> (0x0000000089ee1528) thrown at [./src/hotspot/share/prims/jni.cpp, line 615]
Event: 38.713 Thread 0x000001820b01e800 Exception <a 'sun/nio/fs/WindowsException'{0x0000000089c0c508}> (0x0000000089c0c508) thrown at [./src/hotspot/share/prims/jni.cpp, line 615]
Event: 38.717 Thread 0x000001820b01e800 Exception <a 'sun/nio/fs/WindowsException'{0x0000000089c0d530}> (0x0000000089c0d530) thrown at [./src/hotspot/share/prims/jni.cpp, line 615]
Event: 38.721 Thread 0x000001820b01e800 Exception <a 'sun/nio/fs/WindowsException'{0x0000000089c0e510}> (0x0000000089c0e510) thrown at [./src/hotspot/share/prims/jni.cpp, line 615]
Event: 38.728 Thread 0x000001820b01e800 Exception <a 'sun/nio/fs/WindowsException'{0x0000000089c0f500}> (0x0000000089c0f500) thrown at [./src/hotspot/share/prims/jni.cpp, line 615]
Event: 38.731 Thread 0x000001820b01e800 Exception <a 'sun/nio/fs/WindowsException'{0x0000000089c10560}> (0x0000000089c10560) thrown at [./src/hotspot/share/prims/jni.cpp, line 615]
Event: 38.734 Thread 0x000001820b01e800 Exception <a 'sun/nio/fs/WindowsException'{0x0000000089c11570}> (0x0000000089c11570) thrown at [./src/hotspot/share/prims/jni.cpp, line 615]
Event: 38.742 Thread 0x000001820b01e800 Exception <a 'sun/nio/fs/WindowsException'{0x0000000089ce4bf0}> (0x0000000089ce4bf0) thrown at [./src/hotspot/share/prims/jni.cpp, line 615]
Event: 38.746 Thread 0x000001820b01e800 Exception <a 'sun/nio/fs/WindowsException'{0x0000000089ce5be0}> (0x0000000089ce5be0) thrown at [./src/hotspot/share/prims/jni.cpp, line 615]
Event: 38.749 Thread 0x000001820b01e800 Exception <a 'sun/nio/fs/WindowsException'{0x0000000089ce6c10}> (0x0000000089ce6c10) thrown at [./src/hotspot/share/prims/jni.cpp, line 615]
Event: 41.090 Thread 0x000001820b01e800 Implicit null exception at 0x0000018275f82c1b to 0x0000018275f833dc
Event: 41.143 Thread 0x000001820b01e800 Exception <a 'sun/nio/fs/WindowsException'{0x00000000890bb1c8}> (0x00000000890bb1c8) thrown at [./src/hotspot/share/prims/jni.cpp, line 615]
Event: 41.143 Thread 0x000001820b01e800 Exception <a 'sun/nio/fs/WindowsException'{0x00000000890bc050}> (0x00000000890bc050) thrown at [./src/hotspot/share/prims/jni.cpp, line 615]
Event: 41.492 Thread 0x000001820b020000 Exception <a 'sun/nio/fs/WindowsException'{0x000000008b2a7f78}> (0x000000008b2a7f78) thrown at [./src/hotspot/share/prims/jni.cpp, line 615]
Event: 41.492 Thread 0x000001820b020000 Exception <a 'sun/nio/fs/WindowsException'{0x000000008b2a8e40}> (0x000000008b2a8e40) thrown at [./src/hotspot/share/prims/jni.cpp, line 615]
Event: 41.492 Thread 0x000001820b020000 Exception <a 'sun/nio/fs/WindowsException'{0x000000008b2a9140}> (0x000000008b2a9140) thrown at [./src/hotspot/share/prims/jni.cpp, line 615]
Event: 41.493 Thread 0x000001820b020000 Exception <a 'sun/nio/fs/WindowsException'{0x000000008b2a9fd0}> (0x000000008b2a9fd0) thrown at [./src/hotspot/share/prims/jni.cpp, line 615]
Event: 41.493 Thread 0x000001820b020000 Exception <a 'sun/nio/fs/WindowsException'{0x000000008b2aa2b0}> (0x000000008b2aa2b0) thrown at [./src/hotspot/share/prims/jni.cpp, line 615]
Event: 41.493 Thread 0x000001820b020000 Exception <a 'sun/nio/fs/WindowsException'{0x000000008b2ab130}> (0x000000008b2ab130) thrown at [./src/hotspot/share/prims/jni.cpp, line 615]

Events (20 events):
Event: 43.349 loading class com/android/ide/common/resources/AssetMerger
Event: 43.349 loading class com/android/ide/common/resources/AssetMerger done
Event: 43.357 loading class com/android/ide/common/resources/MergedAssetWriter
Event: 43.357 loading class com/android/ide/common/resources/MergedAssetWriter done
Event: 43.377 loading class org/gradle/api/file/ReproducibleFileVisitor
Event: 43.377 loading class org/gradle/api/file/ReproducibleFileVisitor done
Event: 43.377 loading class org/gradle/api/internal/file/collections/DefaultDirectoryWalker$PathVisitor
Event: 43.377 loading class org/gradle/api/internal/file/collections/DefaultDirectoryWalker$PathVisitor done
Event: 43.379 loading class java/nio/file/FileTreeWalker$1
Event: 43.379 loading class java/nio/file/FileTreeWalker$1 done
Event: 43.380 loading class org/gradle/api/internal/file/DefaultFileVisitDetails
Event: 43.380 loading class org/gradle/api/internal/file/DefaultFileVisitDetails done
Event: 43.381 loading class org/gradle/api/internal/file/DefaultFileTreeElement
Event: 43.381 loading class org/gradle/api/internal/file/DefaultFileTreeElement done
Event: 43.382 loading class org/gradle/api/internal/file/AbstractFileTreeElement
Event: 43.382 loading class org/gradle/api/internal/file/AbstractFileTreeElement done
Event: 43.383 loading class org/gradle/api/internal/file/AbstractFileTreeElement$CopyFileElementException
Event: 43.383 loading class org/gradle/api/internal/file/AbstractFileTreeElement$CopyFileElementException done
Event: 43.426 Executing VM operation: RevokeBias
Event: 43.426 Executing VM operation: RevokeBias done


Dynamic libraries:
0x00007ff69a5a0000 - 0x00007ff69a5aa000 	C:\Program Files\Android\Android Studio\jre\bin\java.exe
0x00007ffd03700000 - 0x00007ffd03909000 	C:\WINDOWS\SYSTEM32\ntdll.dll
0x00007ffd02eb0000 - 0x00007ffd02f6d000 	C:\WINDOWS\System32\KERNEL32.DLL
0x00007ffd011e0000 - 0x00007ffd01559000 	C:\WINDOWS\System32\KERNELBASE.dll
0x00007ffd00da0000 - 0x00007ffd00eb1000 	C:\WINDOWS\System32\ucrtbase.dll
0x00007ffcde3d0000 - 0x00007ffcde3e9000 	C:\Program Files\Android\Android Studio\jre\bin\jli.dll
0x00007ffd027b0000 - 0x00007ffd0295c000 	C:\WINDOWS\System32\USER32.dll
0x00007ffd01140000 - 0x00007ffd01166000 	C:\WINDOWS\System32\win32u.dll
0x00007ffcffdd0000 - 0x00007ffd00075000 	C:\WINDOWS\WinSxS\amd64_microsoft.windows.common-controls_6595b64144ccf1df_6.0.22000.120_none_9d947278b86cc467\COMCTL32.dll
0x00007ffd01fc0000 - 0x00007ffd01fe9000 	C:\WINDOWS\System32\GDI32.dll
0x00007ffd02f70000 - 0x00007ffd03013000 	C:\WINDOWS\System32\msvcrt.dll
0x00007ffd01020000 - 0x00007ffd01132000 	C:\WINDOWS\System32\gdi32full.dll
0x00007ffd00ec0000 - 0x00007ffd00f5d000 	C:\WINDOWS\System32\msvcp_win.dll
0x00007ffcdb6d0000 - 0x00007ffcdb6e7000 	C:\Program Files\Android\Android Studio\jre\bin\VCRUNTIME140.dll
0x00007ffd03650000 - 0x00007ffd03681000 	C:\WINDOWS\System32\IMM32.DLL
0x00007ffccf670000 - 0x00007ffccf70d000 	C:\Program Files\Android\Android Studio\jre\bin\msvcp140.dll
0x00007ffcc28b0000 - 0x00007ffcc3385000 	C:\Program Files\Android\Android Studio\jre\bin\server\jvm.dll
0x00007ffd02230000 - 0x00007ffd022de000 	C:\WINDOWS\System32\ADVAPI32.dll
0x00007ffd035b0000 - 0x00007ffd0364e000 	C:\WINDOWS\System32\sechost.dll
0x00007ffd03170000 - 0x00007ffd03290000 	C:\WINDOWS\System32\RPCRT4.dll
0x00007ffd03160000 - 0x00007ffd03168000 	C:\WINDOWS\System32\PSAPI.DLL
0x00007ffcebdb0000 - 0x00007ffcebdb9000 	C:\WINDOWS\SYSTEM32\WSOCK32.dll
0x00007ffcfb5d0000 - 0x00007ffcfb603000 	C:\WINDOWS\SYSTEM32\WINMM.dll
0x00007ffd033a0000 - 0x00007ffd0340f000 	C:\WINDOWS\System32\WS2_32.dll
0x00007ffcf9370000 - 0x00007ffcf937a000 	C:\WINDOWS\SYSTEM32\VERSION.dll
0x00007ffcff5f0000 - 0x00007ffcff608000 	C:\WINDOWS\SYSTEM32\kernel.appcore.dll
0x00007ffceee60000 - 0x00007ffceee71000 	C:\Program Files\Android\Android Studio\jre\bin\verify.dll
0x00007ffd00500000 - 0x00007ffd00721000 	C:\WINDOWS\SYSTEM32\DBGHELP.DLL
0x00007ffd00240000 - 0x00007ffd00271000 	C:\WINDOWS\SYSTEM32\dbgcore.DLL
0x00007ffd00bb0000 - 0x00007ffd00c2f000 	C:\WINDOWS\System32\bcryptPrimitives.dll
0x00007ffceee30000 - 0x00007ffceee59000 	C:\Program Files\Android\Android Studio\jre\bin\java.dll
0x00007ffceee20000 - 0x00007ffceee2b000 	C:\Program Files\Android\Android Studio\jre\bin\jimage.dll
0x00007ffceee00000 - 0x00007ffceee18000 	C:\Program Files\Android\Android Studio\jre\bin\zip.dll
0x00007ffd01560000 - 0x00007ffd01d18000 	C:\WINDOWS\System32\SHELL32.dll
0x00007ffcfe660000 - 0x00007ffcfeec7000 	C:\WINDOWS\SYSTEM32\windows.storage.dll
0x00007ffd02960000 - 0x00007ffd02cd9000 	C:\WINDOWS\System32\combase.dll
0x00007ffcfe4f0000 - 0x00007ffcfe656000 	C:\WINDOWS\SYSTEM32\wintypes.dll
0x00007ffd01e40000 - 0x00007ffd01f2a000 	C:\WINDOWS\System32\SHCORE.dll
0x00007ffd01f50000 - 0x00007ffd01fad000 	C:\WINDOWS\System32\shlwapi.dll
0x00007ffd00ae0000 - 0x00007ffd00b01000 	C:\WINDOWS\SYSTEM32\profapi.dll
0x00007ffceede0000 - 0x00007ffceedfa000 	C:\Program Files\Android\Android Studio\jre\bin\net.dll
0x00007ffcfb860000 - 0x00007ffcfb96c000 	C:\WINDOWS\SYSTEM32\WINHTTP.dll
0x00007ffcffbe0000 - 0x00007ffcffc47000 	C:\WINDOWS\system32\mswsock.dll
0x00007ffced7f0000 - 0x00007ffced804000 	C:\Program Files\Android\Android Studio\jre\bin\nio.dll
0x00007ffcde450000 - 0x00007ffcde477000 	C:\Users\ASUS\.gradle\native\e1d6ef7f7dcc3fd88c89a11ec53ec762bb8ba0a96d01ffa2cd45eb1d1d8dd5c5\windows-amd64\native-platform.dll
0x00007ffcc0a10000 - 0x00007ffcc0b54000 	C:\Users\ASUS\.gradle\native\5664cfc778a61ccfe75a443a1ab52a65af34e5dc3c78e0209fed803814484fcb\windows-amd64\native-platform-file-events.dll
0x00007ffceedd0000 - 0x00007ffceedda000 	C:\Program Files\Android\Android Studio\jre\bin\management.dll
0x00007ffced6b0000 - 0x00007ffced6bd000 	C:\Program Files\Android\Android Studio\jre\bin\management_ext.dll
0x00007ffd00860000 - 0x00007ffd00878000 	C:\WINDOWS\SYSTEM32\CRYPTSP.dll
0x00007ffcff550000 - 0x00007ffcff585000 	C:\WINDOWS\system32\rsaenh.dll
0x00007ffcffd10000 - 0x00007ffcffd39000 	C:\WINDOWS\SYSTEM32\USERENV.dll
0x00007ffd00300000 - 0x00007ffd00327000 	C:\WINDOWS\SYSTEM32\bcrypt.dll
0x00007ffcffb90000 - 0x00007ffcffb9c000 	C:\WINDOWS\SYSTEM32\CRYPTBASE.dll
0x00007ffcff160000 - 0x00007ffcff18d000 	C:\WINDOWS\SYSTEM32\IPHLPAPI.DLL
0x00007ffd03020000 - 0x00007ffd03029000 	C:\WINDOWS\System32\NSI.dll
0x00007ffcfaff0000 - 0x00007ffcfb009000 	C:\WINDOWS\SYSTEM32\dhcpcsvc6.DLL
0x00007ffcfb280000 - 0x00007ffcfb29e000 	C:\WINDOWS\SYSTEM32\dhcpcsvc.DLL
0x00007ffcff190000 - 0x00007ffcff278000 	C:\WINDOWS\SYSTEM32\DNSAPI.dll
0x00007ffd004c0000 - 0x00007ffd004f4000 	C:\WINDOWS\SYSTEM32\ntmarta.dll

dbghelp: loaded successfully - version: 4.0.5 - missing functions: none
symbol engine: initialized successfully - sym options: 0x614 - pdb path: .;C:\Program Files\Android\Android Studio\jre\bin;C:\WINDOWS\SYSTEM32;C:\WINDOWS\WinSxS\amd64_microsoft.windows.common-controls_6595b64144ccf1df_6.0.22000.120_none_9d947278b86cc467;C:\Program Files\Android\Android Studio\jre\bin\server;C:\Users\ASUS\.gradle\native\e1d6ef7f7dcc3fd88c89a11ec53ec762bb8ba0a96d01ffa2cd45eb1d1d8dd5c5\windows-amd64;C:\Users\ASUS\.gradle\native\5664cfc778a61ccfe75a443a1ab52a65af34e5dc3c78e0209fed803814484fcb\windows-amd64

VM Arguments:
jvm_args: --add-opens=java.base/java.util=ALL-UNNAMED --add-opens=java.base/java.lang=ALL-UNNAMED --add-opens=java.base/java.lang.invoke=ALL-UNNAMED --add-opens=java.base/java.util=ALL-UNNAMED --add-opens=java.prefs/java.util.prefs=ALL-UNNAMED --add-opens=java.prefs/java.util.prefs=ALL-UNNAMED --add-opens=java.base/java.nio.charset=ALL-UNNAMED --add-opens=java.base/java.net=ALL-UNNAMED --add-opens=java.base/java.util.concurrent.atomic=ALL-UNNAMED -Xmx2048m -Dfile.encoding=UTF-8 -Duser.country=US -Duser.language=en -Duser.variant 
java_command: org.gradle.launcher.daemon.bootstrap.GradleDaemon 7.2
java_class_path (initial): C:\Users\ASUS\.gradle\wrapper\dists\gradle-7.2-bin\2dnblmf4td7x66yl1d74lt32g\gradle-7.2\lib\gradle-launcher-7.2.jar
Launcher Type: SUN_STANDARD

[Global flags]
     intx CICompilerCount                          = 4                                         {product} {ergonomic}
     uint ConcGCThreads                            = 2                                         {product} {ergonomic}
     uint G1ConcRefinementThreads                  = 8                                         {product} {ergonomic}
   size_t G1HeapRegionSize                         = 1048576                                   {product} {ergonomic}
    uintx GCDrainStackTargetSize                   = 64                                        {product} {ergonomic}
   size_t InitialHeapSize                          = 134217728                                 {product} {ergonomic}
   size_t MarkStackSize                            = 4194304                                   {product} {ergonomic}
   size_t MaxHeapSize                              = 2147483648                                {product} {command line}
   size_t MaxNewSize                               = 1287651328                                {product} {ergonomic}
   size_t MinHeapDeltaBytes                        = 1048576                                   {product} {ergonomic}
    uintx NonNMethodCodeHeapSize                   = 5836300                                {pd product} {ergonomic}
    uintx NonProfiledCodeHeapSize                  = 122910970                              {pd product} {ergonomic}
    uintx ProfiledCodeHeapSize                     = 122910970                              {pd product} {ergonomic}
    uintx ReservedCodeCacheSize                    = 251658240                              {pd product} {ergonomic}
     bool SegmentedCodeCache                       = true                                      {product} {ergonomic}
     bool UseCompressedClassPointers               = true                                 {lp64_product} {ergonomic}
     bool UseCompressedOops                        = true                                 {lp64_product} {ergonomic}
     bool UseG1GC                                  = true                                      {product} {ergonomic}
     bool UseLargePagesIndividualAllocation        = false                                  {pd product} {ergonomic}

Logging:
Log output configuration:
 #0: stdout all=warning uptime,level,tags
 #1: stderr all=off uptime,level,tags

Environment Variables:
PATH=C:\Program Files\Common Files\Oracle\Java\javapath;C:\ProgramData\Oracle\Java\javapath;C:\Program Files (x86)\Intel\iCLS Client\;C:\Program Files\Intel\iCLS Client\;C:\Windows\system32;C:\Windows;C:\Windows\System32\Wbem;C:\Windows\System32\WindowsPowerShell\v1.0\;C:\Windows\System32\OpenSSH\;C:\Program Files (x86)\Intel\Intel(R) Management Engine Components\DAL;C:\Program Files\Intel\Intel(R) Management Engine Components\DAL;C:\Program Files (x86)\Intel\Intel(R) Management Engine Components\IPT;C:\Program Files\Intel\Intel(R) Management Engine Components\IPT;C:\Program Files (x86)\NVIDIA Corporation\PhysX\Common;C:\Program Files\Intel\WiFi\bin\;C:\Program Files\Common Files\Intel\WirelessCommon\;C:\Program Files\Java\jdk-12.0.1\bin;C:\Program Files\dotnet\;C:\WINDOWS\system32;C:\WINDOWS;C:\WINDOWS\System32\Wbem;C:\WINDOWS\System32\WindowsPowerShell\v1.0\;C:\WINDOWS\System32\OpenSSH\;C:\Program Files (x86)\GtkSharp\2.12\bin;C:\Program Files\nodejs\;C:\Program Files\Dart\dart-sdk\bin;C:\Program Files\Java\jdk-17\bin;C:\MinGW\bin;C:\Program Files\Git\cmd;C:\Program Files\PowerShell\7\;C:\xampp\php;C:\ProgramData\ComposerSetup\bin;C:\Program Files (x86)\dotnet\;C:\Program Files\Common Files\Oracle\Java\javapath;C:\ProgramData\Oracle\Java\javapath;C:\Program Files (x86)\Intel\iCLS Client\;C:\Program Files\Intel\iCLS Client\;C:\Windows\system32;C:\Windows;C:\Windows\System32\Wbem;C:\Windows\System32\WindowsPowerShell\v1.0\;C:\Windows\System32\OpenSSH\;C:\Program Files (x86)\Intel\Intel(R) Management Engine Components\DAL;C:\Program Files\Intel\Intel(R) Management Engine Components\DAL;C:\Program Files (x86)\Intel\Intel(R) Management Engine Components\IPT;C:\Program Files\Intel\Intel(R) Management Engine Components\IPT;C:\Program Files (x86)\NVIDIA Corporation\PhysX\Common;C:\Program Files\Intel\WiFi\bin\;C:\Program Files\Common Files\Intel\WirelessCommon\;C:\Program Files\Java\jdk-12.0.1\bin;C:\Program Files\dotnet\;C:\WINDOWS\system32;C:\WINDOWS;C:\WINDOWS\System32\Wb
USERNAME=ASUS
OS=Windows_NT
PROCESSOR_IDENTIFIER=Intel64 Family 6 Model 142 Stepping 10, GenuineIntel



---------------  S Y S T E M  ---------------

OS: Windows 10 , 64 bit Build 22000 (10.0.22000.708)
OS uptime: 0 days 14:20 hours

CPU:total 8 (initial active 8) (4 cores per cpu, 2 threads per core) family 6 model 142 stepping 10 microcode 0xe0, cmov, cx8, fxsr, mmx, sse, sse2, sse3, ssse3, sse4.1, sse4.2, popcnt, avx, avx2, aes, clmul, erms, 3dnowpref, lzcnt, ht, tsc, tscinvbit, bmi1, bmi2, adx, fma

Memory: 4k page, system-wide physical 8074M (276M free)
TotalPageFile size 12170M (AvailPageFile size 2M)
current process WorkingSet (physical memory assigned to process): 453M, peak: 454M
current process commit charge ("private bytes"): 492M, peak: 493M

vm_info: OpenJDK 64-Bit Server VM (11.0.11+9-b60-7590822) for windows-amd64 JRE (11.0.11+9-b60-7590822), built on Jul 29 2021 21:43:44 by "builder" with MS VC++ 14.0 (VS2015)

END.
